TN:
SF:D:\Edward\GitHub\CardGame\CDFrontend\card_front\src\components\Breadcrumb\index.vue
FN:16,(anonymous_1)
FN:22,(anonymous_2)
FN:30,(anonymous_3)
FN:34,(anonymous_4)
FN:36,(anonymous_5)
FN:43,(anonymous_6)
FN:45,(anonymous_7)
FN:52,(anonymous_8)
FN:58,(anonymous_9)
FNF:9
FNH:0
FNDA:0,(anonymous_1)
FNDA:0,(anonymous_2)
FNDA:0,(anonymous_3)
FNDA:0,(anonymous_4)
FNDA:0,(anonymous_5)
FNDA:0,(anonymous_6)
FNDA:0,(anonymous_7)
FNDA:0,(anonymous_8)
FNDA:0,(anonymous_9)
DA:13,0
DA:17,0
DA:24,0
DA:25,0
DA:27,0
DA:31,0
DA:36,0
DA:37,0
DA:39,0
DA:40,0
DA:43,0
DA:46,0
DA:47,0
DA:48,0
DA:50,0
DA:54,0
DA:55,0
DA:56,0
DA:59,0
DA:60,0
DA:61,0
DA:62,0
DA:64,0
LF:23
LH:0
BRDA:24,0,0,0
BRDA:24,0,1,0
BRDA:36,1,0,0
BRDA:36,1,1,0
BRDA:39,2,0,0
BRDA:39,2,1,0
BRDA:43,3,0,0
BRDA:43,3,1,0
BRDA:43,3,2,0
BRDA:46,4,0,0
BRDA:46,4,1,0
BRDA:47,5,0,0
BRDA:47,5,1,0
BRDA:60,6,0,0
BRDA:60,6,1,0
BRF:15
BRH:0
end_of_record
TN:
SF:D:\Edward\GitHub\CardGame\CDFrontend\card_front\src\components\Charts\Keyboard.vue
FN:29,(anonymous_1)
FN:34,(anonymous_2)
FN:37,(anonymous_3)
FN:45,(anonymous_4)
FN:145,(anonymous_5)
FN:148,(anonymous_6)
FNF:6
FNH:0
FNDA:0,(anonymous_1)
FNDA:0,(anonymous_2)
FNDA:0,(anonymous_3)
FNDA:0,(anonymous_4)
FNDA:0,(anonymous_5)
FNDA:0,(anonymous_6)
DA:6,0
DA:7,0
DA:30,0
DA:35,0
DA:38,0
DA:39,0
DA:41,0
DA:42,0
DA:46,0
DA:48,0
DA:49,0
DA:50,0
DA:51,0
DA:52,0
DA:53,0
DA:54,0
DA:56,0
DA:146,0
DA:149,0
LF:19
LH:0
BRDA:38,0,0,0
BRDA:38,0,1,0
BRF:2
BRH:0
end_of_record
TN:
SF:D:\Edward\GitHub\CardGame\CDFrontend\card_front\src\components\Charts\LineMarker.vue
FN:29,(anonymous_1)
FN:34,(anonymous_2)
FN:37,(anonymous_3)
FN:45,(anonymous_4)
FNF:4
FNH:0
FNDA:0,(anonymous_1)
FNDA:0,(anonymous_2)
FNDA:0,(anonymous_3)
FNDA:0,(anonymous_4)
DA:6,0
DA:7,0
DA:30,0
DA:35,0
DA:38,0
DA:39,0
DA:41,0
DA:42,0
DA:46,0
DA:48,0
LF:10
LH:0
BRDA:38,0,0,0
BRDA:38,0,1,0
BRF:2
BRH:0
end_of_record
TN:
SF:D:\Edward\GitHub\CardGame\CDFrontend\card_front\src\components\Charts\MixChart.vue
FN:29,(anonymous_1)
FN:34,(anonymous_2)
FN:37,(anonymous_3)
FN:45,(anonymous_4)
FN:47,(anonymous_5)
FN:179,(anonymous_6)
FN:212,(anonymous_7)
FN:245,(anonymous_8)
FNF:8
FNH:0
FNDA:0,(anonymous_1)
FNDA:0,(anonymous_2)
FNDA:0,(anonymous_3)
FNDA:0,(anonymous_4)
FNDA:0,(anonymous_5)
FNDA:0,(anonymous_6)
FNDA:0,(anonymous_7)
FNDA:0,(anonymous_8)
DA:6,0
DA:7,0
DA:30,0
DA:35,0
DA:38,0
DA:39,0
DA:41,0
DA:42,0
DA:46,0
DA:47,0
DA:48,0
DA:49,0
DA:50,0
DA:52,0
DA:54,0
DA:180,0
DA:213,0
DA:246,0
LF:18
LH:0
BRDA:38,0,0,0
BRDA:38,0,1,0
BRDA:180,1,0,0
BRDA:180,1,1,0
BRDA:213,2,0,0
BRDA:213,2,1,0
BRDA:246,3,0,0
BRDA:246,3,1,0
BRF:8
BRH:0
end_of_record
TN:
SF:D:\Edward\GitHub\CardGame\CDFrontend\card_front\src\components\Charts\mixins\resize.js
FN:4,(anonymous_0)
FN:10,(anonymous_1)
FN:13,(anonymous_2)
FN:22,(anonymous_3)
FN:25,(anonymous_4)
FN:31,(anonymous_5)
FN:36,(anonymous_6)
FN:37,(anonymous_7)
FN:45,(anonymous_8)
FN:51,(anonymous_9)
FNF:10
FNH:0
FNDA:0,(anonymous_0)
FNDA:0,(anonymous_1)
FNDA:0,(anonymous_2)
FNDA:0,(anonymous_3)
FNDA:0,(anonymous_4)
FNDA:0,(anonymous_5)
FNDA:0,(anonymous_6)
FNDA:0,(anonymous_7)
FNDA:0,(anonymous_8)
FNDA:0,(anonymous_9)
DA:5,0
DA:11,0
DA:14,0
DA:16,0
DA:20,0
DA:23,0
DA:26,0
DA:32,0
DA:33,0
DA:37,0
DA:38,0
DA:40,0
DA:42,0
DA:43,0
DA:46,0
DA:47,0
DA:49,0
DA:52,0
DA:53,0
LF:19
LH:0
BRDA:14,0,0,0
BRDA:14,0,1,0
BRDA:32,1,0,0
BRDA:32,1,1,0
BRDA:43,2,0,0
BRDA:43,2,1,0
BRDA:49,3,0,0
BRDA:49,3,1,0
BRDA:53,4,0,0
BRDA:53,4,1,0
BRF:10
BRH:0
end_of_record
TN:
SF:D:\Edward\GitHub\CardGame\CDFrontend\card_front\src\components\ErrorLog\index.vue
FN:52,(anonymous_1)
FN:58,(anonymous_2)
FN:63,(anonymous_3)
FNF:3
FNH:0
FNDA:0,(anonymous_1)
FNDA:0,(anonymous_2)
FNDA:0,(anonymous_3)
DA:53,0
DA:59,0
DA:64,0
DA:65,0
LF:4
LH:0
BRF:0
BRH:0
end_of_record
TN:
SF:D:\Edward\GitHub\CardGame\CDFrontend\card_front\src\components\Hamburger\index.vue
FN:26,(anonymous_1)
FNF:1
FNH:0
FNDA:0,(anonymous_1)
DA:27,0
LF:1
LH:0
BRF:0
BRH:0
end_of_record
TN:
SF:D:\Edward\GitHub\CardGame\CDFrontend\card_front\src\components\HeaderSearch\index.vue
FN:28,(anonymous_1)
FN:38,(anonymous_2)
FN:43,(anonymous_3)
FN:46,(anonymous_4)
FN:49,(anonymous_5)
FN:57,(anonymous_6)
FN:61,(anonymous_7)
FN:67,(anonymous_8)
FN:72,(anonymous_9)
FN:76,(anonymous_10)
FN:80,(anonymous_11)
FN:99,(anonymous_12)
FN:131,(anonymous_13)
FNF:13
FNH:0
FNDA:0,(anonymous_1)
FNDA:0,(anonymous_2)
FNDA:0,(anonymous_3)
FNDA:0,(anonymous_4)
FNDA:0,(anonymous_5)
FNDA:0,(anonymous_6)
FNDA:0,(anonymous_7)
FNDA:0,(anonymous_8)
FNDA:0,(anonymous_9)
FNDA:0,(anonymous_10)
FNDA:0,(anonymous_11)
FNDA:0,(anonymous_12)
FNDA:0,(anonymous_13)
DA:23,0
DA:24,0
DA:29,0
DA:39,0
DA:44,0
DA:47,0
DA:50,0
DA:51,0
DA:53,0
DA:58,0
DA:62,0
DA:63,0
DA:64,0
DA:68,0
DA:69,0
DA:70,0
DA:73,0
DA:74,0
DA:75,0
DA:76,0
DA:77,0
DA:81,0
DA:100,0
DA:102,0
DA:104,0
DA:106,0
DA:111,0
DA:112,0
DA:114,0
DA:117,0
DA:122,0
DA:123,0
DA:124,0
DA:125,0
DA:129,0
DA:132,0
DA:133,0
DA:135,0
LF:38
LH:0
BRDA:50,0,0,0
BRDA:50,0,1,0
BRDA:63,1,0,0
BRDA:63,1,1,0
BRDA:64,2,0,0
BRDA:64,2,1,0
BRDA:68,3,0,0
BRDA:68,3,1,0
BRDA:99,4,0,0
BRDA:104,5,0,0
BRDA:104,5,1,0
BRDA:111,6,0,0
BRDA:111,6,1,0
BRDA:111,7,0,0
BRDA:111,7,1,0
BRDA:114,8,0,0
BRDA:114,8,1,0
BRDA:122,9,0,0
BRDA:122,9,1,0
BRDA:124,10,0,0
BRDA:124,10,1,0
BRDA:132,11,0,0
BRDA:132,11,1,0
BRF:23
BRH:0
end_of_record
TN:
SF:D:\Edward\GitHub\CardGame\CDFrontend\card_front\src\components\MDinput\index.vue
FN:147,(anonymous_1)
FN:155,(anonymous_2)
FN:164,(anonymous_3)
FN:169,(anonymous_4)
FN:179,(anonymous_5)
FN:186,(anonymous_6)
FNF:6
FNH:2
FNDA:1,(anonymous_1)
FNDA:1,(anonymous_2)
FNDA:0,(anonymous_3)
FNDA:0,(anonymous_4)
FNDA:0,(anonymous_5)
FNDA:0,(anonymous_6)
DA:148,1
DA:156,1
DA:165,0
DA:170,0
DA:171,0
DA:172,0
DA:173,0
DA:174,0
DA:177,0
DA:180,0
DA:181,0
DA:182,0
DA:183,0
DA:187,0
DA:188,0
DA:189,0
DA:190,0
DA:191,0
DA:192,0
LF:19
LH:2
BRDA:159,0,0,1
BRDA:159,0,1,1
BRDA:172,1,0,0
BRDA:172,1,1,0
BRDA:173,2,0,0
BRDA:173,2,1,0
BRDA:182,3,0,0
BRDA:182,3,1,0
BRDA:182,4,0,0
BRDA:182,4,1,0
BRDA:190,5,0,0
BRDA:190,5,1,0
BRDA:191,6,0,0
BRDA:191,6,1,0
BRF:14
BRH:2
end_of_record
TN:
SF:D:\Edward\GitHub\CardGame\CDFrontend\card_front\src\components\Pagination\index.vue
FN:37,(anonymous_1)
FN:60,(anonymous_2)
FN:63,(anonymous_3)
FN:68,(anonymous_4)
FN:71,(anonymous_5)
FN:77,(anonymous_6)
FN:83,(anonymous_7)
FNF:7
FNH:0
FNDA:0,(anonymous_1)
FNDA:0,(anonymous_2)
FNDA:0,(anonymous_3)
FNDA:0,(anonymous_4)
FNDA:0,(anonymous_5)
FNDA:0,(anonymous_6)
FNDA:0,(anonymous_7)
DA:18,13
DA:38,0
DA:61,0
DA:64,0
DA:69,0
DA:72,0
DA:78,0
DA:79,0
DA:80,0
DA:84,0
DA:85,0
DA:86,0
LF:12
LH:1
BRDA:79,0,0,0
BRDA:79,0,1,0
BRDA:85,1,0,0
BRDA:85,1,1,0
BRF:4
BRH:0
end_of_record
TN:
SF:D:\Edward\GitHub\CardGame\CDFrontend\card_front\src\components\RightPanel\index.vue
FN:30,(anonymous_1)
FN:36,(anonymous_2)
FN:41,(anonymous_3)
FN:52,(anonymous_4)
FN:55,(anonymous_5)
FN:60,(anonymous_6)
FN:63,(anonymous_7)
FN:70,(anonymous_8)
FNF:8
FNH:0
FNDA:0,(anonymous_1)
FNDA:0,(anonymous_2)
FNDA:0,(anonymous_3)
FNDA:0,(anonymous_4)
FNDA:0,(anonymous_5)
FNDA:0,(anonymous_6)
FNDA:0,(anonymous_7)
FNDA:0,(anonymous_8)
DA:16,0
DA:31,0
DA:37,0
DA:42,0
DA:43,0
DA:45,0
DA:46,0
DA:48,0
DA:53,0
DA:56,0
DA:57,0
DA:61,0
DA:64,0
DA:65,0
DA:66,0
DA:67,0
DA:71,0
DA:72,0
DA:73,0
LF:19
LH:0
BRDA:42,0,0,0
BRDA:42,0,1,0
BRDA:42,1,0,0
BRDA:42,1,1,0
BRDA:45,2,0,0
BRDA:45,2,1,0
BRDA:65,3,0,0
BRDA:65,3,1,0
BRF:8
BRH:0
end_of_record
TN:
SF:D:\Edward\GitHub\CardGame\CDFrontend\card_front\src\components\Screenfull\index.vue
FN:12,(anonymous_1)
FN:17,(anonymous_2)
FN:20,(anonymous_3)
FN:24,(anonymous_4)
FN:34,(anonymous_5)
FN:37,(anonymous_6)
FN:42,(anonymous_7)
FNF:7
FNH:0
FNDA:0,(anonymous_1)
FNDA:0,(anonymous_2)
FNDA:0,(anonymous_3)
FNDA:0,(anonymous_4)
FNDA:0,(anonymous_5)
FNDA:0,(anonymous_6)
FNDA:0,(anonymous_7)
DA:8,0
DA:13,0
DA:18,0
DA:21,0
DA:25,0
DA:26,0
DA:30,0
DA:32,0
DA:35,0
DA:38,0
DA:39,0
DA:43,0
DA:44,0
LF:13
LH:0
BRDA:25,0,0,0
BRDA:25,0,1,0
BRDA:38,1,0,0
BRDA:38,1,1,0
BRDA:43,2,0,0
BRDA:43,2,1,0
BRF:6
BRH:0
end_of_record
TN:
SF:D:\Edward\GitHub\CardGame\CDFrontend\card_front\src\components\Share\DropdownMenu.vue
FN:18,(anonymous_1)
FN:27,(anonymous_2)
FN:33,(anonymous_3)
FNF:3
FNH:0
FNDA:0,(anonymous_1)
FNDA:0,(anonymous_2)
FNDA:0,(anonymous_3)
DA:19,0
DA:28,0
DA:34,0
LF:3
LH:0
BRF:0
BRH:0
end_of_record
TN:
SF:D:\Edward\GitHub\CardGame\CDFrontend\card_front\src\components\SizeSelect\index.vue
FN:17,(anonymous_1)
FN:28,(anonymous_2)
FN:33,(anonymous_3)
FN:42,(anonymous_4)
FN:48,(anonymous_5)
FNF:5
FNH:0
FNDA:0,(anonymous_1)
FNDA:0,(anonymous_2)
FNDA:0,(anonymous_3)
FNDA:0,(anonymous_4)
FNDA:0,(anonymous_5)
DA:18,0
DA:29,0
DA:34,0
DA:35,0
DA:36,0
DA:37,0
DA:44,0
DA:46,0
DA:48,0
DA:49,0
LF:10
LH:0
BRF:0
BRH:0
end_of_record
TN:
SF:D:\Edward\GitHub\CardGame\CDFrontend\card_front\src\components\Sticky\index.vue
FN:31,(anonymous_1)
FN:40,(anonymous_2)
FN:45,(anonymous_3)
FN:48,(anonymous_4)
FN:53,(anonymous_5)
FN:62,(anonymous_6)
FN:68,(anonymous_7)
FN:74,(anonymous_8)
FN:84,(anonymous_9)
FNF:9
FNH:2
FNDA:1,(anonymous_1)
FNDA:1,(anonymous_2)
FNDA:0,(anonymous_3)
FNDA:0,(anonymous_4)
FNDA:0,(anonymous_5)
FNDA:0,(anonymous_6)
FNDA:0,(anonymous_7)
FNDA:0,(anonymous_8)
FNDA:0,(anonymous_9)
DA:32,1
DA:41,1
DA:42,1
DA:43,1
DA:46,0
DA:49,0
DA:50,0
DA:54,0
DA:55,0
DA:57,0
DA:58,0
DA:59,0
DA:60,0
DA:63,0
DA:64,0
DA:66,0
DA:69,0
DA:70,0
DA:71,0
DA:72,0
DA:75,0
DA:76,0
DA:77,0
DA:78,0
DA:79,0
DA:80,0
DA:82,0
DA:85,0
DA:86,0
LF:29
LH:4
BRDA:54,0,0,0
BRDA:54,0,1,0
BRDA:63,1,0,0
BRDA:63,1,1,0
BRDA:76,2,0,0
BRDA:76,2,1,0
BRDA:78,3,0,0
BRDA:78,3,1,0
BRDA:85,4,0,0
BRDA:85,4,1,0
BRF:10
BRH:0
end_of_record
TN:
SF:D:\Edward\GitHub\CardGame\CDFrontend\card_front\src\components\SvgIcon\index.vue
FN:25,(anonymous_1)
FN:28,(anonymous_2)
FN:31,(anonymous_3)
FN:38,(anonymous_4)
FNF:4
FNH:0
FNDA:0,(anonymous_1)
FNDA:0,(anonymous_2)
FNDA:0,(anonymous_3)
FNDA:0,(anonymous_4)
DA:10,0
DA:26,0
DA:29,0
DA:32,0
DA:33,0
DA:35,0
DA:39,0
LF:7
LH:0
BRDA:32,0,0,0
BRDA:32,0,1,0
BRF:2
BRH:0
end_of_record
TN:
SF:D:\Edward\GitHub\CardGame\CDFrontend\card_front\src\components\ThemePicker\index.vue
FN:15,(anonymous_1)
FN:22,(anonymous_2)
FN:28,(anonymous_3)
FN:33,(anonymous_4)
FN:48,(anonymous_5)
FN:49,(anonymous_6)
FN:72,(anonymous_7)
FN:77,(anonymous_8)
FN:90,(anonymous_9)
FN:92,(anonymous_10)
FN:98,(anonymous_11)
FN:99,(anonymous_12)
FN:101,(anonymous_13)
FN:112,(anonymous_14)
FN:113,(anonymous_15)
FN:133,(anonymous_16)
FNF:16
FNH:0
FNDA:0,(anonymous_1)
FNDA:0,(anonymous_2)
FNDA:0,(anonymous_3)
FNDA:0,(anonymous_4)
FNDA:0,(anonymous_5)
FNDA:0,(anonymous_6)
FNDA:0,(anonymous_7)
FNDA:0,(anonymous_8)
FNDA:0,(anonymous_9)
FNDA:0,(anonymous_10)
FNDA:0,(anonymous_11)
FNDA:0,(anonymous_12)
FNDA:0,(anonymous_13)
FNDA:0,(anonymous_14)
FNDA:0,(anonymous_15)
FNDA:0,(anonymous_16)
DA:11,0
DA:12,0
DA:16,0
DA:23,0
DA:29,0
DA:34,0
DA:35,0
DA:36,0
DA:37,0
DA:38,0
DA:40,0
DA:48,0
DA:49,0
DA:50,0
DA:51,0
DA:53,0
DA:54,0
DA:55,0
DA:56,0
DA:57,0
DA:59,0
DA:63,0
DA:64,0
DA:65,0
DA:68,0
DA:70,0
DA:72,0
DA:74,0
DA:75,0
DA:77,0
DA:78,0
DA:79,0
DA:80,0
DA:83,0
DA:85,0
DA:91,0
DA:92,0
DA:93,0
DA:95,0
DA:99,0
DA:100,0
DA:101,0
DA:102,0
DA:103,0
DA:104,0
DA:107,0
DA:108,0
DA:113,0
DA:114,0
DA:115,0
DA:116,0
DA:118,0
DA:119,0
DA:121,0
DA:122,0
DA:123,0
DA:125,0
DA:126,0
DA:127,0
DA:129,0
DA:133,0
DA:134,0
DA:135,0
DA:136,0
DA:138,0
DA:139,0
DA:140,0
DA:142,0
DA:143,0
DA:144,0
DA:146,0
DA:149,0
DA:150,0
DA:151,0
DA:153,0
DA:154,0
LF:76
LH:0
BRDA:34,0,0,0
BRDA:34,0,1,0
BRDA:35,1,0,0
BRDA:35,1,1,0
BRDA:54,2,0,0
BRDA:54,2,1,0
BRDA:63,3,0,0
BRDA:63,3,1,0
BRDA:75,4,0,0
BRDA:75,4,1,0
BRDA:79,5,0,0
BRDA:79,5,1,0
BRDA:102,6,0,0
BRDA:102,6,1,0
BRDA:102,7,0,0
BRDA:102,7,1,0
BRDA:118,8,0,0
BRDA:118,8,1,0
BRF:18
BRH:0
end_of_record
TN:
SF:D:\Edward\GitHub\CardGame\CDFrontend\card_front\src\components\Tinymce\dynamicLoadScript.js
FN:3,loadedTinymce
FN:9,(anonymous_1)
FN:11,(anonymous_2)
FN:31,stdOnEnd
FN:32,(anonymous_4)
FN:41,(anonymous_5)
FN:47,ieOnEnd
FN:48,(anonymous_7)
FNF:8
FNH:2
FNDA:0,loadedTinymce
FNDA:1,(anonymous_1)
FNDA:0,(anonymous_2)
FNDA:1,stdOnEnd
FNDA:0,(anonymous_4)
FNDA:0,(anonymous_5)
FNDA:0,ieOnEnd
FNDA:0,(anonymous_7)
DA:1,2
DA:6,0
DA:9,2
DA:10,1
DA:11,1
DA:13,1
DA:14,1
DA:15,1
DA:16,1
DA:17,1
DA:18,1
DA:19,1
DA:20,1
DA:23,1
DA:24,0
DA:25,0
DA:27,0
DA:32,1
DA:35,0
DA:36,0
DA:37,0
DA:39,0
DA:41,1
DA:42,0
DA:43,0
DA:48,0
DA:49,0
DA:50,0
DA:51,0
DA:52,0
DA:54,0
LF:31
LH:15
BRDA:11,0,0,1
BRDA:11,0,1,0
BRDA:13,1,0,1
BRDA:13,1,1,0
BRDA:19,2,0,1
BRDA:19,2,1,0
BRDA:23,3,0,0
BRDA:23,3,1,1
BRDA:23,4,0,1
BRDA:23,4,1,0
BRDA:24,5,0,0
BRDA:24,5,1,0
BRDA:49,6,0,0
BRDA:49,6,1,0
BRDA:49,7,0,0
BRDA:49,7,1,0
BRF:16
BRH:5
end_of_record
TN:
SF:D:\Edward\GitHub\CardGame\CDFrontend\card_front\src\components\Tinymce\index.vue
FN:29,(anonymous_1)
FN:40,(anonymous_2)
FN:59,(anonymous_3)
FN:74,(anonymous_4)
FN:83,(anonymous_5)
FN:85,(anonymous_6)
FN:90,(anonymous_7)
FN:93,(anonymous_8)
FN:98,(anonymous_9)
FN:101,(anonymous_10)
FN:105,(anonymous_11)
FN:107,(anonymous_12)
FN:115,(anonymous_13)
FN:136,(anonymous_14)
FN:141,(anonymous_15)
FN:146,(anonymous_16)
FN:147,(anonymous_17)
FN:190,(anonymous_18)
FN:200,(anonymous_19)
FN:203,(anonymous_20)
FN:206,(anonymous_21)
FN:207,(anonymous_22)
FNF:22
FNH:6
FNDA:1,(anonymous_1)
FNDA:1,(anonymous_2)
FNDA:1,(anonymous_3)
FNDA:1,(anonymous_4)
FNDA:0,(anonymous_5)
FNDA:0,(anonymous_6)
FNDA:1,(anonymous_7)
FNDA:0,(anonymous_8)
FNDA:0,(anonymous_9)
FNDA:0,(anonymous_10)
FNDA:1,(anonymous_11)
FNDA:0,(anonymous_12)
FNDA:0,(anonymous_13)
FNDA:0,(anonymous_14)
FNDA:0,(anonymous_15)
FNDA:0,(anonymous_16)
FNDA:0,(anonymous_17)
FNDA:0,(anonymous_18)
FNDA:0,(anonymous_19)
FNDA:0,(anonymous_20)
FNDA:0,(anonymous_21)
FNDA:0,(anonymous_22)
DA:15,2
DA:16,2
DA:17,2
DA:18,2
DA:21,2
DA:30,1
DA:41,1
DA:60,1
DA:75,1
DA:76,1
DA:77,0
DA:79,1
DA:84,0
DA:85,0
DA:91,1
DA:94,0
DA:95,0
DA:99,0
DA:102,0
DA:107,1
DA:108,0
DA:109,0
DA:110,0
DA:112,0
DA:116,0
DA:117,0
DA:137,0
DA:138,0
DA:140,0
DA:141,0
DA:142,0
DA:143,0
DA:147,0
DA:148,0
DA:191,0
DA:192,0
DA:193,0
DA:196,0
DA:197,0
DA:201,0
DA:204,0
DA:207,0
LF:42
LH:13
BRDA:76,0,0,0
BRDA:76,0,1,1
BRDA:84,1,0,0
BRDA:84,1,1,0
BRDA:84,2,0,0
BRDA:84,2,1,0
BRDA:85,3,0,0
BRDA:85,3,1,0
BRDA:94,4,0,0
BRDA:94,4,1,0
BRDA:108,5,0,0
BRDA:108,5,1,0
BRDA:123,6,0,0
BRDA:123,6,1,0
BRDA:137,7,0,0
BRDA:137,7,1,0
BRDA:192,8,0,0
BRDA:192,8,1,0
BRDA:196,9,0,0
BRDA:196,9,1,0
BRF:20
BRH:1
end_of_record
TN:
SF:D:\Edward\GitHub\CardGame\CDFrontend\card_front\src\components\Tinymce\plugins.js
FNF:0
FNH:0
DA:5,2
LF:1
LH:1
BRF:0
BRH:0
end_of_record
TN:
SF:D:\Edward\GitHub\CardGame\CDFrontend\card_front\src\components\Tinymce\toolbar.js
FNF:0
FNH:0
DA:4,2
LF:1
LH:1
BRF:0
BRH:0
end_of_record
TN:
SF:D:\Edward\GitHub\CardGame\CDFrontend\card_front\src\components\Tinymce\components\EditorImage.vue
FN:43,(anonymous_1)
FN:51,(anonymous_2)
FN:52,(anonymous_3)
FN:54,(anonymous_4)
FN:55,(anonymous_5)
FN:65,(anonymous_6)
FN:76,(anonymous_7)
FN:86,(anonymous_8)
FN:91,(anonymous_9)
FN:94,(anonymous_10)
FNF:10
FNH:1
FNDA:1,(anonymous_1)
FNDA:0,(anonymous_2)
FNDA:0,(anonymous_3)
FNDA:0,(anonymous_4)
FNDA:0,(anonymous_5)
FNDA:0,(anonymous_6)
FNDA:0,(anonymous_7)
FNDA:0,(anonymous_8)
FNDA:0,(anonymous_9)
FNDA:0,(anonymous_10)
DA:44,1
DA:52,0
DA:55,0
DA:56,0
DA:57,0
DA:58,0
DA:60,0
DA:61,0
DA:62,0
DA:63,0
DA:66,0
DA:67,0
DA:68,0
DA:69,0
DA:70,0
DA:71,0
DA:72,0
DA:77,0
DA:78,0
DA:79,0
DA:80,0
DA:81,0
DA:82,0
DA:87,0
DA:88,0
DA:89,0
DA:90,0
DA:91,0
DA:92,0
DA:93,0
DA:94,0
DA:95,0
DA:97,0
LF:33
LH:1
BRDA:56,0,0,0
BRDA:56,0,1,0
BRDA:69,1,0,0
BRDA:69,1,1,0
BRDA:80,2,0,0
BRDA:80,2,1,0
BRDA:88,3,0,0
BRDA:88,3,1,0
BRF:8
BRH:0
end_of_record
TN:
SF:D:\Edward\GitHub\CardGame\CDFrontend\card_front\src\components\Upload\SingleImage.vue
FN:39,(anonymous_1)
FN:46,(anonymous_2)
FN:51,(anonymous_3)
FN:54,(anonymous_4)
FN:57,(anonymous_5)
FN:60,(anonymous_6)
FN:62,(anonymous_7)
FN:63,(anonymous_8)
FN:70,(anonymous_9)
FNF:9
FNH:0
FNDA:0,(anonymous_1)
FNDA:0,(anonymous_2)
FNDA:0,(anonymous_3)
FNDA:0,(anonymous_4)
FNDA:0,(anonymous_5)
FNDA:0,(anonymous_6)
FNDA:0,(anonymous_7)
FNDA:0,(anonymous_8)
FNDA:0,(anonymous_9)
DA:29,0
DA:40,0
DA:47,0
DA:52,0
DA:55,0
DA:58,0
DA:61,0
DA:62,0
DA:63,0
DA:64,0
DA:65,0
DA:66,0
DA:67,0
DA:68,0
DA:69,0
DA:71,0
DA:72,0
LF:17
LH:0
BRF:0
BRH:0
end_of_record
TN:
SF:D:\Edward\GitHub\CardGame\CDFrontend\card_front\src\components\Upload\SingleImage2.vue
FN:39,(anonymous_1)
FN:46,(anonymous_2)
FN:51,(anonymous_3)
FN:54,(anonymous_4)
FN:57,(anonymous_5)
FN:60,(anonymous_6)
FN:62,(anonymous_7)
FN:63,(anonymous_8)
FN:70,(anonymous_9)
FNF:9
FNH:0
FNDA:0,(anonymous_1)
FNDA:0,(anonymous_2)
FNDA:0,(anonymous_3)
FNDA:0,(anonymous_4)
FNDA:0,(anonymous_5)
FNDA:0,(anonymous_6)
FNDA:0,(anonymous_7)
FNDA:0,(anonymous_8)
FNDA:0,(anonymous_9)
DA:29,0
DA:40,0
DA:47,0
DA:52,0
DA:55,0
DA:58,0
DA:61,0
DA:62,0
DA:63,0
DA:64,0
DA:65,0
DA:66,0
DA:67,0
DA:68,0
DA:69,0
DA:71,0
LF:16
LH:0
BRF:0
BRH:0
end_of_record
TN:
SF:D:\Edward\GitHub\CardGame\CDFrontend\card_front\src\components\Upload\SingleImage3.vue
FN:47,(anonymous_1)
FN:54,(anonymous_2)
FN:59,(anonymous_3)
FN:62,(anonymous_4)
FN:65,(anonymous_5)
FN:68,(anonymous_6)
FN:70,(anonymous_7)
FN:71,(anonymous_8)
FN:78,(anonymous_9)
FNF:9
FNH:0
FNDA:0,(anonymous_1)
FNDA:0,(anonymous_2)
FNDA:0,(anonymous_3)
FNDA:0,(anonymous_4)
FNDA:0,(anonymous_5)
FNDA:0,(anonymous_6)
FNDA:0,(anonymous_7)
FNDA:0,(anonymous_8)
FNDA:0,(anonymous_9)
DA:37,0
DA:48,0
DA:55,0
DA:60,0
DA:63,0
DA:66,0
DA:69,0
DA:70,0
DA:71,0
DA:72,0
DA:73,0
DA:74,0
DA:75,0
DA:76,0
DA:77,0
DA:79,0
DA:80,0
LF:17
LH:0
BRF:0
BRH:0
end_of_record
TN:
SF:D:\Edward\GitHub\CardGame\CDFrontend\card_front\src\components\chart\keyboard.vue
FNF:0
FNH:0
DA:8,0
LF:1
LH:0
BRF:0
BRH:0
end_of_record
TN:
SF:D:\Edward\GitHub\CardGame\CDFrontend\card_front\src\components\chart\line.vue
FNF:0
FNH:0
DA:8,0
LF:1
LH:0
BRF:0
BRH:0
end_of_record
TN:
SF:D:\Edward\GitHub\CardGame\CDFrontend\card_front\src\components\chart\mix-chart.vue
FNF:0
FNH:0
DA:8,0
LF:1
LH:0
BRF:0
BRH:0
end_of_record
TN:
SF:D:\Edward\GitHub\CardGame\CDFrontend\card_front\src\components\edit\ActivityEditPanel.vue
FN:98,(anonymous_1)
FN:99,(anonymous_2)
FN:110,(anonymous_3)
FN:141,(anonymous_4)
FN:145,(anonymous_5)
FN:153,(anonymous_6)
FN:164,(anonymous_7)
FN:168,(anonymous_8)
FN:173,(anonymous_9)
FN:177,(anonymous_10)
FN:182,(anonymous_11)
FN:198,(anonymous_12)
FN:205,(anonymous_13)
FNF:13
FNH:0
FNDA:0,(anonymous_1)
FNDA:0,(anonymous_2)
FNDA:0,(anonymous_3)
FNDA:0,(anonymous_4)
FNDA:0,(anonymous_5)
FNDA:0,(anonymous_6)
FNDA:0,(anonymous_7)
FNDA:0,(anonymous_8)
FNDA:0,(anonymous_9)
FNDA:0,(anonymous_10)
FNDA:0,(anonymous_11)
FNDA:0,(anonymous_12)
FNDA:0,(anonymous_13)
DA:64,0
DA:65,0
DA:66,0
DA:67,0
DA:68,0
DA:69,0
DA:70,0
DA:71,0
DA:72,0
DA:74,0
DA:99,0
DA:100,0
DA:101,0
DA:105,0
DA:107,0
DA:110,0
DA:111,0
DA:112,0
DA:113,0
DA:115,0
DA:119,0
DA:122,0
DA:125,0
DA:142,0
DA:150,0
DA:154,0
DA:156,0
DA:157,0
DA:158,0
DA:159,0
DA:160,0
DA:162,0
DA:165,0
DA:169,0
DA:170,0
DA:171,0
DA:174,0
DA:175,0
DA:178,0
DA:179,0
DA:180,0
DA:183,0
DA:184,0
DA:185,0
DA:186,0
DA:188,0
DA:189,0
DA:190,0
DA:191,0
DA:193,0
DA:196,0
DA:198,0
DA:199,0
DA:201,0
DA:203,0
DA:208,0
LF:56
LH:0
BRDA:100,0,0,0
BRDA:100,0,1,0
BRDA:111,1,0,0
BRDA:111,1,1,0
BRDA:112,2,0,0
BRDA:112,2,1,0
BRDA:157,3,0,0
BRDA:157,3,1,0
BRDA:158,4,0,0
BRDA:158,4,1,0
BRDA:188,5,0,0
BRDA:188,5,1,0
BRDA:190,6,0,0
BRDA:190,6,1,0
BRDA:190,7,0,0
BRDA:190,7,1,0
BRDA:196,8,0,0
BRDA:196,8,1,0
BRDA:199,9,0,0
BRDA:199,9,1,0
BRF:20
BRH:0
end_of_record
TN:
SF:D:\Edward\GitHub\CardGame\CDFrontend\card_front\src\components\edit\ActivityEntityPanel.vue
FN:76,(anonymous_1)
FN:85,(anonymous_2)
FN:119,(anonymous_3)
FN:123,(anonymous_4)
FN:134,(anonymous_5)
FN:137,(anonymous_6)
FN:147,(anonymous_7)
FN:148,(anonymous_8)
FN:158,(anonymous_9)
FN:164,(anonymous_10)
FN:172,(anonymous_11)
FN:176,(anonymous_12)
FN:183,(anonymous_13)
FN:189,(anonymous_14)
FN:197,(anonymous_15)
FNF:15
FNH:9
FNDA:0,(anonymous_1)
FNDA:1,(anonymous_2)
FNDA:1,(anonymous_3)
FNDA:1,(anonymous_4)
FNDA:2,(anonymous_5)
FNDA:1,(anonymous_6)
FNDA:1,(anonymous_7)
FNDA:1,(anonymous_8)
FNDA:0,(anonymous_9)
FNDA:1,(anonymous_10)
FNDA:0,(anonymous_11)
FNDA:0,(anonymous_12)
FNDA:0,(anonymous_13)
FNDA:0,(anonymous_14)
FNDA:4,(anonymous_15)
DA:65,1
DA:66,1
DA:67,1
DA:68,1
DA:69,1
DA:77,0
DA:82,0
DA:86,1
DA:120,1
DA:124,1
DA:126,1
DA:127,7
DA:128,7
DA:129,7
DA:130,7
DA:132,1
DA:135,2
DA:138,1
DA:139,1
DA:140,1
DA:141,1
DA:142,1
DA:143,1
DA:145,1
DA:148,1
DA:150,1
DA:151,1
DA:152,1
DA:153,1
DA:156,0
DA:161,0
DA:165,1
DA:166,1
DA:167,1
DA:173,0
DA:174,0
DA:177,0
DA:181,0
DA:184,0
DA:185,0
DA:186,0
DA:190,0
DA:191,0
DA:193,0
DA:195,0
DA:198,4
DA:199,4
LF:47
LH:32
BRDA:127,0,0,0
BRDA:127,0,1,7
BRDA:128,1,0,7
BRDA:128,1,1,0
BRDA:141,2,0,0
BRDA:141,2,1,1
BRDA:150,3,0,1
BRDA:150,3,1,0
BRDA:185,4,0,0
BRDA:185,4,1,0
BRDA:190,5,0,0
BRDA:190,5,1,0
BRDA:199,6,0,4
BRDA:199,6,1,0
BRF:14
BRH:5
end_of_record
TN:
SF:D:\Edward\GitHub\CardGame\CDFrontend\card_front\src\components\edit\ActivityPanel.vue
FN:16,(anonymous_1)
FN:22,(anonymous_2)
FNF:2
FNH:0
FNDA:0,(anonymous_1)
FNDA:0,(anonymous_2)
DA:10,0
DA:11,0
DA:17,0
DA:23,0
DA:24,0
DA:25,0
LF:6
LH:0
BRDA:24,0,0,0
BRDA:24,0,1,0
BRF:2
BRH:0
end_of_record
TN:
SF:D:\Edward\GitHub\CardGame\CDFrontend\card_front\src\components\edit\ActivityUpdatePanel.vue
FN:109,(anonymous_1)
FN:110,(anonymous_2)
FN:142,(anonymous_3)
FN:148,(anonymous_4)
FN:158,(anonymous_5)
FN:163,(anonymous_6)
FN:177,(anonymous_7)
FN:185,(anonymous_8)
FN:190,(anonymous_9)
FN:195,(anonymous_10)
FN:202,(anonymous_11)
FN:209,(anonymous_12)
FN:213,(anonymous_13)
FN:220,(anonymous_14)
FN:227,(anonymous_15)
FN:245,(anonymous_16)
FN:253,(anonymous_17)
FN:260,(anonymous_18)
FN:271,(anonymous_19)
FN:278,(anonymous_20)
FN:283,(anonymous_21)
FNF:21
FNH:9
FNDA:1,(anonymous_1)
FNDA:0,(anonymous_2)
FNDA:0,(anonymous_3)
FNDA:0,(anonymous_4)
FNDA:0,(anonymous_5)
FNDA:1,(anonymous_6)
FNDA:0,(anonymous_7)
FNDA:0,(anonymous_8)
FNDA:1,(anonymous_9)
FNDA:1,(anonymous_10)
FNDA:0,(anonymous_11)
FNDA:1,(anonymous_12)
FNDA:1,(anonymous_13)
FNDA:0,(anonymous_14)
FNDA:3,(anonymous_15)
FNDA:3,(anonymous_16)
FNDA:0,(anonymous_17)
FNDA:0,(anonymous_18)
FNDA:5,(anonymous_19)
FNDA:0,(anonymous_20)
FNDA:0,(anonymous_21)
DA:82,2
DA:83,2
DA:84,2
DA:85,2
DA:86,2
DA:87,2
DA:88,2
DA:90,2
DA:110,1
DA:111,0
DA:112,0
DA:116,0
DA:118,0
DA:122,1
DA:143,0
DA:150,0
DA:151,0
DA:152,0
DA:153,0
DA:154,0
DA:159,0
DA:160,0
DA:168,1
DA:169,1
DA:170,1
DA:171,1
DA:172,1
DA:174,1
DA:178,0
DA:180,0
DA:182,0
DA:183,0
DA:185,0
DA:187,0
DA:191,1
DA:192,1
DA:193,1
DA:194,1
DA:195,1
DA:197,1
DA:198,1
DA:200,0
DA:205,0
DA:210,1
DA:211,1
DA:212,1
DA:213,1
DA:214,1
DA:215,1
DA:216,1
DA:218,0
DA:223,0
DA:228,3
DA:229,3
DA:230,3
DA:231,3
DA:232,3
DA:233,3
DA:235,3
DA:236,3
DA:237,0
DA:238,0
DA:240,0
DA:243,3
DA:245,3
DA:246,3
DA:248,3
DA:251,0
DA:256,0
DA:261,0
DA:263,0
DA:264,0
DA:265,0
DA:266,0
DA:267,0
DA:269,0
DA:272,5
DA:279,0
DA:280,0
DA:281,0
DA:284,0
DA:285,0
LF:82
LH:43
BRDA:111,0,0,0
BRDA:111,0,1,0
BRDA:197,1,0,1
BRDA:197,1,1,0
BRDA:214,2,0,1
BRDA:214,2,1,0
BRDA:231,3,0,0
BRDA:231,3,1,3
BRDA:232,4,0,0
BRDA:232,4,1,3
BRDA:233,5,0,0
BRDA:233,5,1,3
BRDA:235,6,0,3
BRDA:235,6,1,0
BRDA:237,7,0,0
BRDA:237,7,1,0
BRDA:237,8,0,0
BRDA:237,8,1,0
BRDA:243,9,0,0
BRDA:243,9,1,3
BRDA:246,10,0,3
BRDA:246,10,1,0
BRDA:264,11,0,0
BRDA:264,11,1,0
BRDA:265,12,0,0
BRDA:265,12,1,0
BRF:26
BRH:8
end_of_record
TN:
SF:D:\Edward\GitHub\CardGame\CDFrontend\card_front\src\components\edit\MailEditPanel.vue
FN:70,(anonymous_1)
FN:71,(anonymous_2)
FN:82,(anonymous_3)
FN:111,(anonymous_4)
FN:115,(anonymous_5)
FN:123,(anonymous_6)
FN:134,(anonymous_7)
FN:138,(anonymous_8)
FN:143,(anonymous_9)
FN:147,(anonymous_10)
FN:151,(anonymous_11)
FN:157,(anonymous_12)
FN:164,(anonymous_13)
FNF:13
FNH:0
FNDA:0,(anonymous_1)
FNDA:0,(anonymous_2)
FNDA:0,(anonymous_3)
FNDA:0,(anonymous_4)
FNDA:0,(anonymous_5)
FNDA:0,(anonymous_6)
FNDA:0,(anonymous_7)
FNDA:0,(anonymous_8)
FNDA:0,(anonymous_9)
FNDA:0,(anonymous_10)
FNDA:0,(anonymous_11)
FNDA:0,(anonymous_12)
FNDA:0,(anonymous_13)
DA:38,0
DA:39,0
DA:40,0
DA:41,0
DA:42,0
DA:43,0
DA:44,0
DA:45,0
DA:46,0
DA:48,0
DA:71,0
DA:72,0
DA:73,0
DA:77,0
DA:79,0
DA:82,0
DA:83,0
DA:84,0
DA:85,0
DA:87,0
DA:91,0
DA:94,0
DA:97,0
DA:112,0
DA:120,0
DA:124,0
DA:126,0
DA:127,0
DA:128,0
DA:129,0
DA:130,0
DA:132,0
DA:135,0
DA:139,0
DA:140,0
DA:141,0
DA:144,0
DA:145,0
DA:148,0
DA:149,0
DA:152,0
DA:153,0
DA:154,0
DA:155,0
DA:157,0
DA:158,0
DA:160,0
DA:162,0
DA:167,0
LF:49
LH:0
BRDA:72,0,0,0
BRDA:72,0,1,0
BRDA:83,1,0,0
BRDA:83,1,1,0
BRDA:84,2,0,0
BRDA:84,2,1,0
BRDA:127,3,0,0
BRDA:127,3,1,0
BRDA:128,4,0,0
BRDA:128,4,1,0
BRDA:158,5,0,0
BRDA:158,5,1,0
BRF:12
BRH:0
end_of_record
TN:
SF:D:\Edward\GitHub\CardGame\CDFrontend\card_front\src\components\edit\MailEntityPanel.vue
FN:62,(anonymous_1)
FN:71,(anonymous_2)
FN:104,(anonymous_3)
FN:108,(anonymous_4)
FN:118,(anonymous_5)
FN:123,(anonymous_6)
FN:127,(anonymous_7)
FN:128,(anonymous_8)
FN:136,(anonymous_9)
FN:140,(anonymous_10)
FN:149,(anonymous_11)
FN:153,(anonymous_12)
FN:160,(anonymous_13)
FN:166,(anonymous_14)
FN:174,(anonymous_15)
FN:178,(anonymous_16)
FN:179,(anonymous_17)
FNF:17
FNH:0
FNDA:0,(anonymous_1)
FNDA:0,(anonymous_2)
FNDA:0,(anonymous_3)
FNDA:0,(anonymous_4)
FNDA:0,(anonymous_5)
FNDA:0,(anonymous_6)
FNDA:0,(anonymous_7)
FNDA:0,(anonymous_8)
FNDA:0,(anonymous_9)
FNDA:0,(anonymous_10)
FNDA:0,(anonymous_11)
FNDA:0,(anonymous_12)
FNDA:0,(anonymous_13)
FNDA:0,(anonymous_14)
FNDA:0,(anonymous_15)
FNDA:0,(anonymous_16)
FNDA:0,(anonymous_17)
DA:51,0
DA:52,0
DA:53,0
DA:54,0
DA:55,0
DA:63,0
DA:68,0
DA:72,0
DA:105,0
DA:109,0
DA:110,0
DA:111,0
DA:112,0
DA:113,0
DA:114,0
DA:116,0
DA:119,0
DA:120,0
DA:121,0
DA:122,0
DA:123,0
DA:124,0
DA:128,0
DA:130,0
DA:131,0
DA:132,0
DA:137,0
DA:138,0
DA:139,0
DA:140,0
DA:141,0
DA:150,0
DA:151,0
DA:154,0
DA:158,0
DA:161,0
DA:162,0
DA:163,0
DA:167,0
DA:168,0
DA:170,0
DA:172,0
DA:175,0
DA:176,0
DA:179,0
DA:180,0
DA:181,0
LF:47
LH:0
BRDA:112,0,0,0
BRDA:112,0,1,0
BRDA:162,1,0,0
BRDA:162,1,1,0
BRDA:167,2,0,0
BRDA:167,2,1,0
BRDA:176,3,0,0
BRDA:176,3,1,0
BRF:8
BRH:0
end_of_record
TN:
SF:D:\Edward\GitHub\CardGame\CDFrontend\card_front\src\components\edit\MailPanel.vue
FN:16,(anonymous_1)
FN:22,(anonymous_2)
FNF:2
FNH:0
FNDA:0,(anonymous_1)
FNDA:0,(anonymous_2)
DA:10,0
DA:11,0
DA:17,0
DA:23,0
DA:24,0
DA:25,0
LF:6
LH:0
BRDA:24,0,0,0
BRDA:24,0,1,0
BRF:2
BRH:0
end_of_record
TN:
SF:D:\Edward\GitHub\CardGame\CDFrontend\card_front\src\components\edit\MailUpdatePanel.vue
FN:96,(anonymous_1)
FN:97,(anonymous_2)
FN:143,(anonymous_3)
FN:149,(anonymous_4)
FN:157,(anonymous_5)
FN:162,(anonymous_6)
FN:174,(anonymous_7)
FN:182,(anonymous_8)
FN:187,(anonymous_9)
FN:192,(anonymous_10)
FN:199,(anonymous_11)
FN:206,(anonymous_12)
FN:210,(anonymous_13)
FN:217,(anonymous_14)
FN:228,(anonymous_15)
FN:239,(anonymous_16)
FN:243,(anonymous_17)
FN:248,(anonymous_18)
FN:252,(anonymous_19)
FN:260,(anonymous_20)
FNF:20
FNH:0
FNDA:0,(anonymous_1)
FNDA:0,(anonymous_2)
FNDA:0,(anonymous_3)
FNDA:0,(anonymous_4)
FNDA:0,(anonymous_5)
FNDA:0,(anonymous_6)
FNDA:0,(anonymous_7)
FNDA:0,(anonymous_8)
FNDA:0,(anonymous_9)
FNDA:0,(anonymous_10)
FNDA:0,(anonymous_11)
FNDA:0,(anonymous_12)
FNDA:0,(anonymous_13)
FNDA:0,(anonymous_14)
FNDA:0,(anonymous_15)
FNDA:0,(anonymous_16)
FNDA:0,(anonymous_17)
FNDA:0,(anonymous_18)
FNDA:0,(anonymous_19)
FNDA:0,(anonymous_20)
DA:62,0
DA:63,0
DA:64,0
DA:65,0
DA:66,0
DA:67,0
DA:68,0
DA:70,0
DA:97,0
DA:98,0
DA:99,0
DA:103,0
DA:105,0
DA:125,0
DA:144,0
DA:151,0
DA:152,0
DA:153,0
DA:158,0
DA:159,0
DA:167,0
DA:168,0
DA:169,0
DA:171,0
DA:175,0
DA:177,0
DA:179,0
DA:180,0
DA:182,0
DA:184,0
DA:188,0
DA:189,0
DA:190,0
DA:191,0
DA:192,0
DA:194,0
DA:195,0
DA:197,0
DA:202,0
DA:207,0
DA:208,0
DA:209,0
DA:210,0
DA:211,0
DA:212,0
DA:213,0
DA:215,0
DA:220,0
DA:229,0
DA:231,0
DA:232,0
DA:233,0
DA:234,0
DA:235,0
DA:237,0
DA:240,0
DA:244,0
DA:245,0
DA:246,0
DA:249,0
DA:250,0
DA:253,0
DA:254,0
DA:255,0
DA:256,0
DA:257,0
DA:258,0
DA:260,0
DA:261,0
DA:263,0
LF:70
LH:0
BRDA:98,0,0,0
BRDA:98,0,1,0
BRDA:194,1,0,0
BRDA:194,1,1,0
BRDA:211,2,0,0
BRDA:211,2,1,0
BRDA:232,3,0,0
BRDA:232,3,1,0
BRDA:233,4,0,0
BRDA:233,4,1,0
BRDA:256,5,0,0
BRDA:256,5,1,0
BRDA:257,6,0,0
BRDA:257,6,1,0
BRDA:258,7,0,0
BRDA:258,7,1,0
BRDA:261,8,0,0
BRDA:261,8,1,0
BRF:18
BRH:0
end_of_record
TN:
SF:D:\Edward\GitHub\CardGame\CDFrontend\card_front\src\components\table\cardEntityPanel.vue
FN:183,(anonymous_1)
FN:237,(anonymous_2)
FN:242,(anonymous_3)
FN:246,(anonymous_4)
FN:248,(anonymous_5)
FN:257,(anonymous_6)
FN:263,(anonymous_7)
FN:274,(anonymous_8)
FN:279,(anonymous_9)
FN:286,(anonymous_10)
FN:293,(anonymous_11)
FN:297,(anonymous_12)
FN:305,(anonymous_13)
FN:313,(anonymous_14)
FN:329,(anonymous_15)
FN:333,(anonymous_16)
FN:337,(anonymous_17)
FN:353,(anonymous_18)
FN:362,(anonymous_19)
FN:369,(anonymous_20)
FN:373,(anonymous_21)
FN:377,(anonymous_22)
FN:393,(anonymous_23)
FN:401,(anonymous_24)
FN:410,(anonymous_25)
FN:415,(anonymous_26)
FN:419,(anonymous_27)
FN:425,(anonymous_28)
FN:433,(anonymous_29)
FNF:29
FNH:25
FNDA:3,(anonymous_1)
FNDA:2,(anonymous_2)
FNDA:3,(anonymous_3)
FNDA:8,(anonymous_4)
FNDA:6,(anonymous_5)
FNDA:2,(anonymous_6)
FNDA:5,(anonymous_7)
FNDA:3,(anonymous_8)
FNDA:2,(anonymous_9)
FNDA:1,(anonymous_10)
FNDA:3,(anonymous_11)
FNDA:2,(anonymous_12)
FNDA:1,(anonymous_13)
FNDA:4,(anonymous_14)
FNDA:1,(anonymous_15)
FNDA:1,(anonymous_16)
FNDA:3,(anonymous_17)
FNDA:2,(anonymous_18)
FNDA:1,(anonymous_19)
FNDA:1,(anonymous_20)
FNDA:1,(anonymous_21)
FNDA:3,(anonymous_22)
FNDA:2,(anonymous_23)
FNDA:1,(anonymous_24)
FNDA:0,(anonymous_25)
FNDA:0,(anonymous_26)
FNDA:0,(anonymous_27)
FNDA:0,(anonymous_28)
FNDA:17,(anonymous_29)
DA:174,3
DA:176,3
DA:177,3
DA:184,3
DA:238,2
DA:239,2
DA:243,3
DA:247,8
DA:248,8
DA:250,6
DA:251,5
DA:252,5
DA:255,1
DA:260,2
DA:264,5
DA:265,5
DA:266,5
DA:267,5
DA:268,5
DA:269,5
DA:271,5
DA:275,3
DA:276,3
DA:277,3
DA:278,3
DA:279,3
DA:281,2
DA:282,1
DA:284,1
DA:289,1
DA:294,3
DA:295,3
DA:296,3
DA:297,3
DA:298,2
DA:299,1
DA:300,1
DA:301,1
DA:303,1
DA:308,1
DA:314,4
DA:330,1
DA:331,1
DA:332,1
DA:333,1
DA:334,1
DA:338,3
DA:339,3
DA:340,3
DA:341,3
DA:342,3
DA:343,3
DA:344,3
DA:345,3
DA:346,3
DA:347,3
DA:349,3
DA:350,3
DA:351,3
DA:353,3
DA:354,2
DA:356,1
DA:357,1
DA:358,1
DA:360,1
DA:365,1
DA:370,1
DA:371,1
DA:372,1
DA:373,1
DA:374,1
DA:378,3
DA:379,3
DA:380,3
DA:381,3
DA:382,3
DA:383,3
DA:384,3
DA:385,3
DA:386,3
DA:387,3
DA:388,3
DA:389,3
DA:390,3
DA:391,3
DA:393,3
DA:394,2
DA:395,1
DA:396,1
DA:397,1
DA:399,1
DA:404,1
DA:411,0
DA:412,0
DA:413,0
DA:414,0
DA:415,0
DA:416,0
DA:420,0
DA:421,0
DA:422,0
DA:426,0
DA:427,0
DA:429,0
DA:431,0
DA:434,17
DA:435,17
LF:107
LH:94
BRDA:250,0,0,5
BRDA:250,0,1,1
BRDA:281,1,0,1
BRDA:281,1,1,1
BRDA:298,2,0,1
BRDA:298,2,1,1
BRDA:354,3,0,1
BRDA:354,3,1,1
BRDA:394,4,0,1
BRDA:394,4,1,1
BRDA:421,5,0,0
BRDA:421,5,1,0
BRDA:426,6,0,0
BRDA:426,6,1,0
BRDA:435,7,0,17
BRDA:435,7,1,0
BRF:16
BRH:11
end_of_record
TN:
SF:D:\Edward\GitHub\CardGame\CDFrontend\card_front\src\components\table\itemEntityPanel.vue
FN:132,(anonymous_1)
FN:142,(anonymous_2)
FN:189,(anonymous_3)
FN:194,(anonymous_4)
FN:198,(anonymous_5)
FN:207,(anonymous_6)
FN:212,(anonymous_7)
FN:219,(anonymous_8)
FN:226,(anonymous_9)
FN:230,(anonymous_10)
FN:238,(anonymous_11)
FN:245,(anonymous_12)
FN:253,(anonymous_13)
FN:258,(anonymous_14)
FN:259,(anonymous_15)
FN:263,(anonymous_16)
FN:269,(anonymous_17)
FN:273,(anonymous_18)
FN:280,(anonymous_19)
FN:286,(anonymous_20)
FN:294,(anonymous_21)
FN:303,(anonymous_22)
FN:307,(anonymous_23)
FN:311,(anonymous_24)
FN:318,(anonymous_25)
FN:326,(anonymous_26)
FN:333,(anonymous_27)
FN:337,(anonymous_28)
FN:341,(anonymous_29)
FN:350,(anonymous_30)
FN:357,(anonymous_31)
FN:364,(anonymous_32)
FNF:32
FNH:25
FNDA:0,(anonymous_1)
FNDA:3,(anonymous_2)
FNDA:2,(anonymous_3)
FNDA:3,(anonymous_4)
FNDA:6,(anonymous_5)
FNDA:3,(anonymous_6)
FNDA:2,(anonymous_7)
FNDA:1,(anonymous_8)
FNDA:3,(anonymous_9)
FNDA:2,(anonymous_10)
FNDA:1,(anonymous_11)
FNDA:0,(anonymous_12)
FNDA:0,(anonymous_13)
FNDA:8,(anonymous_14)
FNDA:6,(anonymous_15)
FNDA:2,(anonymous_16)
FNDA:0,(anonymous_17)
FNDA:0,(anonymous_18)
FNDA:0,(anonymous_19)
FNDA:0,(anonymous_20)
FNDA:2,(anonymous_21)
FNDA:1,(anonymous_22)
FNDA:1,(anonymous_23)
FNDA:3,(anonymous_24)
FNDA:2,(anonymous_25)
FNDA:1,(anonymous_26)
FNDA:1,(anonymous_27)
FNDA:1,(anonymous_28)
FNDA:3,(anonymous_29)
FNDA:2,(anonymous_30)
FNDA:1,(anonymous_31)
FNDA:17,(anonymous_32)
DA:123,3
DA:124,3
DA:125,3
DA:133,0
DA:138,0
DA:143,3
DA:190,2
DA:191,2
DA:195,3
DA:199,6
DA:200,6
DA:201,5
DA:202,5
DA:203,5
DA:205,6
DA:208,3
DA:209,3
DA:210,3
DA:211,3
DA:212,3
DA:213,2
DA:214,2
DA:215,1
DA:217,1
DA:222,1
DA:227,3
DA:228,3
DA:229,3
DA:230,3
DA:231,2
DA:232,1
DA:233,1
DA:234,1
DA:236,1
DA:241,1
DA:246,0
DA:248,0
DA:250,0
DA:251,0
DA:253,0
DA:255,0
DA:259,8
DA:261,6
DA:262,6
DA:266,2
DA:270,0
DA:271,0
DA:274,0
DA:278,0
DA:281,0
DA:282,0
DA:283,0
DA:287,0
DA:288,0
DA:290,0
DA:292,0
DA:295,2
DA:304,1
DA:305,1
DA:306,1
DA:307,1
DA:308,1
DA:312,3
DA:313,3
DA:314,3
DA:315,3
DA:316,3
DA:318,3
DA:319,2
DA:321,1
DA:322,1
DA:324,1
DA:329,1
DA:334,1
DA:335,1
DA:336,1
DA:337,1
DA:338,1
DA:342,3
DA:343,3
DA:344,3
DA:345,3
DA:346,3
DA:347,3
DA:348,3
DA:349,3
DA:350,3
DA:351,2
DA:352,1
DA:353,1
DA:355,1
DA:360,1
DA:365,17
DA:366,17
LF:94
LH:75
BRDA:214,0,0,1
BRDA:214,0,1,1
BRDA:231,1,0,1
BRDA:231,1,1,1
BRDA:282,2,0,0
BRDA:282,2,1,0
BRDA:287,3,0,0
BRDA:287,3,1,0
BRDA:319,4,0,1
BRDA:319,4,1,1
BRDA:351,5,0,1
BRDA:351,5,1,1
BRDA:366,6,0,17
BRDA:366,6,1,0
BRF:14
BRH:9
end_of_record
TN:
SF:D:\Edward\GitHub\CardGame\CDFrontend\card_front\src\components\table\phaseEntityPanel.vue
FN:123,(anonymous_1)
FN:132,(anonymous_2)
FN:180,(anonymous_3)
FN:185,(anonymous_4)
FN:190,(anonymous_5)
FN:194,(anonymous_6)
FN:205,(anonymous_7)
FN:217,(anonymous_8)
FN:227,(anonymous_9)
FN:234,(anonymous_10)
FN:238,(anonymous_11)
FN:245,(anonymous_12)
FN:252,(anonymous_13)
FN:269,(anonymous_14)
FN:286,(anonymous_15)
FN:294,(anonymous_16)
FN:300,(anonymous_17)
FN:302,(anonymous_18)
FN:304,(anonymous_19)
FN:310,(anonymous_20)
FN:314,(anonymous_21)
FN:318,(anonymous_22)
FN:325,(anonymous_23)
FN:331,(anonymous_24)
FN:339,(anonymous_25)
FN:370,(anonymous_26)
FN:373,(anonymous_27)
FN:399,(anonymous_28)
FN:408,(anonymous_29)
FN:412,(anonymous_30)
FN:413,(anonymous_31)
FNF:31
FNH:0
FNDA:0,(anonymous_1)
FNDA:0,(anonymous_2)
FNDA:0,(anonymous_3)
FNDA:0,(anonymous_4)
FNDA:0,(anonymous_5)
FNDA:0,(anonymous_6)
FNDA:0,(anonymous_7)
FNDA:0,(anonymous_8)
FNDA:0,(anonymous_9)
FNDA:0,(anonymous_10)
FNDA:0,(anonymous_11)
FNDA:0,(anonymous_12)
FNDA:0,(anonymous_13)
FNDA:0,(anonymous_14)
FNDA:0,(anonymous_15)
FNDA:0,(anonymous_16)
FNDA:0,(anonymous_17)
FNDA:0,(anonymous_18)
FNDA:0,(anonymous_19)
FNDA:0,(anonymous_20)
FNDA:0,(anonymous_21)
FNDA:0,(anonymous_22)
FNDA:0,(anonymous_23)
FNDA:0,(anonymous_24)
FNDA:0,(anonymous_25)
FNDA:0,(anonymous_26)
FNDA:0,(anonymous_27)
FNDA:0,(anonymous_28)
FNDA:0,(anonymous_29)
FNDA:0,(anonymous_30)
FNDA:0,(anonymous_31)
DA:112,0
DA:113,0
DA:114,0
DA:115,0
DA:116,0
DA:124,0
DA:129,0
DA:133,0
DA:181,0
DA:182,0
DA:186,0
DA:191,0
DA:195,0
DA:196,0
DA:197,0
DA:198,0
DA:199,0
DA:200,0
DA:202,0
DA:203,0
DA:206,0
DA:207,0
DA:208,0
DA:209,0
DA:210,0
DA:211,0
DA:212,0
DA:213,0
DA:221,0
DA:222,0
DA:223,0
DA:224,0
DA:225,0
DA:226,0
DA:227,0
DA:228,0
DA:229,0
DA:231,0
DA:235,0
DA:239,0
DA:242,0
DA:243,0
DA:244,0
DA:245,0
DA:246,0
DA:247,0
DA:248,0
DA:253,0
DA:254,0
DA:256,0
DA:257,0
DA:262,0
DA:263,0
DA:264,0
DA:265,0
DA:267,0
DA:270,0
DA:271,0
DA:272,0
DA:274,0
DA:275,0
DA:276,0
DA:277,0
DA:278,0
DA:279,0
DA:280,0
DA:282,0
DA:283,0
DA:287,0
DA:289,0
DA:291,0
DA:292,0
DA:294,0
DA:296,0
DA:297,0
DA:301,0
DA:302,0
DA:303,0
DA:304,0
DA:306,0
DA:307,0
DA:310,0
DA:311,0
DA:315,0
DA:316,0
DA:319,0
DA:323,0
DA:326,0
DA:327,0
DA:328,0
DA:332,0
DA:333,0
DA:335,0
DA:337,0
DA:371,0
DA:400,0
DA:406,0
DA:409,0
DA:410,0
DA:413,0
DA:414,0
DA:415,0
LF:102
LH:0
BRDA:211,0,0,0
BRDA:211,0,1,0
BRDA:228,1,0,0
BRDA:228,1,1,0
BRDA:246,2,0,0
BRDA:246,2,1,0
BRDA:253,3,0,0
BRDA:253,3,1,0
BRDA:256,4,0,0
BRDA:256,4,1,0
BRDA:256,5,0,0
BRDA:256,5,1,0
BRDA:267,6,0,0
BRDA:267,6,1,0
BRDA:270,7,0,0
BRDA:270,7,1,0
BRDA:270,8,0,0
BRDA:270,8,1,0
BRDA:270,8,2,0
BRDA:278,9,0,0
BRDA:278,9,1,0
BRDA:327,10,0,0
BRDA:327,10,1,0
BRDA:332,11,0,0
BRDA:332,11,1,0
BRDA:410,12,0,0
BRDA:410,12,1,0
BRF:27
BRH:0
end_of_record
TN:
SF:D:\Edward\GitHub\CardGame\CDFrontend\card_front\src\components\table\playerCardPanel.vue
FN:134,(anonymous_1)
FN:143,(anonymous_2)
FN:194,(anonymous_3)
FN:199,(anonymous_4)
FN:213,(anonymous_5)
FN:216,(anonymous_6)
FN:217,(anonymous_7)
FN:220,(anonymous_8)
FN:226,(anonymous_9)
FN:238,(anonymous_10)
FN:242,(anonymous_11)
FN:246,(anonymous_12)
FN:251,(anonymous_13)
FN:258,(anonymous_14)
FN:265,(anonymous_15)
FN:269,(anonymous_16)
FN:273,(anonymous_17)
FN:283,(anonymous_18)
FN:291,(anonymous_19)
FN:298,(anonymous_20)
FN:303,(anonymous_21)
FN:309,(anonymous_22)
FN:316,(anonymous_23)
FN:321,(anonymous_24)
FN:329,(anonymous_25)
FN:337,(anonymous_26)
FN:341,(anonymous_27)
FN:348,(anonymous_28)
FN:354,(anonymous_29)
FN:362,(anonymous_30)
FNF:30
FNH:25
FNDA:0,(anonymous_1)
FNDA:3,(anonymous_2)
FNDA:2,(anonymous_3)
FNDA:3,(anonymous_4)
FNDA:10,(anonymous_5)
FNDA:6,(anonymous_6)
FNDA:5,(anonymous_7)
FNDA:1,(anonymous_8)
FNDA:3,(anonymous_9)
FNDA:1,(anonymous_10)
FNDA:1,(anonymous_11)
FNDA:3,(anonymous_12)
FNDA:2,(anonymous_13)
FNDA:1,(anonymous_14)
FNDA:1,(anonymous_15)
FNDA:1,(anonymous_16)
FNDA:3,(anonymous_17)
FNDA:2,(anonymous_18)
FNDA:1,(anonymous_19)
FNDA:3,(anonymous_20)
FNDA:2,(anonymous_21)
FNDA:1,(anonymous_22)
FNDA:3,(anonymous_23)
FNDA:2,(anonymous_24)
FNDA:1,(anonymous_25)
FNDA:0,(anonymous_26)
FNDA:0,(anonymous_27)
FNDA:0,(anonymous_28)
FNDA:0,(anonymous_29)
FNDA:19,(anonymous_30)
DA:124,3
DA:125,3
DA:126,3
DA:127,3
DA:135,0
DA:140,0
DA:144,3
DA:195,2
DA:196,2
DA:200,3
DA:214,10
DA:217,6
DA:219,5
DA:223,1
DA:227,3
DA:239,1
DA:240,1
DA:241,1
DA:242,1
DA:243,1
DA:247,3
DA:248,3
DA:249,3
DA:251,3
DA:252,2
DA:253,1
DA:254,1
DA:256,1
DA:261,1
DA:266,1
DA:267,1
DA:268,1
DA:269,1
DA:270,1
DA:274,3
DA:275,3
DA:276,3
DA:277,3
DA:278,3
DA:279,3
DA:280,3
DA:281,3
DA:282,3
DA:283,3
DA:284,2
DA:285,1
DA:286,1
DA:287,1
DA:289,1
DA:294,1
DA:299,3
DA:300,3
DA:301,3
DA:302,3
DA:303,3
DA:304,2
DA:305,1
DA:307,1
DA:312,1
DA:317,3
DA:318,3
DA:319,3
DA:320,3
DA:321,3
DA:322,2
DA:323,1
DA:324,1
DA:325,1
DA:327,1
DA:332,1
DA:338,0
DA:339,0
DA:342,0
DA:346,0
DA:349,0
DA:350,0
DA:351,0
DA:355,0
DA:356,0
DA:358,0
DA:360,0
DA:363,19
DA:364,19
LF:83
LH:70
BRDA:252,0,0,1
BRDA:252,0,1,1
BRDA:284,1,0,1
BRDA:284,1,1,1
BRDA:304,2,0,1
BRDA:304,2,1,1
BRDA:322,3,0,1
BRDA:322,3,1,1
BRDA:350,4,0,0
BRDA:350,4,1,0
BRDA:355,5,0,0
BRDA:355,5,1,0
BRDA:364,6,0,19
BRDA:364,6,1,0
BRF:14
BRH:9
end_of_record
TN:
SF:D:\Edward\GitHub\CardGame\CDFrontend\card_front\src\components\table\playerEntityPanel.vue
FN:168,(anonymous_1)
FN:180,(anonymous_2)
FN:225,(anonymous_3)
FN:229,(anonymous_4)
FN:231,(anonymous_5)
FN:233,(anonymous_6)
FN:237,(anonymous_7)
FN:241,(anonymous_8)
FN:248,(anonymous_9)
FN:254,(anonymous_10)
FN:262,(anonymous_11)
FN:274,(anonymous_12)
FN:278,(anonymous_13)
FN:282,(anonymous_14)
FN:293,(anonymous_15)
FN:299,(anonymous_16)
FN:304,(anonymous_17)
FN:309,(anonymous_18)
FN:313,(anonymous_19)
FN:325,(anonymous_20)
FN:331,(anonymous_21)
FN:354,(anonymous_22)
FN:363,(anonymous_23)
FN:367,(anonymous_24)
FN:368,(anonymous_25)
FNF:25
FNH:0
FNDA:0,(anonymous_1)
FNDA:0,(anonymous_2)
FNDA:0,(anonymous_3)
FNDA:0,(anonymous_4)
FNDA:0,(anonymous_5)
FNDA:0,(anonymous_6)
FNDA:0,(anonymous_7)
FNDA:0,(anonymous_8)
FNDA:0,(anonymous_9)
FNDA:0,(anonymous_10)
FNDA:0,(anonymous_11)
FNDA:0,(anonymous_12)
FNDA:0,(anonymous_13)
FNDA:0,(anonymous_14)
FNDA:0,(anonymous_15)
FNDA:0,(anonymous_16)
FNDA:0,(anonymous_17)
FNDA:0,(anonymous_18)
FNDA:0,(anonymous_19)
FNDA:0,(anonymous_20)
FNDA:0,(anonymous_21)
FNDA:0,(anonymous_22)
FNDA:0,(anonymous_23)
FNDA:0,(anonymous_24)
FNDA:0,(anonymous_25)
DA:158,0
DA:159,0
DA:161,0
DA:169,0
DA:174,0
DA:181,0
DA:226,0
DA:230,0
DA:231,0
DA:233,0
DA:234,0
DA:238,0
DA:239,0
DA:242,0
DA:246,0
DA:249,0
DA:250,0
DA:251,0
DA:255,0
DA:256,0
DA:258,0
DA:260,0
DA:263,0
DA:275,0
DA:276,0
DA:277,0
DA:278,0
DA:279,0
DA:283,0
DA:284,0
DA:285,0
DA:286,0
DA:287,0
DA:288,0
DA:289,0
DA:290,0
DA:291,0
DA:293,0
DA:294,0
DA:299,0
DA:301,0
DA:305,0
DA:306,0
DA:307,0
DA:308,0
DA:309,0
DA:310,0
DA:314,0
DA:315,0
DA:316,0
DA:317,0
DA:318,0
DA:319,0
DA:320,0
DA:321,0
DA:322,0
DA:323,0
DA:325,0
DA:326,0
DA:331,0
DA:333,0
DA:355,0
DA:361,0
DA:364,0
DA:365,0
DA:368,0
DA:369,0
DA:370,0
LF:68
LH:0
BRDA:250,0,0,0
BRDA:250,0,1,0
BRDA:255,1,0,0
BRDA:255,1,1,0
BRDA:294,2,0,0
BRDA:294,2,1,0
BRDA:326,3,0,0
BRDA:326,3,1,0
BRDA:365,4,0,0
BRDA:365,4,1,0
BRF:10
BRH:0
end_of_record
TN:
SF:D:\Edward\GitHub\CardGame\CDFrontend\card_front\src\components\table\playerItemPanel.vue
FN:111,(anonymous_1)
FN:120,(anonymous_2)
FN:166,(anonymous_3)
FN:171,(anonymous_4)
FN:185,(anonymous_5)
FN:188,(anonymous_6)
FN:189,(anonymous_7)
FN:192,(anonymous_8)
FN:198,(anonymous_9)
FN:207,(anonymous_10)
FN:211,(anonymous_11)
FN:215,(anonymous_12)
FN:221,(anonymous_13)
FN:229,(anonymous_14)
FN:236,(anonymous_15)
FN:240,(anonymous_16)
FN:244,(anonymous_17)
FN:251,(anonymous_18)
FN:260,(anonymous_19)
FN:267,(anonymous_20)
FN:272,(anonymous_21)
FN:278,(anonymous_22)
FN:285,(anonymous_23)
FN:290,(anonymous_24)
FN:298,(anonymous_25)
FN:306,(anonymous_26)
FN:310,(anonymous_27)
FN:317,(anonymous_28)
FN:323,(anonymous_29)
FN:331,(anonymous_30)
FNF:30
FNH:25
FNDA:0,(anonymous_1)
FNDA:3,(anonymous_2)
FNDA:2,(anonymous_3)
FNDA:3,(anonymous_4)
FNDA:4,(anonymous_5)
FNDA:6,(anonymous_6)
FNDA:5,(anonymous_7)
FNDA:1,(anonymous_8)
FNDA:3,(anonymous_9)
FNDA:1,(anonymous_10)
FNDA:1,(anonymous_11)
FNDA:3,(anonymous_12)
FNDA:2,(anonymous_13)
FNDA:1,(anonymous_14)
FNDA:1,(anonymous_15)
FNDA:1,(anonymous_16)
FNDA:3,(anonymous_17)
FNDA:2,(anonymous_18)
FNDA:1,(anonymous_19)
FNDA:3,(anonymous_20)
FNDA:2,(anonymous_21)
FNDA:1,(anonymous_22)
FNDA:3,(anonymous_23)
FNDA:2,(anonymous_24)
FNDA:1,(anonymous_25)
FNDA:0,(anonymous_26)
FNDA:0,(anonymous_27)
FNDA:0,(anonymous_28)
FNDA:0,(anonymous_29)
FNDA:32,(anonymous_30)
DA:101,3
DA:102,3
DA:103,3
DA:104,3
DA:112,0
DA:117,0
DA:121,3
DA:167,2
DA:168,2
DA:172,3
DA:186,4
DA:189,6
DA:191,5
DA:195,1
DA:199,3
DA:208,1
DA:209,1
DA:210,1
DA:211,1
DA:212,1
DA:216,3
DA:217,3
DA:218,3
DA:219,3
DA:221,3
DA:222,2
DA:224,1
DA:225,1
DA:227,1
DA:232,1
DA:237,1
DA:238,1
DA:239,1
DA:240,1
DA:241,1
DA:245,3
DA:246,3
DA:247,3
DA:248,3
DA:249,3
DA:251,3
DA:252,2
DA:254,1
DA:255,1
DA:256,1
DA:258,1
DA:263,1
DA:268,3
DA:269,3
DA:270,3
DA:271,3
DA:272,3
DA:273,2
DA:274,1
DA:276,1
DA:281,1
DA:286,3
DA:287,3
DA:288,3
DA:289,3
DA:290,3
DA:291,2
DA:292,1
DA:293,1
DA:294,1
DA:296,1
DA:301,1
DA:307,0
DA:308,0
DA:311,0
DA:315,0
DA:318,0
DA:319,0
DA:320,0
DA:324,0
DA:325,0
DA:327,0
DA:329,0
DA:332,32
DA:333,32
LF:80
LH:67
BRDA:222,0,0,1
BRDA:222,0,1,1
BRDA:252,1,0,1
BRDA:252,1,1,1
BRDA:273,2,0,1
BRDA:273,2,1,1
BRDA:291,3,0,1
BRDA:291,3,1,1
BRDA:319,4,0,0
BRDA:319,4,1,0
BRDA:324,5,0,0
BRDA:324,5,1,0
BRDA:333,6,0,32
BRDA:333,6,1,0
BRF:14
BRH:9
end_of_record
TN:
SF:D:\Edward\GitHub\CardGame\CDFrontend\card_front\src\components\table\playerPanel.vue
FN:18,(anonymous_1)
FN:24,(anonymous_2)
FNF:2
FNH:0
FNDA:0,(anonymous_1)
FNDA:0,(anonymous_2)
DA:11,0
DA:12,0
DA:13,0
DA:19,0
DA:25,0
LF:5
LH:0
BRF:0
BRH:0
end_of_record
TN:
SF:D:\Edward\GitHub\CardGame\CDFrontend\card_front\src\utils\clipboard.js
FN:4,clipboardSuccess
FN:12,clipboardError
FN:19,handleClipboard
FN:21,(anonymous_3)
FN:23,(anonymous_4)
FN:27,(anonymous_5)
FNF:6
FNH:0
FNDA:0,clipboardSuccess
FNDA:0,clipboardError
FNDA:0,handleClipboard
FNDA:0,(anonymous_3)
FNDA:0,(anonymous_4)
FNDA:0,(anonymous_5)
DA:5,0
DA:13,0
DA:20,0
DA:21,0
DA:23,0
DA:24,0
DA:25,0
DA:27,0
DA:28,0
DA:29,0
DA:31,0
LF:11
LH:0
BRF:0
BRH:0
end_of_record
TN:
SF:D:\Edward\GitHub\CardGame\CDFrontend\card_front\src\utils\error-log.js
FN:10,checkNeed
FN:22,(anonymous_1)
FN:25,(anonymous_2)
FNF:3
FNH:0
FNDA:0,checkNeed
FNDA:0,(anonymous_1)
FNDA:0,(anonymous_2)
DA:8,0
DA:11,0
DA:12,0
DA:13,0
DA:15,0
DA:16,0
DA:18,0
DA:21,0
DA:22,0
DA:25,0
DA:26,0
DA:32,0
LF:12
LH:0
BRDA:12,0,0,0
BRDA:12,0,1,0
BRDA:15,1,0,0
BRDA:15,1,1,0
BRDA:21,2,0,0
BRDA:21,2,1,0
BRF:6
BRH:0
end_of_record
TN:
SF:D:\Edward\GitHub\CardGame\CDFrontend\card_front\src\utils\get-page-title.js
FN:5,getPageTitle
FNF:1
FNH:0
FNDA:0,getPageTitle
DA:3,0
DA:6,0
DA:7,0
DA:9,0
LF:4
LH:0
BRDA:3,0,0,0
BRDA:3,0,1,0
BRDA:6,1,0,0
BRDA:6,1,1,0
BRF:4
BRH:0
end_of_record
TN:
SF:D:\Edward\GitHub\CardGame\CDFrontend\card_front\src\utils\index.js
FN:11,parseTime
FN:45,(anonymous_1)
FN:59,formatTime
FN:101,getQueryObject
FN:106,(anonymous_4)
FN:120,byteLength
FN:136,cleanArray
FN:150,param
FN:153,(anonymous_8)
FN:164,param2Obj
FN:171,(anonymous_10)
FN:186,html2Text
FN:198,objectMerge
FN:205,(anonymous_13)
FN:220,toggleClass
FN:240,getTime
FN:254,debounce
FN:257,(anonymous_17)
FN:274,(anonymous_18)
FN:296,deepClone
FN:301,(anonymous_20)
FN:315,uniqueArr
FN:322,createUniqueString
FN:334,hasClass
FN:343,addClass
FN:352,removeClass
FNF:26
FNH:0
FNDA:0,parseTime
FNDA:0,(anonymous_1)
FNDA:0,formatTime
FNDA:0,getQueryObject
FNDA:0,(anonymous_4)
FNDA:0,byteLength
FNDA:0,cleanArray
FNDA:0,param
FNDA:0,(anonymous_8)
FNDA:0,param2Obj
FNDA:0,(anonymous_10)
FNDA:0,html2Text
FNDA:0,objectMerge
FNDA:0,(anonymous_13)
FNDA:0,toggleClass
FNDA:0,getTime
FNDA:0,debounce
FNDA:0,(anonymous_17)
FNDA:0,(anonymous_18)
FNDA:0,deepClone
FNDA:0,(anonymous_20)
FNDA:0,uniqueArr
FNDA:0,createUniqueString
FNDA:0,hasClass
FNDA:0,addClass
FNDA:0,removeClass
DA:12,0
DA:13,0
DA:15,0
DA:17,0
DA:18,0
DA:20,0
DA:21,0
DA:23,0
DA:27,0
DA:31,0
DA:32,0
DA:34,0
DA:36,0
DA:45,0
DA:46,0
DA:48,0
DA:49,0
DA:51,0
DA:60,0
DA:61,0
DA:63,0
DA:65,0
DA:66,0
DA:68,0
DA:70,0
DA:71,0
DA:72,0
DA:74,0
DA:75,0
DA:76,0
DA:77,0
DA:78,0
DA:80,0
DA:81,0
DA:83,0
DA:102,0
DA:103,0
DA:104,0
DA:105,0
DA:106,0
DA:107,0
DA:108,0
DA:109,0
DA:110,0
DA:111,0
DA:113,0
DA:122,0
DA:123,0
DA:124,0
DA:125,0
DA:126,0
DA:127,0
DA:129,0
DA:137,0
DA:138,0
DA:139,0
DA:140,0
DA:143,0
DA:151,0
DA:152,0
DA:154,0
DA:155,0
DA:165,0
DA:166,0
DA:167,0
DA:169,0
DA:170,0
DA:171,0
DA:172,0
DA:173,0
DA:174,0
DA:175,0
DA:176,0
DA:179,0
DA:187,0
DA:188,0
DA:189,0
DA:199,0
DA:200,0
DA:202,0
DA:203,0
DA:205,0
DA:206,0
DA:207,0
DA:208,0
DA:210,0
DA:213,0
DA:221,0
DA:222,0
DA:224,0
DA:225,0
DA:226,0
DA:227,0
DA:229,0
DA:233,0
DA:241,0
DA:242,0
DA:244,0
DA:257,0
DA:259,0
DA:262,0
DA:263,0
DA:265,0
DA:267,0
DA:268,0
DA:269,0
DA:274,0
DA:275,0
DA:276,0
DA:277,0
DA:279,0
DA:280,0
DA:281,0
DA:282,0
DA:285,0
DA:297,0
DA:298,0
DA:300,0
DA:301,0
DA:302,0
DA:303,0
DA:305,0
DA:308,0
DA:316,0
DA:323,0
DA:324,0
DA:325,0
DA:335,0
DA:344,0
DA:353,0
DA:354,0
DA:355,0
LF:132
LH:0
BRDA:12,0,0,0
BRDA:12,0,1,0
BRDA:12,1,0,0
BRDA:12,1,1,0
BRDA:15,2,0,0
BRDA:15,2,1,0
BRDA:17,3,0,0
BRDA:17,3,1,0
BRDA:20,4,0,0
BRDA:20,4,1,0
BRDA:21,5,0,0
BRDA:21,5,1,0
BRDA:31,6,0,0
BRDA:31,6,1,0
BRDA:31,7,0,0
BRDA:31,7,1,0
BRDA:48,8,0,0
BRDA:48,8,1,0
BRDA:60,9,0,0
BRDA:60,9,1,0
BRDA:70,10,0,0
BRDA:70,10,1,0
BRDA:72,11,0,0
BRDA:72,11,1,0
BRDA:75,12,0,0
BRDA:75,12,1,0
BRDA:77,13,0,0
BRDA:77,13,1,0
BRDA:80,14,0,0
BRDA:80,14,1,0
BRDA:102,15,0,0
BRDA:102,15,1,0
BRDA:125,16,0,0
BRDA:125,16,1,0
BRDA:125,17,0,0
BRDA:125,17,1,0
BRDA:126,18,0,0
BRDA:126,18,1,0
BRDA:126,19,0,0
BRDA:126,19,1,0
BRDA:127,20,0,0
BRDA:127,20,1,0
BRDA:127,21,0,0
BRDA:127,21,1,0
BRDA:139,22,0,0
BRDA:139,22,1,0
BRDA:151,23,0,0
BRDA:151,23,1,0
BRDA:154,24,0,0
BRDA:154,24,1,0
BRDA:166,25,0,0
BRDA:166,25,1,0
BRDA:173,26,0,0
BRDA:173,26,1,0
BRDA:189,27,0,0
BRDA:189,27,1,0
BRDA:199,28,0,0
BRDA:199,28,1,0
BRDA:202,29,0,0
BRDA:202,29,1,0
BRDA:207,30,0,0
BRDA:207,30,1,0
BRDA:221,31,0,0
BRDA:221,31,1,0
BRDA:221,32,0,0
BRDA:221,32,1,0
BRDA:226,33,0,0
BRDA:226,33,1,0
BRDA:241,34,0,0
BRDA:241,34,1,0
BRDA:262,35,0,0
BRDA:262,35,1,0
BRDA:262,36,0,0
BRDA:262,36,1,0
BRDA:267,37,0,0
BRDA:267,37,1,0
BRDA:269,38,0,0
BRDA:269,38,1,0
BRDA:277,39,0,0
BRDA:277,39,1,0
BRDA:279,40,0,0
BRDA:279,40,1,0
BRDA:280,41,0,0
BRDA:280,41,1,0
BRDA:297,42,0,0
BRDA:297,42,1,0
BRDA:297,43,0,0
BRDA:297,43,1,0
BRDA:300,44,0,0
BRDA:300,44,1,0
BRDA:302,45,0,0
BRDA:302,45,1,0
BRDA:302,46,0,0
BRDA:302,46,1,0
BRDA:344,47,0,0
BRDA:344,47,1,0
BRDA:353,48,0,0
BRDA:353,48,1,0
BRF:98
BRH:0
end_of_record
TN:
SF:D:\Edward\GitHub\CardGame\CDFrontend\card_front\src\utils\open-window.js
FN:8,openWindow
FNF:1
FNH:0
FNDA:0,openWindow
DA:10,0
DA:11,0
DA:13,0
DA:14,0
DA:16,0
DA:17,0
DA:18,0
DA:21,0
DA:22,0
LF:9
LH:0
BRDA:10,0,0,0
BRDA:10,0,1,0
BRDA:11,1,0,0
BRDA:11,1,1,0
BRDA:13,2,0,0
BRDA:13,2,1,0
BRDA:13,3,0,0
BRDA:13,3,1,0
BRDA:14,4,0,0
BRDA:14,4,1,0
BRDA:14,5,0,0
BRDA:14,5,1,0
BRDA:21,6,0,0
BRDA:21,6,1,0
BRF:14
BRH:0
end_of_record
TN:
SF:D:\Edward\GitHub\CardGame\CDFrontend\card_front\src\utils\permission.js
FN:8,checkPermission
FN:13,(anonymous_1)
FNF:2
FNH:0
FNDA:0,checkPermission
FNDA:0,(anonymous_1)
DA:9,0
DA:10,0
DA:11,0
DA:13,0
DA:14,0
DA:16,0
DA:18,0
DA:19,0
LF:8
LH:0
BRDA:9,0,0,0
BRDA:9,0,1,0
BRDA:9,1,0,0
BRDA:9,1,1,0
BRDA:9,1,2,0
BRDA:10,2,0,0
BRDA:10,2,1,0
BRF:7
BRH:0
end_of_record
TN:
SF:D:\Edward\GitHub\CardGame\CDFrontend\card_front\src\utils\scroll-to.js
FN:1,(anonymous_0)
FN:11,(anonymous_1)
FN:12,(anonymous_2)
FN:19,move
FN:25,position
FN:34,scrollTo
FN:40,(anonymous_6)
FNF:7
FNH:1
FNDA:0,(anonymous_0)
FNDA:13,(anonymous_1)
FNDA:0,(anonymous_2)
FNDA:0,move
FNDA:0,position
FNDA:0,scrollTo
FNDA:0,(anonymous_6)
DA:1,13
DA:2,0
DA:3,0
DA:4,0
DA:6,0
DA:7,0
DA:11,13
DA:12,13
DA:20,0
DA:21,0
DA:22,0
DA:26,0
DA:35,0
DA:36,0
DA:37,0
DA:38,0
DA:39,0
DA:40,0
DA:42,0
DA:44,0
DA:46,0
DA:48,0
DA:49,0
DA:51,0
DA:53,0
DA:57,0
LF:26
LH:3
BRDA:3,0,0,0
BRDA:3,0,1,0
BRDA:12,1,0,13
BRDA:12,1,1,0
BRDA:12,1,2,0
BRDA:12,1,3,0
BRDA:26,2,0,0
BRDA:26,2,1,0
BRDA:26,2,2,0
BRDA:39,3,0,0
BRDA:39,3,1,0
BRDA:48,4,0,0
BRDA:48,4,1,0
BRDA:51,5,0,0
BRDA:51,5,1,0
BRDA:51,6,0,0
BRDA:51,6,1,0
BRF:17
BRH:1
end_of_record
TN:
SF:D:\Edward\GitHub\CardGame\CDFrontend\card_front\src\utils\validate.js
FN:11,isExternal
FN:19,validUsername
FN:30,validPassword
FN:41,validURL
FN:50,validLowerCase
FN:59,validUpperCase
FN:68,validAlphabets
FN:77,validEmail
FN:86,isString
FN:97,isArray
FNF:10
FNH:0
FNDA:0,isExternal
FNDA:0,validUsername
FNDA:0,validPassword
FNDA:0,validURL
FNDA:0,validLowerCase
FNDA:0,validUpperCase
FNDA:0,validAlphabets
FNDA:0,validEmail
FNDA:0,isString
FNDA:0,isArray
DA:12,0
DA:26,0
DA:27,0
DA:34,0
DA:42,0
DA:43,0
DA:51,0
DA:52,0
DA:60,0
DA:61,0
DA:69,0
DA:70,0
DA:78,0
DA:79,0
DA:87,0
DA:88,0
DA:90,0
DA:98,0
DA:99,0
DA:101,0
LF:20
LH:0
BRDA:87,0,0,0
BRDA:87,0,1,0
BRDA:87,1,0,0
BRDA:87,1,1,0
BRDA:98,2,0,0
BRDA:98,2,1,0
BRF:6
BRH:0
end_of_record
