TN:
SF:D:\Edward\GitHub\CardGame\CDFrontend\card_front\src\components\BackToTop\index.vue
FN:23,(anonymous_1)
FN:40,(anonymous_2)
FN:47,(anonymous_3)
FN:50,(anonymous_4)
FN:57,(anonymous_5)
FN:60,(anonymous_6)
FN:65,(anonymous_7)
FN:77,(anonymous_8)
FNF:8
FNH:0
FNDA:0,(anonymous_1)
FNDA:0,(anonymous_2)
FNDA:0,(anonymous_3)
FNDA:0,(anonymous_4)
FNDA:0,(anonymous_5)
FNDA:0,(anonymous_6)
FNDA:0,(anonymous_7)
FNDA:0,(anonymous_8)
DA:24,0
DA:41,0
DA:48,0
DA:51,0
DA:52,0
DA:53,0
DA:58,0
DA:61,0
DA:62,0
DA:63,0
DA:64,0
DA:65,0
DA:66,0
DA:67,0
DA:68,0
DA:69,0
DA:70,0
DA:72,0
DA:74,0
DA:78,0
DA:79,0
LF:21
LH:0
BRDA:52,0,0,0
BRDA:52,0,1,0
BRDA:61,1,0,0
BRDA:61,1,1,0
BRDA:67,2,0,0
BRDA:67,2,1,0
BRDA:78,3,0,0
BRDA:78,3,1,0
BRF:8
BRH:0
end_of_record
TN:
SF:D:\Edward\GitHub\CardGame\CDFrontend\card_front\src\components\Breadcrumb\index.vue
FN:16,(anonymous_1)
FN:22,(anonymous_2)
FN:30,(anonymous_3)
FN:34,(anonymous_4)
FN:36,(anonymous_5)
FN:43,(anonymous_6)
FN:45,(anonymous_7)
FN:52,(anonymous_8)
FN:58,(anonymous_9)
FNF:9
FNH:0
FNDA:0,(anonymous_1)
FNDA:0,(anonymous_2)
FNDA:0,(anonymous_3)
FNDA:0,(anonymous_4)
FNDA:0,(anonymous_5)
FNDA:0,(anonymous_6)
FNDA:0,(anonymous_7)
FNDA:0,(anonymous_8)
FNDA:0,(anonymous_9)
DA:13,0
DA:17,0
DA:24,0
DA:25,0
DA:27,0
DA:31,0
DA:36,0
DA:37,0
DA:39,0
DA:40,0
DA:43,0
DA:46,0
DA:47,0
DA:48,0
DA:50,0
DA:54,0
DA:55,0
DA:56,0
DA:59,0
DA:60,0
DA:61,0
DA:62,0
DA:64,0
LF:23
LH:0
BRDA:24,0,0,0
BRDA:24,0,1,0
BRDA:36,1,0,0
BRDA:36,1,1,0
BRDA:39,2,0,0
BRDA:39,2,1,0
BRDA:43,3,0,0
BRDA:43,3,1,0
BRDA:43,3,2,0
BRDA:46,4,0,0
BRDA:46,4,1,0
BRDA:47,5,0,0
BRDA:47,5,1,0
BRDA:60,6,0,0
BRDA:60,6,1,0
BRF:15
BRH:0
end_of_record
TN:
SF:D:\Edward\GitHub\CardGame\CDFrontend\card_front\src\components\Charts\Keyboard.vue
FN:29,(anonymous_1)
FN:34,(anonymous_2)
FN:37,(anonymous_3)
FN:45,(anonymous_4)
FN:145,(anonymous_5)
FN:148,(anonymous_6)
FNF:6
FNH:0
FNDA:0,(anonymous_1)
FNDA:0,(anonymous_2)
FNDA:0,(anonymous_3)
FNDA:0,(anonymous_4)
FNDA:0,(anonymous_5)
FNDA:0,(anonymous_6)
DA:6,0
DA:7,0
DA:30,0
DA:35,0
DA:38,0
DA:39,0
DA:41,0
DA:42,0
DA:46,0
DA:48,0
DA:49,0
DA:50,0
DA:51,0
DA:52,0
DA:53,0
DA:54,0
DA:56,0
DA:146,0
DA:149,0
LF:19
LH:0
BRDA:38,0,0,0
BRDA:38,0,1,0
BRF:2
BRH:0
end_of_record
TN:
SF:D:\Edward\GitHub\CardGame\CDFrontend\card_front\src\components\Charts\LineMarker.vue
FN:29,(anonymous_1)
FN:34,(anonymous_2)
FN:37,(anonymous_3)
FN:45,(anonymous_4)
FNF:4
FNH:0
FNDA:0,(anonymous_1)
FNDA:0,(anonymous_2)
FNDA:0,(anonymous_3)
FNDA:0,(anonymous_4)
DA:6,0
DA:7,0
DA:30,0
DA:35,0
DA:38,0
DA:39,0
DA:41,0
DA:42,0
DA:46,0
DA:48,0
LF:10
LH:0
BRDA:38,0,0,0
BRDA:38,0,1,0
BRF:2
BRH:0
end_of_record
TN:
SF:D:\Edward\GitHub\CardGame\CDFrontend\card_front\src\components\Charts\MixChart.vue
FN:29,(anonymous_1)
FN:34,(anonymous_2)
FN:37,(anonymous_3)
FN:45,(anonymous_4)
FN:47,(anonymous_5)
FN:179,(anonymous_6)
FN:212,(anonymous_7)
FN:245,(anonymous_8)
FNF:8
FNH:0
FNDA:0,(anonymous_1)
FNDA:0,(anonymous_2)
FNDA:0,(anonymous_3)
FNDA:0,(anonymous_4)
FNDA:0,(anonymous_5)
FNDA:0,(anonymous_6)
FNDA:0,(anonymous_7)
FNDA:0,(anonymous_8)
DA:6,0
DA:7,0
DA:30,0
DA:35,0
DA:38,0
DA:39,0
DA:41,0
DA:42,0
DA:46,0
DA:47,0
DA:48,0
DA:49,0
DA:50,0
DA:52,0
DA:54,0
DA:180,0
DA:213,0
DA:246,0
LF:18
LH:0
BRDA:38,0,0,0
BRDA:38,0,1,0
BRDA:180,1,0,0
BRDA:180,1,1,0
BRDA:213,2,0,0
BRDA:213,2,1,0
BRDA:246,3,0,0
BRDA:246,3,1,0
BRF:8
BRH:0
end_of_record
TN:
SF:D:\Edward\GitHub\CardGame\CDFrontend\card_front\src\components\Charts\mixins\resize.js
FN:4,(anonymous_0)
FN:10,(anonymous_1)
FN:13,(anonymous_2)
FN:22,(anonymous_3)
FN:25,(anonymous_4)
FN:31,(anonymous_5)
FN:36,(anonymous_6)
FN:37,(anonymous_7)
FN:45,(anonymous_8)
FN:51,(anonymous_9)
FNF:10
FNH:0
FNDA:0,(anonymous_0)
FNDA:0,(anonymous_1)
FNDA:0,(anonymous_2)
FNDA:0,(anonymous_3)
FNDA:0,(anonymous_4)
FNDA:0,(anonymous_5)
FNDA:0,(anonymous_6)
FNDA:0,(anonymous_7)
FNDA:0,(anonymous_8)
FNDA:0,(anonymous_9)
DA:5,0
DA:11,0
DA:14,0
DA:16,0
DA:20,0
DA:23,0
DA:26,0
DA:32,0
DA:33,0
DA:37,0
DA:38,0
DA:40,0
DA:42,0
DA:43,0
DA:46,0
DA:47,0
DA:49,0
DA:52,0
DA:53,0
LF:19
LH:0
BRDA:14,0,0,0
BRDA:14,0,1,0
BRDA:32,1,0,0
BRDA:32,1,1,0
BRDA:43,2,0,0
BRDA:43,2,1,0
BRDA:49,3,0,0
BRDA:49,3,1,0
BRDA:53,4,0,0
BRDA:53,4,1,0
BRF:10
BRH:0
end_of_record
TN:
SF:D:\Edward\GitHub\CardGame\CDFrontend\card_front\src\components\DndList\index.vue
FN:40,(anonymous_1)
FN:46,(anonymous_2)
FN:68,(anonymous_3)
FN:69,(anonymous_4)
FN:71,(anonymous_5)
FN:72,(anonymous_6)
FN:74,(anonymous_7)
FN:86,(anonymous_8)
FN:98,(anonymous_9)
FNF:9
FNH:0
FNDA:0,(anonymous_1)
FNDA:0,(anonymous_2)
FNDA:0,(anonymous_3)
FNDA:0,(anonymous_4)
FNDA:0,(anonymous_5)
FNDA:0,(anonymous_6)
FNDA:0,(anonymous_7)
FNDA:0,(anonymous_8)
FNDA:0,(anonymous_9)
DA:32,0
DA:41,0
DA:47,0
DA:69,0
DA:72,0
DA:75,0
DA:76,0
DA:77,0
DA:78,0
DA:79,0
DA:82,0
DA:83,0
DA:87,0
DA:88,0
DA:89,0
DA:90,0
DA:91,0
DA:94,0
DA:95,0
DA:101,0
LF:20
LH:0
BRDA:76,0,0,0
BRDA:76,0,1,0
BRDA:82,1,0,0
BRDA:82,1,1,0
BRDA:88,2,0,0
BRDA:88,2,1,0
BRDA:94,3,0,0
BRDA:94,3,1,0
BRF:8
BRH:0
end_of_record
TN:
SF:D:\Edward\GitHub\CardGame\CDFrontend\card_front\src\components\DragSelect\index.vue
FN:20,(anonymous_1)
FN:23,(anonymous_2)
FN:28,(anonymous_3)
FN:32,(anonymous_4)
FN:36,(anonymous_5)
FN:41,(anonymous_6)
FNF:6
FNH:0
FNDA:0,(anonymous_1)
FNDA:0,(anonymous_2)
FNDA:0,(anonymous_3)
FNDA:0,(anonymous_4)
FNDA:0,(anonymous_5)
FNDA:0,(anonymous_6)
DA:8,0
DA:21,0
DA:24,0
DA:29,0
DA:33,0
DA:34,0
DA:37,0
DA:42,0
DA:43,0
LF:9
LH:0
BRF:0
BRH:0
end_of_record
TN:
SF:D:\Edward\GitHub\CardGame\CDFrontend\card_front\src\components\Dropzone\index.vue
FN:73,(anonymous_1)
FN:80,(anonymous_2)
FN:90,(anonymous_3)
FN:106,(anonymous_4)
FN:111,(anonymous_5)
FN:129,(anonymous_6)
FN:140,(anonymous_7)
FN:151,(anonymous_8)
FN:154,(anonymous_9)
FN:157,(anonymous_10)
FN:160,(anonymous_11)
FN:163,(anonymous_12)
FN:167,(anonymous_13)
FN:172,(anonymous_14)
FN:175,(anonymous_15)
FN:178,(anonymous_16)
FN:184,(anonymous_17)
FN:187,(anonymous_18)
FNF:18
FNH:0
FNDA:0,(anonymous_1)
FNDA:0,(anonymous_2)
FNDA:0,(anonymous_3)
FNDA:0,(anonymous_4)
FNDA:0,(anonymous_5)
FNDA:0,(anonymous_6)
FNDA:0,(anonymous_7)
FNDA:0,(anonymous_8)
FNDA:0,(anonymous_9)
FNDA:0,(anonymous_10)
FNDA:0,(anonymous_11)
FNDA:0,(anonymous_12)
FNDA:0,(anonymous_13)
FNDA:0,(anonymous_14)
FNDA:0,(anonymous_15)
FNDA:0,(anonymous_16)
FNDA:0,(anonymous_17)
FNDA:0,(anonymous_18)
DA:8,0
DA:9,0
DA:12,0
DA:74,0
DA:81,0
DA:82,0
DA:83,0
DA:85,0
DA:86,0
DA:87,0
DA:91,0
DA:92,0
DA:93,0
DA:107,0
DA:108,0
DA:109,0
DA:110,0
DA:111,0
DA:112,0
DA:113,0
DA:114,0
DA:115,0
DA:116,0
DA:117,0
DA:118,0
DA:121,0
DA:122,0
DA:123,0
DA:124,0
DA:125,0
DA:126,0
DA:138,0
DA:143,0
DA:147,0
DA:148,0
DA:151,0
DA:152,0
DA:154,0
DA:155,0
DA:157,0
DA:158,0
DA:160,0
DA:161,0
DA:163,0
DA:164,0
DA:168,0
DA:169,0
DA:173,0
DA:176,0
DA:179,0
DA:180,0
DA:181,0
DA:185,0
DA:186,0
DA:187,0
DA:188,0
DA:189,0
DA:190,0
DA:191,0
DA:192,0
DA:193,0
DA:196,0
DA:197,0
DA:198,0
DA:199,0
DA:200,0
LF:66
LH:0
BRDA:81,0,0,0
BRDA:81,0,1,0
BRDA:85,1,0,0
BRDA:85,1,1,0
BRDA:108,2,0,0
BRDA:108,2,1,0
BRDA:109,3,0,0
BRDA:109,3,1,0
BRDA:110,4,0,0
BRDA:110,4,1,0
BRDA:147,5,0,0
BRDA:147,5,1,0
BRDA:179,6,0,0
BRDA:179,6,1,0
BRDA:180,7,0,0
BRDA:180,7,1,0
BRDA:185,8,0,0
BRDA:185,8,1,0
BRDA:186,9,0,0
BRDA:186,9,1,0
BRF:20
BRH:0
end_of_record
TN:
SF:D:\Edward\GitHub\CardGame\CDFrontend\card_front\src\components\ErrorLog\index.vue
FN:52,(anonymous_1)
FN:58,(anonymous_2)
FN:63,(anonymous_3)
FNF:3
FNH:0
FNDA:0,(anonymous_1)
FNDA:0,(anonymous_2)
FNDA:0,(anonymous_3)
DA:53,0
DA:59,0
DA:64,0
DA:65,0
LF:4
LH:0
BRF:0
BRH:0
end_of_record
TN:
SF:D:\Edward\GitHub\CardGame\CDFrontend\card_front\src\components\Hamburger\index.vue
FN:26,(anonymous_1)
FNF:1
FNH:0
FNDA:0,(anonymous_1)
DA:27,0
LF:1
LH:0
BRF:0
BRH:0
end_of_record
TN:
SF:D:\Edward\GitHub\CardGame\CDFrontend\card_front\src\components\HeaderSearch\index.vue
FN:28,(anonymous_1)
FN:38,(anonymous_2)
FN:43,(anonymous_3)
FN:46,(anonymous_4)
FN:49,(anonymous_5)
FN:57,(anonymous_6)
FN:61,(anonymous_7)
FN:67,(anonymous_8)
FN:72,(anonymous_9)
FN:76,(anonymous_10)
FN:80,(anonymous_11)
FN:99,(anonymous_12)
FN:131,(anonymous_13)
FNF:13
FNH:0
FNDA:0,(anonymous_1)
FNDA:0,(anonymous_2)
FNDA:0,(anonymous_3)
FNDA:0,(anonymous_4)
FNDA:0,(anonymous_5)
FNDA:0,(anonymous_6)
FNDA:0,(anonymous_7)
FNDA:0,(anonymous_8)
FNDA:0,(anonymous_9)
FNDA:0,(anonymous_10)
FNDA:0,(anonymous_11)
FNDA:0,(anonymous_12)
FNDA:0,(anonymous_13)
DA:23,0
DA:24,0
DA:29,0
DA:39,0
DA:44,0
DA:47,0
DA:50,0
DA:51,0
DA:53,0
DA:58,0
DA:62,0
DA:63,0
DA:64,0
DA:68,0
DA:69,0
DA:70,0
DA:73,0
DA:74,0
DA:75,0
DA:76,0
DA:77,0
DA:81,0
DA:100,0
DA:102,0
DA:104,0
DA:106,0
DA:111,0
DA:112,0
DA:114,0
DA:117,0
DA:122,0
DA:123,0
DA:124,0
DA:125,0
DA:129,0
DA:132,0
DA:133,0
DA:135,0
LF:38
LH:0
BRDA:50,0,0,0
BRDA:50,0,1,0
BRDA:63,1,0,0
BRDA:63,1,1,0
BRDA:64,2,0,0
BRDA:64,2,1,0
BRDA:68,3,0,0
BRDA:68,3,1,0
BRDA:99,4,0,0
BRDA:104,5,0,0
BRDA:104,5,1,0
BRDA:111,6,0,0
BRDA:111,6,1,0
BRDA:111,7,0,0
BRDA:111,7,1,0
BRDA:114,8,0,0
BRDA:114,8,1,0
BRDA:122,9,0,0
BRDA:122,9,1,0
BRDA:124,10,0,0
BRDA:124,10,1,0
BRDA:132,11,0,0
BRDA:132,11,1,0
BRF:23
BRH:0
end_of_record
TN:
SF:D:\Edward\GitHub\CardGame\CDFrontend\card_front\src\components\ImageCropper\index.vue
FN:227,(anonymous_1)
FN:309,(anonymous_2)
FN:316,(anonymous_3)
FN:333,(anonymous_4)
FN:361,(anonymous_5)
FN:374,(anonymous_6)
FN:393,(anonymous_7)
FN:399,(anonymous_8)
FN:403,(anonymous_9)
FN:408,(anonymous_10)
FN:412,(anonymous_11)
FN:413,(anonymous_12)
FN:422,(anonymous_13)
FN:424,(anonymous_14)
FN:430,(anonymous_15)
FN:434,(anonymous_16)
FN:444,(anonymous_17)
FN:456,(anonymous_18)
FN:473,(anonymous_19)
FN:480,(anonymous_20)
FN:482,(anonymous_21)
FN:489,(anonymous_22)
FN:502,(anonymous_23)
FN:542,(anonymous_24)
FN:558,(anonymous_25)
FN:594,(anonymous_26)
FN:597,(anonymous_27)
FN:601,(anonymous_28)
FN:609,(anonymous_29)
FN:612,(anonymous_30)
FN:616,(anonymous_31)
FN:624,(anonymous_32)
FN:630,(anonymous_33)
FN:633,(anonymous_34)
FN:637,(anonymous_35)
FN:645,(anonymous_36)
FN:649,(anonymous_37)
FN:652,(anonymous_38)
FN:656,(anonymous_39)
FN:664,(anonymous_40)
FN:668,(anonymous_41)
FN:672,(anonymous_42)
FN:713,(anonymous_43)
FN:720,(anonymous_44)
FN:751,(anonymous_45)
FN:761,(anonymous_46)
FN:780,(anonymous_47)
FN:794,(anonymous_48)
FN:802,(anonymous_49)
FN:812,(anonymous_50)
FNF:50
FNH:0
FNDA:0,(anonymous_1)
FNDA:0,(anonymous_2)
FNDA:0,(anonymous_3)
FNDA:0,(anonymous_4)
FNDA:0,(anonymous_5)
FNDA:0,(anonymous_6)
FNDA:0,(anonymous_7)
FNDA:0,(anonymous_8)
FNDA:0,(anonymous_9)
FNDA:0,(anonymous_10)
FNDA:0,(anonymous_11)
FNDA:0,(anonymous_12)
FNDA:0,(anonymous_13)
FNDA:0,(anonymous_14)
FNDA:0,(anonymous_15)
FNDA:0,(anonymous_16)
FNDA:0,(anonymous_17)
FNDA:0,(anonymous_18)
FNDA:0,(anonymous_19)
FNDA:0,(anonymous_20)
FNDA:0,(anonymous_21)
FNDA:0,(anonymous_22)
FNDA:0,(anonymous_23)
FNDA:0,(anonymous_24)
FNDA:0,(anonymous_25)
FNDA:0,(anonymous_26)
FNDA:0,(anonymous_27)
FNDA:0,(anonymous_28)
FNDA:0,(anonymous_29)
FNDA:0,(anonymous_30)
FNDA:0,(anonymous_31)
FNDA:0,(anonymous_32)
FNDA:0,(anonymous_33)
FNDA:0,(anonymous_34)
FNDA:0,(anonymous_35)
FNDA:0,(anonymous_36)
FNDA:0,(anonymous_37)
FNDA:0,(anonymous_38)
FNDA:0,(anonymous_39)
FNDA:0,(anonymous_40)
FNDA:0,(anonymous_41)
FNDA:0,(anonymous_42)
FNDA:0,(anonymous_43)
FNDA:0,(anonymous_44)
FNDA:0,(anonymous_45)
FNDA:0,(anonymous_46)
FNDA:0,(anonymous_47)
FNDA:0,(anonymous_48)
FNDA:0,(anonymous_49)
FNDA:0,(anonymous_50)
DA:139,0
DA:140,0
DA:141,0
DA:142,0
DA:143,0
DA:228,0
DA:229,0
DA:230,0
DA:231,0
DA:233,0
DA:234,0
DA:236,0
DA:237,0
DA:238,0
DA:240,0
DA:241,0
DA:243,0
DA:310,0
DA:311,0
DA:317,0
DA:318,0
DA:319,0
DA:320,0
DA:334,0
DA:335,0
DA:336,0
DA:337,0
DA:338,0
DA:339,0
DA:340,0
DA:341,0
DA:342,0
DA:343,0
DA:344,0
DA:345,0
DA:347,0
DA:348,0
DA:349,0
DA:350,0
DA:352,0
DA:362,0
DA:363,0
DA:364,0
DA:365,0
DA:367,0
DA:369,0
DA:375,0
DA:376,0
DA:377,0
DA:378,0
DA:379,0
DA:380,0
DA:381,0
DA:383,0
DA:384,0
DA:386,0
DA:394,0
DA:395,0
DA:401,0
DA:404,0
DA:409,0
DA:413,0
DA:414,0
DA:415,0
DA:416,0
DA:417,0
DA:424,0
DA:425,0
DA:431,0
DA:432,0
DA:435,0
DA:436,0
DA:437,0
DA:438,0
DA:439,0
DA:445,0
DA:446,0
DA:447,0
DA:448,0
DA:449,0
DA:450,0
DA:457,0
DA:459,0
DA:460,0
DA:461,0
DA:462,0
DA:465,0
DA:466,0
DA:467,0
DA:468,0
DA:470,0
DA:474,0
DA:475,0
DA:476,0
DA:477,0
DA:481,0
DA:482,0
DA:483,0
DA:484,0
DA:486,0
DA:490,0
DA:499,0
DA:500,0
DA:501,0
DA:502,0
DA:503,0
DA:504,0
DA:505,0
DA:506,0
DA:507,0
DA:508,0
DA:509,0
DA:511,0
DA:512,0
DA:513,0
DA:514,0
DA:516,0
DA:517,0
DA:518,0
DA:520,0
DA:521,0
DA:522,0
DA:524,0
DA:525,0
DA:526,0
DA:527,0
DA:528,0
DA:529,0
DA:530,0
DA:531,0
DA:532,0
DA:533,0
DA:534,0
DA:535,0
DA:536,0
DA:537,0
DA:538,0
DA:543,0
DA:545,0
DA:546,0
DA:548,0
DA:549,0
DA:550,0
DA:551,0
DA:552,0
DA:553,0
DA:554,0
DA:555,0
DA:559,0
DA:561,0
DA:562,0
DA:564,0
DA:565,0
DA:570,0
DA:571,0
DA:572,0
DA:573,0
DA:574,0
DA:575,0
DA:576,0
DA:577,0
DA:578,0
DA:579,0
DA:581,0
DA:582,0
DA:584,0
DA:585,0
DA:587,0
DA:588,0
DA:590,0
DA:591,0
DA:595,0
DA:596,0
DA:597,0
DA:598,0
DA:599,0
DA:600,0
DA:601,0
DA:602,0
DA:606,0
DA:610,0
DA:611,0
DA:612,0
DA:613,0
DA:614,0
DA:615,0
DA:616,0
DA:617,0
DA:621,0
DA:625,0
DA:626,0
DA:627,0
DA:631,0
DA:632,0
DA:633,0
DA:634,0
DA:635,0
DA:636,0
DA:637,0
DA:638,0
DA:642,0
DA:646,0
DA:650,0
DA:651,0
DA:652,0
DA:653,0
DA:654,0
DA:655,0
DA:656,0
DA:657,0
DA:661,0
DA:665,0
DA:666,0
DA:669,0
DA:673,0
DA:674,0
DA:684,0
DA:686,0
DA:687,0
DA:689,0
DA:690,0
DA:692,0
DA:693,0
DA:695,0
DA:696,0
DA:698,0
DA:699,0
DA:701,0
DA:702,0
DA:704,0
DA:705,0
DA:708,0
DA:709,0
DA:710,0
DA:711,0
DA:712,0
DA:713,0
DA:714,0
DA:715,0
DA:721,0
DA:727,0
DA:728,0
DA:729,0
DA:731,0
DA:733,0
DA:734,0
DA:735,0
DA:737,0
DA:738,0
DA:739,0
DA:740,0
DA:741,0
DA:742,0
DA:749,0
DA:752,0
DA:753,0
DA:754,0
DA:755,0
DA:757,0
DA:762,0
DA:772,0
DA:773,0
DA:779,0
DA:780,0
DA:781,0
DA:791,0
DA:792,0
DA:793,0
DA:794,0
DA:800,0
DA:801,0
DA:804,0
DA:805,0
DA:806,0
DA:807,0
DA:808,0
DA:813,0
DA:814,0
LF:278
LH:0
BRDA:231,0,0,0
BRDA:231,0,1,0
BRDA:233,1,0,0
BRDA:233,1,1,0
BRDA:237,2,0,0
BRDA:237,2,1,0
BRDA:240,3,0,0
BRDA:240,3,1,0
BRDA:342,4,0,0
BRDA:342,4,1,0
BRDA:347,5,0,0
BRDA:347,5,1,0
BRDA:365,6,0,0
BRDA:365,6,1,0
BRDA:367,7,0,0
BRDA:367,7,1,0
BRDA:380,8,0,0
BRDA:380,8,1,0
BRDA:383,9,0,0
BRDA:383,9,1,0
BRDA:394,10,0,0
BRDA:394,10,1,0
BRDA:394,11,0,0
BRDA:394,11,1,0
BRDA:416,12,0,0
BRDA:416,12,1,0
BRDA:416,13,0,0
BRDA:416,13,1,0
BRDA:435,14,0,0
BRDA:435,14,1,0
BRDA:436,15,0,0
BRDA:436,15,1,0
BRDA:438,16,0,0
BRDA:438,16,1,0
BRDA:446,17,0,0
BRDA:446,17,1,0
BRDA:447,18,0,0
BRDA:447,18,1,0
BRDA:449,19,0,0
BRDA:449,19,1,0
BRDA:459,20,0,0
BRDA:459,20,1,0
BRDA:465,21,0,0
BRDA:465,21,1,0
BRDA:511,22,0,0
BRDA:511,22,1,0
BRDA:511,23,0,0
BRDA:511,23,1,0
BRDA:516,24,0,0
BRDA:516,24,1,0
BRDA:520,25,0,0
BRDA:520,25,1,0
BRDA:545,26,0,0
BRDA:545,26,1,0
BRDA:545,27,0,0
BRDA:545,27,1,0
BRDA:548,28,0,0
BRDA:548,28,1,0
BRDA:561,29,0,0
BRDA:561,29,1,0
BRDA:561,30,0,0
BRDA:561,30,1,0
BRDA:564,31,0,0
BRDA:564,31,1,0
BRDA:577,32,0,0
BRDA:577,32,1,0
BRDA:578,33,0,0
BRDA:578,33,1,0
BRDA:581,34,0,0
BRDA:581,34,1,0
BRDA:584,35,0,0
BRDA:584,35,1,0
BRDA:587,36,0,0
BRDA:587,36,1,0
BRDA:598,37,0,0
BRDA:598,37,1,0
BRDA:613,38,0,0
BRDA:613,38,1,0
BRDA:634,39,0,0
BRDA:634,39,1,0
BRDA:635,40,0,0
BRDA:635,40,1,0
BRDA:653,41,0,0
BRDA:653,41,1,0
BRDA:654,42,0,0
BRDA:654,42,1,0
BRDA:695,43,0,0
BRDA:695,43,1,0
BRDA:698,44,0,0
BRDA:698,44,1,0
BRDA:701,45,0,0
BRDA:701,45,1,0
BRDA:704,46,0,0
BRDA:704,46,1,0
BRDA:714,47,0,0
BRDA:714,47,1,0
BRDA:729,48,0,0
BRDA:729,48,1,0
BRDA:754,49,0,0
BRDA:754,49,1,0
BRDA:754,50,0,0
BRDA:754,50,1,0
BRDA:779,51,0,0
BRDA:779,51,1,0
BRDA:779,52,0,0
BRDA:779,52,1,0
BRDA:804,53,0,0
BRDA:804,53,1,0
BRDA:813,54,0,0
BRDA:813,54,1,0
BRDA:813,55,0,0
BRDA:813,55,1,0
BRDA:813,55,2,0
BRF:113
BRH:0
end_of_record
TN:
SF:D:\Edward\GitHub\CardGame\CDFrontend\card_front\src\components\ImageCropper\utils\data2blob.js
FN:8,(anonymous_0)
FNF:1
FNH:0
FNDA:0,(anonymous_0)
DA:9,0
DA:10,0
DA:11,0
DA:12,0
DA:13,0
DA:16,0
LF:6
LH:0
BRF:0
BRH:0
end_of_record
TN:
SF:D:\Edward\GitHub\CardGame\CDFrontend\card_front\src\components\ImageCropper\utils\effectRipple.js
FN:8,(anonymous_0)
FNF:1
FNH:0
FNDA:0,(anonymous_0)
DA:9,0
DA:14,0
DA:15,0
DA:16,0
DA:17,0
DA:18,0
DA:19,0
DA:20,0
DA:21,0
DA:22,0
DA:24,0
DA:26,0
DA:28,0
DA:29,0
DA:30,0
DA:32,0
DA:33,0
DA:35,0
DA:36,0
DA:37,0
LF:20
LH:0
BRDA:15,0,0,0
BRDA:15,0,1,0
BRDA:18,1,0,0
BRDA:18,1,1,0
BRDA:26,2,0,0
BRDA:26,2,1,0
BRF:6
BRH:0
end_of_record
TN:
SF:D:\Edward\GitHub\CardGame\CDFrontend\card_front\src\components\ImageCropper\utils\language.js
FNF:0
FNH:0
LF:0
LH:0
BRF:0
BRH:0
end_of_record
TN:
SF:D:\Edward\GitHub\CardGame\CDFrontend\card_front\src\components\ImageCropper\utils\mimes.js
FNF:0
FNH:0
LF:0
LH:0
BRF:0
BRH:0
end_of_record
TN:
SF:D:\Edward\GitHub\CardGame\CDFrontend\card_front\src\components\JsonEditor\index.vue
FN:21,(anonymous_1)
FN:27,(anonymous_2)
FN:34,(anonymous_3)
FN:44,(anonymous_4)
FN:50,(anonymous_5)
FNF:5
FNH:0
FNDA:0,(anonymous_1)
FNDA:0,(anonymous_2)
FNDA:0,(anonymous_3)
FNDA:0,(anonymous_4)
FNDA:0,(anonymous_5)
DA:8,0
DA:9,0
DA:10,0
DA:11,0
DA:12,0
DA:13,0
DA:14,0
DA:15,0
DA:22,0
DA:28,0
DA:29,0
DA:30,0
DA:35,0
DA:43,0
DA:44,0
DA:45,0
DA:46,0
DA:51,0
LF:18
LH:0
BRDA:29,0,0,0
BRDA:29,0,1,0
BRF:2
BRH:0
end_of_record
TN:
SF:D:\Edward\GitHub\CardGame\CDFrontend\card_front\src\components\Kanban\index.vue
FN:34,(anonymous_1)
FN:40,(anonymous_2)
FN:46,(anonymous_3)
FNF:3
FNH:0
FNDA:0,(anonymous_1)
FNDA:0,(anonymous_2)
FNDA:0,(anonymous_3)
DA:20,0
DA:35,0
DA:41,0
DA:49,0
LF:4
LH:0
BRF:0
BRH:0
end_of_record
TN:
SF:D:\Edward\GitHub\CardGame\CDFrontend\card_front\src\components\MDinput\index.vue
FN:147,(anonymous_1)
FN:155,(anonymous_2)
FN:164,(anonymous_3)
FN:169,(anonymous_4)
FN:179,(anonymous_5)
FN:186,(anonymous_6)
FNF:6
FNH:0
FNDA:0,(anonymous_1)
FNDA:0,(anonymous_2)
FNDA:0,(anonymous_3)
FNDA:0,(anonymous_4)
FNDA:0,(anonymous_5)
FNDA:0,(anonymous_6)
DA:148,0
DA:156,0
DA:165,0
DA:170,0
DA:171,0
DA:172,0
DA:173,0
DA:174,0
DA:177,0
DA:180,0
DA:181,0
DA:182,0
DA:183,0
DA:187,0
DA:188,0
DA:189,0
DA:190,0
DA:191,0
DA:192,0
LF:19
LH:0
BRDA:159,0,0,0
BRDA:159,0,1,0
BRDA:172,1,0,0
BRDA:172,1,1,0
BRDA:173,2,0,0
BRDA:173,2,1,0
BRDA:182,3,0,0
BRDA:182,3,1,0
BRDA:182,4,0,0
BRDA:182,4,1,0
BRDA:190,5,0,0
BRDA:190,5,1,0
BRDA:191,6,0,0
BRDA:191,6,1,0
BRF:14
BRH:0
end_of_record
TN:
SF:D:\Edward\GitHub\CardGame\CDFrontend\card_front\src\components\MarkdownEditor\default-options.js
FNF:0
FNH:0
LF:0
LH:0
BRF:0
BRH:0
end_of_record
TN:
SF:D:\Edward\GitHub\CardGame\CDFrontend\card_front\src\components\MarkdownEditor\index.vue
FN:24,(anonymous_1)
FN:30,(anonymous_2)
FN:49,(anonymous_3)
FN:55,(anonymous_4)
FN:64,(anonymous_5)
FN:69,(anonymous_6)
FN:73,(anonymous_7)
FN:76,(anonymous_8)
FN:80,(anonymous_9)
FN:83,(anonymous_10)
FN:87,(anonymous_11)
FN:95,(anonymous_12)
FN:99,(anonymous_13)
FN:104,(anonymous_14)
FN:107,(anonymous_15)
FN:110,(anonymous_16)
FN:113,(anonymous_17)
FNF:17
FNH:0
FNDA:0,(anonymous_1)
FNDA:0,(anonymous_2)
FNDA:0,(anonymous_3)
FNDA:0,(anonymous_4)
FNDA:0,(anonymous_5)
FNDA:0,(anonymous_6)
FNDA:0,(anonymous_7)
FNDA:0,(anonymous_8)
FNDA:0,(anonymous_9)
FNDA:0,(anonymous_10)
FNDA:0,(anonymous_11)
FNDA:0,(anonymous_12)
FNDA:0,(anonymous_13)
FNDA:0,(anonymous_14)
FNDA:0,(anonymous_15)
FNDA:0,(anonymous_16)
FNDA:0,(anonymous_17)
DA:7,0
DA:8,0
DA:9,0
DA:11,0
DA:12,0
DA:25,0
DA:31,0
DA:50,0
DA:56,0
DA:57,0
DA:58,0
DA:59,0
DA:60,0
DA:65,0
DA:66,0
DA:70,0
DA:71,0
DA:74,0
DA:77,0
DA:81,0
DA:84,0
DA:88,0
DA:92,0
DA:93,0
DA:95,0
DA:96,0
DA:100,0
DA:101,0
DA:102,0
DA:105,0
DA:108,0
DA:111,0
DA:114,0
LF:33
LH:0
BRDA:65,0,0,0
BRDA:65,0,1,0
BRDA:65,1,0,0
BRDA:65,1,1,0
BRDA:92,2,0,0
BRDA:92,2,1,0
BRDA:100,3,0,0
BRDA:100,3,1,0
BRF:8
BRH:0
end_of_record
TN:
SF:D:\Edward\GitHub\CardGame\CDFrontend\card_front\src\components\Pagination\index.vue
FN:37,(anonymous_1)
FN:60,(anonymous_2)
FN:63,(anonymous_3)
FN:68,(anonymous_4)
FN:71,(anonymous_5)
FN:77,(anonymous_6)
FN:83,(anonymous_7)
FNF:7
FNH:0
FNDA:0,(anonymous_1)
FNDA:0,(anonymous_2)
FNDA:0,(anonymous_3)
FNDA:0,(anonymous_4)
FNDA:0,(anonymous_5)
FNDA:0,(anonymous_6)
FNDA:0,(anonymous_7)
DA:18,0
DA:38,0
DA:61,0
DA:64,0
DA:69,0
DA:72,0
DA:78,0
DA:79,0
DA:80,0
DA:84,0
DA:85,0
DA:86,0
LF:12
LH:0
BRDA:79,0,0,0
BRDA:79,0,1,0
BRDA:85,1,0,0
BRDA:85,1,1,0
BRF:4
BRH:0
end_of_record
TN:
SF:D:\Edward\GitHub\CardGame\CDFrontend\card_front\src\components\RightPanel\index.vue
FN:30,(anonymous_1)
FN:36,(anonymous_2)
FN:41,(anonymous_3)
FN:52,(anonymous_4)
FN:55,(anonymous_5)
FN:60,(anonymous_6)
FN:63,(anonymous_7)
FN:70,(anonymous_8)
FNF:8
FNH:0
FNDA:0,(anonymous_1)
FNDA:0,(anonymous_2)
FNDA:0,(anonymous_3)
FNDA:0,(anonymous_4)
FNDA:0,(anonymous_5)
FNDA:0,(anonymous_6)
FNDA:0,(anonymous_7)
FNDA:0,(anonymous_8)
DA:16,0
DA:31,0
DA:37,0
DA:42,0
DA:43,0
DA:45,0
DA:46,0
DA:48,0
DA:53,0
DA:56,0
DA:57,0
DA:61,0
DA:64,0
DA:65,0
DA:66,0
DA:67,0
DA:71,0
DA:72,0
DA:73,0
LF:19
LH:0
BRDA:42,0,0,0
BRDA:42,0,1,0
BRDA:42,1,0,0
BRDA:42,1,1,0
BRDA:45,2,0,0
BRDA:45,2,1,0
BRDA:65,3,0,0
BRDA:65,3,1,0
BRF:8
BRH:0
end_of_record
TN:
SF:D:\Edward\GitHub\CardGame\CDFrontend\card_front\src\components\Screenfull\index.vue
FN:12,(anonymous_1)
FN:17,(anonymous_2)
FN:20,(anonymous_3)
FN:24,(anonymous_4)
FN:34,(anonymous_5)
FN:37,(anonymous_6)
FN:42,(anonymous_7)
FNF:7
FNH:0
FNDA:0,(anonymous_1)
FNDA:0,(anonymous_2)
FNDA:0,(anonymous_3)
FNDA:0,(anonymous_4)
FNDA:0,(anonymous_5)
FNDA:0,(anonymous_6)
FNDA:0,(anonymous_7)
DA:8,0
DA:13,0
DA:18,0
DA:21,0
DA:25,0
DA:26,0
DA:30,0
DA:32,0
DA:35,0
DA:38,0
DA:39,0
DA:43,0
DA:44,0
LF:13
LH:0
BRDA:25,0,0,0
BRDA:25,0,1,0
BRDA:38,1,0,0
BRDA:38,1,1,0
BRDA:43,2,0,0
BRDA:43,2,1,0
BRF:6
BRH:0
end_of_record
TN:
SF:D:\Edward\GitHub\CardGame\CDFrontend\card_front\src\components\Share\DropdownMenu.vue
FN:18,(anonymous_1)
FN:27,(anonymous_2)
FN:33,(anonymous_3)
FNF:3
FNH:0
FNDA:0,(anonymous_1)
FNDA:0,(anonymous_2)
FNDA:0,(anonymous_3)
DA:19,0
DA:28,0
DA:34,0
LF:3
LH:0
BRF:0
BRH:0
end_of_record
TN:
SF:D:\Edward\GitHub\CardGame\CDFrontend\card_front\src\components\SizeSelect\index.vue
FN:17,(anonymous_1)
FN:28,(anonymous_2)
FN:33,(anonymous_3)
FN:42,(anonymous_4)
FN:48,(anonymous_5)
FNF:5
FNH:0
FNDA:0,(anonymous_1)
FNDA:0,(anonymous_2)
FNDA:0,(anonymous_3)
FNDA:0,(anonymous_4)
FNDA:0,(anonymous_5)
DA:18,0
DA:29,0
DA:34,0
DA:35,0
DA:36,0
DA:37,0
DA:44,0
DA:46,0
DA:48,0
DA:49,0
LF:10
LH:0
BRF:0
BRH:0
end_of_record
TN:
SF:D:\Edward\GitHub\CardGame\CDFrontend\card_front\src\components\Sticky\index.vue
FN:31,(anonymous_1)
FN:40,(anonymous_2)
FN:45,(anonymous_3)
FN:48,(anonymous_4)
FN:53,(anonymous_5)
FN:62,(anonymous_6)
FN:68,(anonymous_7)
FN:74,(anonymous_8)
FN:84,(anonymous_9)
FNF:9
FNH:0
FNDA:0,(anonymous_1)
FNDA:0,(anonymous_2)
FNDA:0,(anonymous_3)
FNDA:0,(anonymous_4)
FNDA:0,(anonymous_5)
FNDA:0,(anonymous_6)
FNDA:0,(anonymous_7)
FNDA:0,(anonymous_8)
FNDA:0,(anonymous_9)
DA:32,0
DA:41,0
DA:42,0
DA:43,0
DA:46,0
DA:49,0
DA:50,0
DA:54,0
DA:55,0
DA:57,0
DA:58,0
DA:59,0
DA:60,0
DA:63,0
DA:64,0
DA:66,0
DA:69,0
DA:70,0
DA:71,0
DA:72,0
DA:75,0
DA:76,0
DA:77,0
DA:78,0
DA:79,0
DA:80,0
DA:82,0
DA:85,0
DA:86,0
LF:29
LH:0
BRDA:54,0,0,0
BRDA:54,0,1,0
BRDA:63,1,0,0
BRDA:63,1,1,0
BRDA:76,2,0,0
BRDA:76,2,1,0
BRDA:78,3,0,0
BRDA:78,3,1,0
BRDA:85,4,0,0
BRDA:85,4,1,0
BRF:10
BRH:0
end_of_record
TN:
SF:D:\Edward\GitHub\CardGame\CDFrontend\card_front\src\components\SvgIcon\index.vue
FN:25,(anonymous_1)
FN:28,(anonymous_2)
FN:31,(anonymous_3)
FN:38,(anonymous_4)
FNF:4
FNH:0
FNDA:0,(anonymous_1)
FNDA:0,(anonymous_2)
FNDA:0,(anonymous_3)
FNDA:0,(anonymous_4)
DA:10,0
DA:26,0
DA:29,0
DA:32,0
DA:33,0
DA:35,0
DA:39,0
LF:7
LH:0
BRDA:32,0,0,0
BRDA:32,0,1,0
BRF:2
BRH:0
end_of_record
TN:
SF:D:\Edward\GitHub\CardGame\CDFrontend\card_front\src\components\ThemePicker\index.vue
FN:15,(anonymous_1)
FN:22,(anonymous_2)
FN:28,(anonymous_3)
FN:33,(anonymous_4)
FN:48,(anonymous_5)
FN:49,(anonymous_6)
FN:72,(anonymous_7)
FN:77,(anonymous_8)
FN:90,(anonymous_9)
FN:92,(anonymous_10)
FN:98,(anonymous_11)
FN:99,(anonymous_12)
FN:101,(anonymous_13)
FN:112,(anonymous_14)
FN:113,(anonymous_15)
FN:133,(anonymous_16)
FNF:16
FNH:0
FNDA:0,(anonymous_1)
FNDA:0,(anonymous_2)
FNDA:0,(anonymous_3)
FNDA:0,(anonymous_4)
FNDA:0,(anonymous_5)
FNDA:0,(anonymous_6)
FNDA:0,(anonymous_7)
FNDA:0,(anonymous_8)
FNDA:0,(anonymous_9)
FNDA:0,(anonymous_10)
FNDA:0,(anonymous_11)
FNDA:0,(anonymous_12)
FNDA:0,(anonymous_13)
FNDA:0,(anonymous_14)
FNDA:0,(anonymous_15)
FNDA:0,(anonymous_16)
DA:11,0
DA:12,0
DA:16,0
DA:23,0
DA:29,0
DA:34,0
DA:35,0
DA:36,0
DA:37,0
DA:38,0
DA:40,0
DA:48,0
DA:49,0
DA:50,0
DA:51,0
DA:53,0
DA:54,0
DA:55,0
DA:56,0
DA:57,0
DA:59,0
DA:63,0
DA:64,0
DA:65,0
DA:68,0
DA:70,0
DA:72,0
DA:74,0
DA:75,0
DA:77,0
DA:78,0
DA:79,0
DA:80,0
DA:83,0
DA:85,0
DA:91,0
DA:92,0
DA:93,0
DA:95,0
DA:99,0
DA:100,0
DA:101,0
DA:102,0
DA:103,0
DA:104,0
DA:107,0
DA:108,0
DA:113,0
DA:114,0
DA:115,0
DA:116,0
DA:118,0
DA:119,0
DA:121,0
DA:122,0
DA:123,0
DA:125,0
DA:126,0
DA:127,0
DA:129,0
DA:133,0
DA:134,0
DA:135,0
DA:136,0
DA:138,0
DA:139,0
DA:140,0
DA:142,0
DA:143,0
DA:144,0
DA:146,0
DA:149,0
DA:150,0
DA:151,0
DA:153,0
DA:154,0
LF:76
LH:0
BRDA:34,0,0,0
BRDA:34,0,1,0
BRDA:35,1,0,0
BRDA:35,1,1,0
BRDA:54,2,0,0
BRDA:54,2,1,0
BRDA:63,3,0,0
BRDA:63,3,1,0
BRDA:75,4,0,0
BRDA:75,4,1,0
BRDA:79,5,0,0
BRDA:79,5,1,0
BRDA:102,6,0,0
BRDA:102,6,1,0
BRDA:102,7,0,0
BRDA:102,7,1,0
BRDA:118,8,0,0
BRDA:118,8,1,0
BRF:18
BRH:0
end_of_record
TN:
SF:D:\Edward\GitHub\CardGame\CDFrontend\card_front\src\components\Tinymce\dynamicLoadScript.js
FN:3,loadedTinymce
FN:9,(anonymous_1)
FN:11,(anonymous_2)
FN:31,stdOnEnd
FN:32,(anonymous_4)
FN:41,(anonymous_5)
FN:47,ieOnEnd
FN:48,(anonymous_7)
FNF:8
FNH:0
FNDA:0,loadedTinymce
FNDA:0,(anonymous_1)
FNDA:0,(anonymous_2)
FNDA:0,stdOnEnd
FNDA:0,(anonymous_4)
FNDA:0,(anonymous_5)
FNDA:0,ieOnEnd
FNDA:0,(anonymous_7)
DA:1,0
DA:6,0
DA:9,0
DA:10,0
DA:11,0
DA:13,0
DA:14,0
DA:15,0
DA:16,0
DA:17,0
DA:18,0
DA:19,0
DA:20,0
DA:23,0
DA:24,0
DA:25,0
DA:27,0
DA:32,0
DA:35,0
DA:36,0
DA:37,0
DA:39,0
DA:41,0
DA:42,0
DA:43,0
DA:48,0
DA:49,0
DA:50,0
DA:51,0
DA:52,0
DA:54,0
LF:31
LH:0
BRDA:11,0,0,0
BRDA:11,0,1,0
BRDA:13,1,0,0
BRDA:13,1,1,0
BRDA:19,2,0,0
BRDA:19,2,1,0
BRDA:23,3,0,0
BRDA:23,3,1,0
BRDA:23,4,0,0
BRDA:23,4,1,0
BRDA:24,5,0,0
BRDA:24,5,1,0
BRDA:49,6,0,0
BRDA:49,6,1,0
BRDA:49,7,0,0
BRDA:49,7,1,0
BRF:16
BRH:0
end_of_record
TN:
SF:D:\Edward\GitHub\CardGame\CDFrontend\card_front\src\components\Tinymce\index.vue
FN:29,(anonymous_1)
FN:40,(anonymous_2)
FN:59,(anonymous_3)
FN:74,(anonymous_4)
FN:83,(anonymous_5)
FN:85,(anonymous_6)
FN:90,(anonymous_7)
FN:93,(anonymous_8)
FN:98,(anonymous_9)
FN:101,(anonymous_10)
FN:105,(anonymous_11)
FN:107,(anonymous_12)
FN:115,(anonymous_13)
FN:136,(anonymous_14)
FN:141,(anonymous_15)
FN:146,(anonymous_16)
FN:147,(anonymous_17)
FN:190,(anonymous_18)
FN:200,(anonymous_19)
FN:203,(anonymous_20)
FN:206,(anonymous_21)
FN:207,(anonymous_22)
FNF:22
FNH:0
FNDA:0,(anonymous_1)
FNDA:0,(anonymous_2)
FNDA:0,(anonymous_3)
FNDA:0,(anonymous_4)
FNDA:0,(anonymous_5)
FNDA:0,(anonymous_6)
FNDA:0,(anonymous_7)
FNDA:0,(anonymous_8)
FNDA:0,(anonymous_9)
FNDA:0,(anonymous_10)
FNDA:0,(anonymous_11)
FNDA:0,(anonymous_12)
FNDA:0,(anonymous_13)
FNDA:0,(anonymous_14)
FNDA:0,(anonymous_15)
FNDA:0,(anonymous_16)
FNDA:0,(anonymous_17)
FNDA:0,(anonymous_18)
FNDA:0,(anonymous_19)
FNDA:0,(anonymous_20)
FNDA:0,(anonymous_21)
FNDA:0,(anonymous_22)
DA:15,0
DA:16,0
DA:17,0
DA:18,0
DA:21,0
DA:30,0
DA:41,0
DA:60,0
DA:75,0
DA:76,0
DA:77,0
DA:79,0
DA:84,0
DA:85,0
DA:91,0
DA:94,0
DA:95,0
DA:99,0
DA:102,0
DA:107,0
DA:108,0
DA:109,0
DA:110,0
DA:112,0
DA:116,0
DA:117,0
DA:137,0
DA:138,0
DA:140,0
DA:141,0
DA:142,0
DA:143,0
DA:147,0
DA:148,0
DA:191,0
DA:192,0
DA:193,0
DA:196,0
DA:197,0
DA:201,0
DA:204,0
DA:207,0
LF:42
LH:0
BRDA:76,0,0,0
BRDA:76,0,1,0
BRDA:84,1,0,0
BRDA:84,1,1,0
BRDA:84,2,0,0
BRDA:84,2,1,0
BRDA:85,3,0,0
BRDA:85,3,1,0
BRDA:94,4,0,0
BRDA:94,4,1,0
BRDA:108,5,0,0
BRDA:108,5,1,0
BRDA:123,6,0,0
BRDA:123,6,1,0
BRDA:137,7,0,0
BRDA:137,7,1,0
BRDA:192,8,0,0
BRDA:192,8,1,0
BRDA:196,9,0,0
BRDA:196,9,1,0
BRF:20
BRH:0
end_of_record
TN:
SF:D:\Edward\GitHub\CardGame\CDFrontend\card_front\src\components\Tinymce\plugins.js
FNF:0
FNH:0
DA:5,0
LF:1
LH:0
BRF:0
BRH:0
end_of_record
TN:
SF:D:\Edward\GitHub\CardGame\CDFrontend\card_front\src\components\Tinymce\toolbar.js
FNF:0
FNH:0
DA:4,0
LF:1
LH:0
BRF:0
BRH:0
end_of_record
TN:
SF:D:\Edward\GitHub\CardGame\CDFrontend\card_front\src\components\Tinymce\components\EditorImage.vue
FN:43,(anonymous_1)
FN:51,(anonymous_2)
FN:52,(anonymous_3)
FN:54,(anonymous_4)
FN:55,(anonymous_5)
FN:65,(anonymous_6)
FN:76,(anonymous_7)
FN:86,(anonymous_8)
FN:91,(anonymous_9)
FN:94,(anonymous_10)
FNF:10
FNH:0
FNDA:0,(anonymous_1)
FNDA:0,(anonymous_2)
FNDA:0,(anonymous_3)
FNDA:0,(anonymous_4)
FNDA:0,(anonymous_5)
FNDA:0,(anonymous_6)
FNDA:0,(anonymous_7)
FNDA:0,(anonymous_8)
FNDA:0,(anonymous_9)
FNDA:0,(anonymous_10)
DA:44,0
DA:52,0
DA:55,0
DA:56,0
DA:57,0
DA:58,0
DA:60,0
DA:61,0
DA:62,0
DA:63,0
DA:66,0
DA:67,0
DA:68,0
DA:69,0
DA:70,0
DA:71,0
DA:72,0
DA:77,0
DA:78,0
DA:79,0
DA:80,0
DA:81,0
DA:82,0
DA:87,0
DA:88,0
DA:89,0
DA:90,0
DA:91,0
DA:92,0
DA:93,0
DA:94,0
DA:95,0
DA:97,0
LF:33
LH:0
BRDA:56,0,0,0
BRDA:56,0,1,0
BRDA:69,1,0,0
BRDA:69,1,1,0
BRDA:80,2,0,0
BRDA:80,2,1,0
BRDA:88,3,0,0
BRDA:88,3,1,0
BRF:8
BRH:0
end_of_record
TN:
SF:D:\Edward\GitHub\CardGame\CDFrontend\card_front\src\components\Upload\SingleImage.vue
FN:39,(anonymous_1)
FN:46,(anonymous_2)
FN:51,(anonymous_3)
FN:54,(anonymous_4)
FN:57,(anonymous_5)
FN:60,(anonymous_6)
FN:62,(anonymous_7)
FN:63,(anonymous_8)
FN:70,(anonymous_9)
FNF:9
FNH:0
FNDA:0,(anonymous_1)
FNDA:0,(anonymous_2)
FNDA:0,(anonymous_3)
FNDA:0,(anonymous_4)
FNDA:0,(anonymous_5)
FNDA:0,(anonymous_6)
FNDA:0,(anonymous_7)
FNDA:0,(anonymous_8)
FNDA:0,(anonymous_9)
DA:29,0
DA:40,0
DA:47,0
DA:52,0
DA:55,0
DA:58,0
DA:61,0
DA:62,0
DA:63,0
DA:64,0
DA:65,0
DA:66,0
DA:67,0
DA:68,0
DA:69,0
DA:71,0
DA:72,0
LF:17
LH:0
BRF:0
BRH:0
end_of_record
TN:
SF:D:\Edward\GitHub\CardGame\CDFrontend\card_front\src\components\Upload\SingleImage2.vue
FN:39,(anonymous_1)
FN:46,(anonymous_2)
FN:51,(anonymous_3)
FN:54,(anonymous_4)
FN:57,(anonymous_5)
FN:60,(anonymous_6)
FN:62,(anonymous_7)
FN:63,(anonymous_8)
FN:70,(anonymous_9)
FNF:9
FNH:0
FNDA:0,(anonymous_1)
FNDA:0,(anonymous_2)
FNDA:0,(anonymous_3)
FNDA:0,(anonymous_4)
FNDA:0,(anonymous_5)
FNDA:0,(anonymous_6)
FNDA:0,(anonymous_7)
FNDA:0,(anonymous_8)
FNDA:0,(anonymous_9)
DA:29,0
DA:40,0
DA:47,0
DA:52,0
DA:55,0
DA:58,0
DA:61,0
DA:62,0
DA:63,0
DA:64,0
DA:65,0
DA:66,0
DA:67,0
DA:68,0
DA:69,0
DA:71,0
LF:16
LH:0
BRF:0
BRH:0
end_of_record
TN:
SF:D:\Edward\GitHub\CardGame\CDFrontend\card_front\src\components\Upload\SingleImage3.vue
FN:47,(anonymous_1)
FN:54,(anonymous_2)
FN:59,(anonymous_3)
FN:62,(anonymous_4)
FN:65,(anonymous_5)
FN:68,(anonymous_6)
FN:70,(anonymous_7)
FN:71,(anonymous_8)
FN:78,(anonymous_9)
FNF:9
FNH:0
FNDA:0,(anonymous_1)
FNDA:0,(anonymous_2)
FNDA:0,(anonymous_3)
FNDA:0,(anonymous_4)
FNDA:0,(anonymous_5)
FNDA:0,(anonymous_6)
FNDA:0,(anonymous_7)
FNDA:0,(anonymous_8)
FNDA:0,(anonymous_9)
DA:37,0
DA:48,0
DA:55,0
DA:60,0
DA:63,0
DA:66,0
DA:69,0
DA:70,0
DA:71,0
DA:72,0
DA:73,0
DA:74,0
DA:75,0
DA:76,0
DA:77,0
DA:79,0
DA:80,0
LF:17
LH:0
BRF:0
BRH:0
end_of_record
TN:
SF:D:\Edward\GitHub\CardGame\CDFrontend\card_front\src\components\UploadExcel\index.vue
FN:21,(anonymous_1)
FN:31,(anonymous_2)
FN:36,(anonymous_3)
FN:55,(anonymous_4)
FN:60,(anonymous_5)
FN:63,(anonymous_6)
FN:69,(anonymous_7)
FN:81,(anonymous_8)
FN:83,(anonymous_9)
FN:85,(anonymous_10)
FN:99,(anonymous_11)
FN:114,(anonymous_12)
FNF:12
FNH:0
FNDA:0,(anonymous_1)
FNDA:0,(anonymous_2)
FNDA:0,(anonymous_3)
FNDA:0,(anonymous_4)
FNDA:0,(anonymous_5)
FNDA:0,(anonymous_6)
FNDA:0,(anonymous_7)
FNDA:0,(anonymous_8)
FNDA:0,(anonymous_9)
FNDA:0,(anonymous_10)
FNDA:0,(anonymous_11)
FNDA:0,(anonymous_12)
DA:14,0
DA:22,0
DA:32,0
DA:33,0
DA:34,0
DA:37,0
DA:38,0
DA:39,0
DA:40,0
DA:41,0
DA:42,0
DA:43,0
DA:45,0
DA:47,0
DA:48,0
DA:49,0
DA:51,0
DA:52,0
DA:53,0
DA:56,0
DA:57,0
DA:58,0
DA:61,0
DA:64,0
DA:65,0
DA:66,0
DA:67,0
DA:70,0
DA:72,0
DA:73,0
DA:74,0
DA:76,0
DA:77,0
DA:78,0
DA:82,0
DA:83,0
DA:84,0
DA:85,0
DA:86,0
DA:87,0
DA:88,0
DA:89,0
DA:90,0
DA:91,0
DA:92,0
DA:93,0
DA:94,0
DA:96,0
DA:100,0
DA:101,0
DA:103,0
DA:105,0
DA:106,0
DA:108,0
DA:109,0
DA:110,0
DA:112,0
DA:115,0
LF:58
LH:0
BRDA:34,0,0,0
BRDA:34,0,1,0
BRDA:39,1,0,0
BRDA:39,1,1,0
BRDA:41,2,0,0
BRDA:41,2,1,0
BRDA:47,3,0,0
BRDA:47,3,1,0
BRDA:66,4,0,0
BRDA:66,4,1,0
BRDA:72,5,0,0
BRDA:72,5,1,0
BRDA:77,6,0,0
BRDA:77,6,1,0
BRDA:109,7,0,0
BRDA:109,7,1,0
BRF:16
BRH:0
end_of_record
TN:
SF:D:\Edward\GitHub\CardGame\CDFrontend\card_front\src\components\chart\keyboard.vue
FNF:0
FNH:0
DA:8,0
LF:1
LH:0
BRF:0
BRH:0
end_of_record
TN:
SF:D:\Edward\GitHub\CardGame\CDFrontend\card_front\src\components\chart\line.vue
FNF:0
FNH:0
DA:8,0
LF:1
LH:0
BRF:0
BRH:0
end_of_record
TN:
SF:D:\Edward\GitHub\CardGame\CDFrontend\card_front\src\components\chart\mix-chart.vue
FNF:0
FNH:0
DA:8,0
LF:1
LH:0
BRF:0
BRH:0
end_of_record
TN:
SF:D:\Edward\GitHub\CardGame\CDFrontend\card_front\src\components\edit\ActivityEditPanel.vue
FN:99,(anonymous_1)
FN:100,(anonymous_2)
FN:111,(anonymous_3)
FN:142,(anonymous_4)
FN:158,(anonymous_5)
FN:170,(anonymous_6)
FN:171,(anonymous_7)
FN:183,(anonymous_8)
FN:187,(anonymous_9)
FN:192,(anonymous_10)
FN:196,(anonymous_11)
FN:204,(anonymous_12)
FN:212,(anonymous_13)
FN:228,(anonymous_14)
FN:229,(anonymous_15)
FN:231,(anonymous_16)
FNF:16
FNH:0
FNDA:0,(anonymous_1)
FNDA:0,(anonymous_2)
FNDA:0,(anonymous_3)
FNDA:0,(anonymous_4)
FNDA:0,(anonymous_5)
FNDA:0,(anonymous_6)
FNDA:0,(anonymous_7)
FNDA:0,(anonymous_8)
FNDA:0,(anonymous_9)
FNDA:0,(anonymous_10)
FNDA:0,(anonymous_11)
FNDA:0,(anonymous_12)
FNDA:0,(anonymous_13)
FNDA:0,(anonymous_14)
FNDA:0,(anonymous_15)
FNDA:0,(anonymous_16)
DA:64,0
DA:65,0
DA:66,0
DA:67,0
DA:68,0
DA:69,0
DA:70,0
DA:71,0
DA:72,0
DA:73,0
DA:75,0
DA:100,0
DA:101,0
DA:102,0
DA:106,0
DA:108,0
DA:111,0
DA:112,0
DA:113,0
DA:114,0
DA:116,0
DA:120,0
DA:123,0
DA:126,0
DA:143,0
DA:159,0
DA:160,0
DA:161,0
DA:167,0
DA:171,0
DA:172,0
DA:175,0
DA:176,0
DA:179,0
DA:182,0
DA:184,0
DA:188,0
DA:189,0
DA:190,0
DA:193,0
DA:194,0
DA:197,0
DA:198,0
DA:199,0
DA:200,0
DA:201,0
DA:202,0
DA:204,0
DA:205,0
DA:213,0
DA:214,0
DA:218,0
DA:220,0
DA:226,0
DA:229,0
DA:230,0
DA:231,0
LF:57
LH:0
BRDA:101,0,0,0
BRDA:101,0,1,0
BRDA:112,1,0,0
BRDA:112,1,1,0
BRDA:113,2,0,0
BRDA:113,2,1,0
BRDA:159,3,0,0
BRDA:159,3,1,0
BRDA:160,4,0,0
BRDA:160,4,1,0
BRDA:201,5,0,0
BRDA:201,5,1,0
BRDA:205,6,0,0
BRDA:205,6,1,0
BRDA:213,7,0,0
BRDA:213,7,1,0
BRDA:213,8,0,0
BRDA:213,8,1,0
BRDA:230,9,0,0
BRDA:230,9,1,0
BRF:20
BRH:0
end_of_record
TN:
SF:D:\Edward\GitHub\CardGame\CDFrontend\card_front\src\components\edit\ActivityEntityPanel.vue
FN:63,(anonymous_1)
FN:72,(anonymous_2)
FN:115,(anonymous_3)
FN:119,(anonymous_4)
FN:132,(anonymous_5)
FN:139,(anonymous_6)
FN:142,(anonymous_7)
FN:147,(anonymous_8)
FN:151,(anonymous_9)
FN:154,(anonymous_10)
FN:161,(anonymous_11)
FN:165,(anonymous_12)
FN:169,(anonymous_13)
FN:176,(anonymous_14)
FN:182,(anonymous_15)
FN:190,(anonymous_16)
FN:199,(anonymous_17)
FN:203,(anonymous_18)
FN:207,(anonymous_19)
FN:209,(anonymous_20)
FN:213,(anonymous_21)
FN:217,(anonymous_22)
FN:225,(anonymous_23)
FN:231,(anonymous_24)
FN:252,(anonymous_25)
FN:261,(anonymous_26)
FN:265,(anonymous_27)
FN:266,(anonymous_28)
FNF:28
FNH:0
FNDA:0,(anonymous_1)
FNDA:0,(anonymous_2)
FNDA:0,(anonymous_3)
FNDA:0,(anonymous_4)
FNDA:0,(anonymous_5)
FNDA:0,(anonymous_6)
FNDA:0,(anonymous_7)
FNDA:0,(anonymous_8)
FNDA:0,(anonymous_9)
FNDA:0,(anonymous_10)
FNDA:0,(anonymous_11)
FNDA:0,(anonymous_12)
FNDA:0,(anonymous_13)
FNDA:0,(anonymous_14)
FNDA:0,(anonymous_15)
FNDA:0,(anonymous_16)
FNDA:0,(anonymous_17)
FNDA:0,(anonymous_18)
FNDA:0,(anonymous_19)
FNDA:0,(anonymous_20)
FNDA:0,(anonymous_21)
FNDA:0,(anonymous_22)
FNDA:0,(anonymous_23)
FNDA:0,(anonymous_24)
FNDA:0,(anonymous_25)
FNDA:0,(anonymous_26)
FNDA:0,(anonymous_27)
FNDA:0,(anonymous_28)
DA:52,0
DA:53,0
DA:54,0
DA:55,0
DA:56,0
DA:64,0
DA:69,0
DA:73,0
DA:116,0
DA:120,0
DA:121,0
DA:122,0
DA:123,0
DA:124,0
DA:125,0
DA:126,0
DA:127,0
DA:128,0
DA:130,0
DA:143,0
DA:144,0
DA:145,0
DA:146,0
DA:147,0
DA:148,0
DA:152,0
DA:153,0
DA:154,0
DA:156,0
DA:157,0
DA:158,0
DA:161,0
DA:162,0
DA:166,0
DA:167,0
DA:170,0
DA:174,0
DA:177,0
DA:178,0
DA:179,0
DA:183,0
DA:184,0
DA:186,0
DA:188,0
DA:191,0
DA:200,0
DA:201,0
DA:202,0
DA:203,0
DA:204,0
DA:210,0
DA:211,0
DA:212,0
DA:213,0
DA:214,0
DA:218,0
DA:219,0
DA:220,0
DA:221,0
DA:222,0
DA:223,0
DA:225,0
DA:226,0
DA:231,0
DA:262,0
DA:263,0
DA:266,0
DA:267,0
DA:268,0
LF:69
LH:0
BRDA:125,0,0,0
BRDA:125,0,1,0
BRDA:178,1,0,0
BRDA:178,1,1,0
BRDA:183,2,0,0
BRDA:183,2,1,0
BRDA:226,3,0,0
BRDA:226,3,1,0
BRDA:263,4,0,0
BRDA:263,4,1,0
BRF:10
BRH:0
end_of_record
TN:
SF:D:\Edward\GitHub\CardGame\CDFrontend\card_front\src\components\edit\ActivityPanel.vue
FN:16,(anonymous_1)
FN:22,(anonymous_2)
FNF:2
FNH:0
FNDA:0,(anonymous_1)
FNDA:0,(anonymous_2)
DA:10,0
DA:11,0
DA:17,0
DA:23,0
DA:24,0
DA:25,0
LF:6
LH:0
BRDA:24,0,0,0
BRDA:24,0,1,0
BRF:2
BRH:0
end_of_record
TN:
SF:D:\Edward\GitHub\CardGame\CDFrontend\card_front\src\components\edit\MailEditPanel.vue
FN:89,(anonymous_1)
FN:90,(anonymous_2)
FN:101,(anonymous_3)
FN:131,(anonymous_4)
FN:139,(anonymous_5)
FN:142,(anonymous_6)
FN:147,(anonymous_7)
FN:159,(anonymous_8)
FN:160,(anonymous_9)
FN:172,(anonymous_10)
FN:176,(anonymous_11)
FN:181,(anonymous_12)
FN:185,(anonymous_13)
FN:192,(anonymous_14)
FN:200,(anonymous_15)
FN:216,(anonymous_16)
FN:217,(anonymous_17)
FN:219,(anonymous_18)
FNF:18
FNH:0
FNDA:0,(anonymous_1)
FNDA:0,(anonymous_2)
FNDA:0,(anonymous_3)
FNDA:0,(anonymous_4)
FNDA:0,(anonymous_5)
FNDA:0,(anonymous_6)
FNDA:0,(anonymous_7)
FNDA:0,(anonymous_8)
FNDA:0,(anonymous_9)
FNDA:0,(anonymous_10)
FNDA:0,(anonymous_11)
FNDA:0,(anonymous_12)
FNDA:0,(anonymous_13)
FNDA:0,(anonymous_14)
FNDA:0,(anonymous_15)
FNDA:0,(anonymous_16)
FNDA:0,(anonymous_17)
FNDA:0,(anonymous_18)
DA:54,0
DA:55,0
DA:56,0
DA:57,0
DA:58,0
DA:59,0
DA:60,0
DA:61,0
DA:62,0
DA:63,0
DA:65,0
DA:90,0
DA:91,0
DA:92,0
DA:96,0
DA:98,0
DA:101,0
DA:102,0
DA:103,0
DA:104,0
DA:106,0
DA:110,0
DA:113,0
DA:116,0
DA:132,0
DA:140,0
DA:143,0
DA:148,0
DA:149,0
DA:150,0
DA:156,0
DA:160,0
DA:161,0
DA:164,0
DA:165,0
DA:168,0
DA:171,0
DA:173,0
DA:177,0
DA:178,0
DA:179,0
DA:182,0
DA:183,0
DA:186,0
DA:188,0
DA:189,0
DA:190,0
DA:192,0
DA:193,0
DA:201,0
DA:202,0
DA:206,0
DA:208,0
DA:214,0
DA:217,0
DA:218,0
DA:219,0
LF:57
LH:0
BRDA:91,0,0,0
BRDA:91,0,1,0
BRDA:102,1,0,0
BRDA:102,1,1,0
BRDA:103,2,0,0
BRDA:103,2,1,0
BRDA:148,3,0,0
BRDA:148,3,1,0
BRDA:149,4,0,0
BRDA:149,4,1,0
BRDA:193,5,0,0
BRDA:193,5,1,0
BRDA:201,6,0,0
BRDA:201,6,1,0
BRDA:201,7,0,0
BRDA:201,7,1,0
BRDA:218,8,0,0
BRDA:218,8,1,0
BRF:18
BRH:0
end_of_record
TN:
SF:D:\Edward\GitHub\CardGame\CDFrontend\card_front\src\components\edit\MailEntityPanel.vue
FN:58,(anonymous_1)
FN:67,(anonymous_2)
FN:108,(anonymous_3)
FN:112,(anonymous_4)
FN:123,(anonymous_5)
FN:130,(anonymous_6)
FN:133,(anonymous_7)
FN:138,(anonymous_8)
FN:142,(anonymous_9)
FN:144,(anonymous_10)
FN:151,(anonymous_11)
FN:155,(anonymous_12)
FN:159,(anonymous_13)
FN:166,(anonymous_14)
FN:172,(anonymous_15)
FN:180,(anonymous_16)
FN:188,(anonymous_17)
FN:192,(anonymous_18)
FN:196,(anonymous_19)
FN:198,(anonymous_20)
FN:203,(anonymous_21)
FN:207,(anonymous_22)
FN:215,(anonymous_23)
FN:221,(anonymous_24)
FN:225,(anonymous_25)
FN:234,(anonymous_26)
FN:238,(anonymous_27)
FN:239,(anonymous_28)
FNF:28
FNH:0
FNDA:0,(anonymous_1)
FNDA:0,(anonymous_2)
FNDA:0,(anonymous_3)
FNDA:0,(anonymous_4)
FNDA:0,(anonymous_5)
FNDA:0,(anonymous_6)
FNDA:0,(anonymous_7)
FNDA:0,(anonymous_8)
FNDA:0,(anonymous_9)
FNDA:0,(anonymous_10)
FNDA:0,(anonymous_11)
FNDA:0,(anonymous_12)
FNDA:0,(anonymous_13)
FNDA:0,(anonymous_14)
FNDA:0,(anonymous_15)
FNDA:0,(anonymous_16)
FNDA:0,(anonymous_17)
FNDA:0,(anonymous_18)
FNDA:0,(anonymous_19)
FNDA:0,(anonymous_20)
FNDA:0,(anonymous_21)
FNDA:0,(anonymous_22)
FNDA:0,(anonymous_23)
FNDA:0,(anonymous_24)
FNDA:0,(anonymous_25)
FNDA:0,(anonymous_26)
FNDA:0,(anonymous_27)
FNDA:0,(anonymous_28)
DA:47,0
DA:48,0
DA:49,0
DA:50,0
DA:51,0
DA:59,0
DA:64,0
DA:68,0
DA:109,0
DA:113,0
DA:114,0
DA:115,0
DA:116,0
DA:117,0
DA:118,0
DA:119,0
DA:121,0
DA:134,0
DA:135,0
DA:136,0
DA:137,0
DA:138,0
DA:139,0
DA:143,0
DA:144,0
DA:146,0
DA:147,0
DA:148,0
DA:151,0
DA:152,0
DA:156,0
DA:157,0
DA:160,0
DA:164,0
DA:167,0
DA:168,0
DA:169,0
DA:173,0
DA:174,0
DA:176,0
DA:178,0
DA:181,0
DA:189,0
DA:190,0
DA:191,0
DA:192,0
DA:193,0
DA:199,0
DA:201,0
DA:202,0
DA:203,0
DA:204,0
DA:208,0
DA:209,0
DA:210,0
DA:212,0
DA:213,0
DA:215,0
DA:216,0
DA:221,0
DA:235,0
DA:236,0
DA:239,0
DA:240,0
DA:241,0
LF:65
LH:0
BRDA:117,0,0,0
BRDA:117,0,1,0
BRDA:168,1,0,0
BRDA:168,1,1,0
BRDA:173,2,0,0
BRDA:173,2,1,0
BRDA:216,3,0,0
BRDA:216,3,1,0
BRDA:236,4,0,0
BRDA:236,4,1,0
BRF:10
BRH:0
end_of_record
TN:
SF:D:\Edward\GitHub\CardGame\CDFrontend\card_front\src\components\edit\MailPanel.vue
FN:16,(anonymous_1)
FN:22,(anonymous_2)
FNF:2
FNH:0
FNDA:0,(anonymous_1)
FNDA:0,(anonymous_2)
DA:10,0
DA:11,0
DA:17,0
DA:23,0
DA:24,0
DA:25,0
LF:6
LH:0
BRDA:24,0,0,0
BRDA:24,0,1,0
BRF:2
BRH:0
end_of_record
TN:
SF:D:\Edward\GitHub\CardGame\CDFrontend\card_front\src\components\table\cardEntityPanel.vue
FN:188,(anonymous_1)
FN:197,(anonymous_2)
FN:246,(anonymous_3)
FN:251,(anonymous_4)
FN:255,(anonymous_5)
FN:266,(anonymous_6)
FN:272,(anonymous_7)
FN:281,(anonymous_8)
FN:285,(anonymous_9)
FN:295,(anonymous_10)
FN:300,(anonymous_11)
FN:304,(anonymous_12)
FN:306,(anonymous_13)
FN:311,(anonymous_14)
FN:315,(anonymous_15)
FN:319,(anonymous_16)
FN:326,(anonymous_17)
FN:332,(anonymous_18)
FN:340,(anonymous_19)
FN:356,(anonymous_20)
FN:360,(anonymous_21)
FN:364,(anonymous_22)
FN:381,(anonymous_23)
FN:390,(anonymous_24)
FN:394,(anonymous_25)
FN:398,(anonymous_26)
FN:414,(anonymous_27)
FN:423,(anonymous_28)
FN:425,(anonymous_29)
FNF:29
FNH:0
FNDA:0,(anonymous_1)
FNDA:0,(anonymous_2)
FNDA:0,(anonymous_3)
FNDA:0,(anonymous_4)
FNDA:0,(anonymous_5)
FNDA:0,(anonymous_6)
FNDA:0,(anonymous_7)
FNDA:0,(anonymous_8)
FNDA:0,(anonymous_9)
FNDA:0,(anonymous_10)
FNDA:0,(anonymous_11)
FNDA:0,(anonymous_12)
FNDA:0,(anonymous_13)
FNDA:0,(anonymous_14)
FNDA:0,(anonymous_15)
FNDA:0,(anonymous_16)
FNDA:0,(anonymous_17)
FNDA:0,(anonymous_18)
FNDA:0,(anonymous_19)
FNDA:0,(anonymous_20)
FNDA:0,(anonymous_21)
FNDA:0,(anonymous_22)
FNDA:0,(anonymous_23)
FNDA:0,(anonymous_24)
FNDA:0,(anonymous_25)
FNDA:0,(anonymous_26)
FNDA:0,(anonymous_27)
FNDA:0,(anonymous_28)
FNDA:0,(anonymous_29)
DA:177,0
DA:178,0
DA:179,0
DA:180,0
DA:181,0
DA:189,0
DA:194,0
DA:198,0
DA:247,0
DA:248,0
DA:252,0
DA:256,0
DA:257,0
DA:258,0
DA:259,0
DA:260,0
DA:261,0
DA:263,0
DA:264,0
DA:268,0
DA:269,0
DA:270,0
DA:271,0
DA:272,0
DA:273,0
DA:274,0
DA:275,0
DA:277,0
DA:282,0
DA:283,0
DA:284,0
DA:285,0
DA:286,0
DA:287,0
DA:288,0
DA:289,0
DA:291,0
DA:296,0
DA:297,0
DA:298,0
DA:299,0
DA:300,0
DA:301,0
DA:305,0
DA:306,0
DA:308,0
DA:309,0
DA:311,0
DA:312,0
DA:316,0
DA:317,0
DA:320,0
DA:324,0
DA:327,0
DA:328,0
DA:329,0
DA:333,0
DA:334,0
DA:336,0
DA:338,0
DA:341,0
DA:357,0
DA:358,0
DA:359,0
DA:360,0
DA:361,0
DA:365,0
DA:366,0
DA:367,0
DA:368,0
DA:369,0
DA:370,0
DA:371,0
DA:372,0
DA:373,0
DA:374,0
DA:375,0
DA:377,0
DA:378,0
DA:379,0
DA:381,0
DA:382,0
DA:384,0
DA:385,0
DA:391,0
DA:392,0
DA:393,0
DA:394,0
DA:395,0
DA:399,0
DA:400,0
DA:401,0
DA:402,0
DA:403,0
DA:404,0
DA:405,0
DA:406,0
DA:407,0
DA:408,0
DA:409,0
DA:410,0
DA:411,0
DA:412,0
DA:414,0
DA:415,0
DA:416,0
DA:417,0
DA:426,0
DA:427,0
LF:109
LH:0
BRDA:274,0,0,0
BRDA:274,0,1,0
BRDA:286,1,0,0
BRDA:286,1,1,0
BRDA:328,2,0,0
BRDA:328,2,1,0
BRDA:333,3,0,0
BRDA:333,3,1,0
BRDA:382,4,0,0
BRDA:382,4,1,0
BRDA:415,5,0,0
BRDA:415,5,1,0
BRDA:427,6,0,0
BRDA:427,6,1,0
BRF:14
BRH:0
end_of_record
TN:
SF:D:\Edward\GitHub\CardGame\CDFrontend\card_front\src\components\table\drag-table.vue
FN:142,(anonymous_1)
FN:271,(anonymous_2)
FN:272,(anonymous_3)
FN:276,(anonymous_4)
FN:282,(anonymous_5)
FN:287,(anonymous_6)
FN:301,(anonymous_7)
FN:303,(anonymous_8)
FN:318,(anonymous_9)
FN:325,(anonymous_10)
FN:332,(anonymous_11)
FN:334,(anonymous_12)
FN:339,(anonymous_13)
FN:342,(anonymous_14)
FN:343,(anonymous_15)
FN:356,(anonymous_16)
FN:359,(anonymous_17)
FN:360,(anonymous_18)
FN:374,(anonymous_19)
FN:386,(anonymous_20)
FN:388,(anonymous_21)
FN:390,(anonymous_22)
FNF:22
FNH:0
FNDA:0,(anonymous_1)
FNDA:0,(anonymous_2)
FNDA:0,(anonymous_3)
FNDA:0,(anonymous_4)
FNDA:0,(anonymous_5)
FNDA:0,(anonymous_6)
FNDA:0,(anonymous_7)
FNDA:0,(anonymous_8)
FNDA:0,(anonymous_9)
FNDA:0,(anonymous_10)
FNDA:0,(anonymous_11)
FNDA:0,(anonymous_12)
FNDA:0,(anonymous_13)
FNDA:0,(anonymous_14)
FNDA:0,(anonymous_15)
FNDA:0,(anonymous_16)
FNDA:0,(anonymous_17)
FNDA:0,(anonymous_18)
FNDA:0,(anonymous_19)
FNDA:0,(anonymous_20)
FNDA:0,(anonymous_21)
FNDA:0,(anonymous_22)
DA:131,0
DA:132,0
DA:133,0
DA:143,0
DA:272,0
DA:273,0
DA:277,0
DA:283,0
DA:288,0
DA:298,0
DA:299,0
DA:302,0
DA:303,0
DA:304,0
DA:305,0
DA:306,0
DA:307,0
DA:308,0
DA:310,0
DA:311,0
DA:312,0
DA:313,0
DA:314,0
DA:319,0
DA:320,0
DA:322,0
DA:324,0
DA:325,0
DA:326,0
DA:327,0
DA:330,0
DA:333,0
DA:334,0
DA:335,0
DA:340,0
DA:341,0
DA:342,0
DA:343,0
DA:344,0
DA:351,0
DA:357,0
DA:358,0
DA:359,0
DA:360,0
DA:361,0
DA:368,0
DA:378,0
DA:379,0
DA:380,0
DA:381,0
DA:382,0
DA:384,0
DA:387,0
DA:388,0
DA:389,0
DA:390,0
DA:391,0
LF:57
LH:0
BRDA:306,0,0,0
BRDA:306,0,1,0
BRDA:319,1,0,0
BRDA:319,1,1,0
BRDA:341,2,0,0
BRDA:341,2,1,0
BRDA:358,3,0,0
BRDA:358,3,1,0
BRDA:378,4,0,0
BRDA:378,4,1,0
BRF:10
BRH:0
end_of_record
TN:
SF:D:\Edward\GitHub\CardGame\CDFrontend\card_front\src\components\table\itemEntityPanel.vue
FN:146,(anonymous_1)
FN:156,(anonymous_2)
FN:201,(anonymous_3)
FN:206,(anonymous_4)
FN:210,(anonymous_5)
FN:219,(anonymous_6)
FN:225,(anonymous_7)
FN:234,(anonymous_8)
FN:238,(anonymous_9)
FN:248,(anonymous_10)
FN:256,(anonymous_11)
FN:262,(anonymous_12)
FN:264,(anonymous_13)
FN:269,(anonymous_14)
FN:273,(anonymous_15)
FN:277,(anonymous_16)
FN:284,(anonymous_17)
FN:290,(anonymous_18)
FN:298,(anonymous_19)
FN:307,(anonymous_20)
FN:311,(anonymous_21)
FN:315,(anonymous_22)
FN:323,(anonymous_23)
FN:333,(anonymous_24)
FN:338,(anonymous_25)
FN:342,(anonymous_26)
FN:351,(anonymous_27)
FN:361,(anonymous_28)
FN:370,(anonymous_29)
FN:374,(anonymous_30)
FN:375,(anonymous_31)
FNF:31
FNH:0
FNDA:0,(anonymous_1)
FNDA:0,(anonymous_2)
FNDA:0,(anonymous_3)
FNDA:0,(anonymous_4)
FNDA:0,(anonymous_5)
FNDA:0,(anonymous_6)
FNDA:0,(anonymous_7)
FNDA:0,(anonymous_8)
FNDA:0,(anonymous_9)
FNDA:0,(anonymous_10)
FNDA:0,(anonymous_11)
FNDA:0,(anonymous_12)
FNDA:0,(anonymous_13)
FNDA:0,(anonymous_14)
FNDA:0,(anonymous_15)
FNDA:0,(anonymous_16)
FNDA:0,(anonymous_17)
FNDA:0,(anonymous_18)
FNDA:0,(anonymous_19)
FNDA:0,(anonymous_20)
FNDA:0,(anonymous_21)
FNDA:0,(anonymous_22)
FNDA:0,(anonymous_23)
FNDA:0,(anonymous_24)
FNDA:0,(anonymous_25)
FNDA:0,(anonymous_26)
FNDA:0,(anonymous_27)
FNDA:0,(anonymous_28)
FNDA:0,(anonymous_29)
FNDA:0,(anonymous_30)
FNDA:0,(anonymous_31)
DA:136,0
DA:137,0
DA:138,0
DA:139,0
DA:147,0
DA:152,0
DA:157,0
DA:202,0
DA:203,0
DA:207,0
DA:211,0
DA:212,0
DA:213,0
DA:214,0
DA:215,0
DA:217,0
DA:221,0
DA:222,0
DA:223,0
DA:224,0
DA:225,0
DA:226,0
DA:227,0
DA:228,0
DA:230,0
DA:235,0
DA:236,0
DA:237,0
DA:238,0
DA:239,0
DA:240,0
DA:241,0
DA:242,0
DA:244,0
DA:249,0
DA:251,0
DA:253,0
DA:254,0
DA:256,0
DA:258,0
DA:259,0
DA:263,0
DA:264,0
DA:266,0
DA:267,0
DA:269,0
DA:270,0
DA:274,0
DA:275,0
DA:278,0
DA:282,0
DA:285,0
DA:286,0
DA:287,0
DA:291,0
DA:292,0
DA:294,0
DA:296,0
DA:299,0
DA:308,0
DA:309,0
DA:310,0
DA:311,0
DA:312,0
DA:316,0
DA:317,0
DA:318,0
DA:319,0
DA:320,0
DA:321,0
DA:323,0
DA:324,0
DA:326,0
DA:327,0
DA:334,0
DA:336,0
DA:337,0
DA:338,0
DA:339,0
DA:343,0
DA:344,0
DA:345,0
DA:346,0
DA:347,0
DA:348,0
DA:349,0
DA:350,0
DA:351,0
DA:352,0
DA:354,0
DA:355,0
DA:362,0
DA:368,0
DA:371,0
DA:372,0
DA:375,0
DA:376,0
DA:377,0
LF:98
LH:0
BRDA:227,0,0,0
BRDA:227,0,1,0
BRDA:239,1,0,0
BRDA:239,1,1,0
BRDA:286,2,0,0
BRDA:286,2,1,0
BRDA:291,3,0,0
BRDA:291,3,1,0
BRDA:324,4,0,0
BRDA:324,4,1,0
BRDA:352,5,0,0
BRDA:352,5,1,0
BRDA:372,6,0,0
BRDA:372,6,1,0
BRF:14
BRH:0
end_of_record
TN:
SF:D:\Edward\GitHub\CardGame\CDFrontend\card_front\src\components\table\phaseEntityPanel.vue
FN:123,(anonymous_1)
FN:132,(anonymous_2)
FN:180,(anonymous_3)
FN:185,(anonymous_4)
FN:190,(anonymous_5)
FN:194,(anonymous_6)
FN:205,(anonymous_7)
FN:217,(anonymous_8)
FN:227,(anonymous_9)
FN:234,(anonymous_10)
FN:238,(anonymous_11)
FN:245,(anonymous_12)
FN:252,(anonymous_13)
FN:269,(anonymous_14)
FN:286,(anonymous_15)
FN:294,(anonymous_16)
FN:300,(anonymous_17)
FN:302,(anonymous_18)
FN:304,(anonymous_19)
FN:310,(anonymous_20)
FN:314,(anonymous_21)
FN:318,(anonymous_22)
FN:325,(anonymous_23)
FN:331,(anonymous_24)
FN:339,(anonymous_25)
FN:370,(anonymous_26)
FN:373,(anonymous_27)
FN:399,(anonymous_28)
FN:408,(anonymous_29)
FN:412,(anonymous_30)
FN:413,(anonymous_31)
FNF:31
FNH:0
FNDA:0,(anonymous_1)
FNDA:0,(anonymous_2)
FNDA:0,(anonymous_3)
FNDA:0,(anonymous_4)
FNDA:0,(anonymous_5)
FNDA:0,(anonymous_6)
FNDA:0,(anonymous_7)
FNDA:0,(anonymous_8)
FNDA:0,(anonymous_9)
FNDA:0,(anonymous_10)
FNDA:0,(anonymous_11)
FNDA:0,(anonymous_12)
FNDA:0,(anonymous_13)
FNDA:0,(anonymous_14)
FNDA:0,(anonymous_15)
FNDA:0,(anonymous_16)
FNDA:0,(anonymous_17)
FNDA:0,(anonymous_18)
FNDA:0,(anonymous_19)
FNDA:0,(anonymous_20)
FNDA:0,(anonymous_21)
FNDA:0,(anonymous_22)
FNDA:0,(anonymous_23)
FNDA:0,(anonymous_24)
FNDA:0,(anonymous_25)
FNDA:0,(anonymous_26)
FNDA:0,(anonymous_27)
FNDA:0,(anonymous_28)
FNDA:0,(anonymous_29)
FNDA:0,(anonymous_30)
FNDA:0,(anonymous_31)
DA:112,0
DA:113,0
DA:114,0
DA:115,0
DA:116,0
DA:124,0
DA:129,0
DA:133,0
DA:181,0
DA:182,0
DA:186,0
DA:191,0
DA:195,0
DA:196,0
DA:197,0
DA:198,0
DA:199,0
DA:200,0
DA:202,0
DA:203,0
DA:206,0
DA:207,0
DA:208,0
DA:209,0
DA:210,0
DA:211,0
DA:212,0
DA:213,0
DA:221,0
DA:222,0
DA:223,0
DA:224,0
DA:225,0
DA:226,0
DA:227,0
DA:228,0
DA:229,0
DA:231,0
DA:235,0
DA:239,0
DA:242,0
DA:243,0
DA:244,0
DA:245,0
DA:246,0
DA:247,0
DA:248,0
DA:253,0
DA:254,0
DA:256,0
DA:257,0
DA:262,0
DA:263,0
DA:264,0
DA:265,0
DA:267,0
DA:270,0
DA:271,0
DA:272,0
DA:274,0
DA:275,0
DA:276,0
DA:277,0
DA:278,0
DA:279,0
DA:280,0
DA:282,0
DA:283,0
DA:287,0
DA:289,0
DA:291,0
DA:292,0
DA:294,0
DA:296,0
DA:297,0
DA:301,0
DA:302,0
DA:303,0
DA:304,0
DA:306,0
DA:307,0
DA:310,0
DA:311,0
DA:315,0
DA:316,0
DA:319,0
DA:323,0
DA:326,0
DA:327,0
DA:328,0
DA:332,0
DA:333,0
DA:335,0
DA:337,0
DA:371,0
DA:400,0
DA:406,0
DA:409,0
DA:410,0
DA:413,0
DA:414,0
DA:415,0
LF:102
LH:0
BRDA:211,0,0,0
BRDA:211,0,1,0
BRDA:228,1,0,0
BRDA:228,1,1,0
BRDA:246,2,0,0
BRDA:246,2,1,0
BRDA:253,3,0,0
BRDA:253,3,1,0
BRDA:256,4,0,0
BRDA:256,4,1,0
BRDA:256,5,0,0
BRDA:256,5,1,0
BRDA:267,6,0,0
BRDA:267,6,1,0
BRDA:270,7,0,0
BRDA:270,7,1,0
BRDA:270,8,0,0
BRDA:270,8,1,0
BRDA:270,8,2,0
BRDA:278,9,0,0
BRDA:278,9,1,0
BRDA:327,10,0,0
BRDA:327,10,1,0
BRDA:332,11,0,0
BRDA:332,11,1,0
BRDA:410,12,0,0
BRDA:410,12,1,0
BRF:27
BRH:0
end_of_record
TN:
SF:D:\Edward\GitHub\CardGame\CDFrontend\card_front\src\components\table\playerCardPanel.vue
FN:104,(anonymous_1)
FN:113,(anonymous_2)
FN:154,(anonymous_3)
FN:159,(anonymous_4)
FN:163,(anonymous_5)
FN:173,(anonymous_6)
FN:179,(anonymous_7)
FN:188,(anonymous_8)
FN:193,(anonymous_9)
FN:203,(anonymous_10)
FN:208,(anonymous_11)
FN:212,(anonymous_12)
FN:214,(anonymous_13)
FN:220,(anonymous_14)
FN:224,(anonymous_15)
FN:228,(anonymous_16)
FN:235,(anonymous_17)
FN:241,(anonymous_18)
FN:249,(anonymous_19)
FN:257,(anonymous_20)
FN:261,(anonymous_21)
FN:265,(anonymous_22)
FN:271,(anonymous_23)
FN:280,(anonymous_24)
FN:285,(anonymous_25)
FN:289,(anonymous_26)
FN:304,(anonymous_27)
FN:307,(anonymous_28)
FN:311,(anonymous_29)
FN:312,(anonymous_30)
FNF:30
FNH:0
FNDA:0,(anonymous_1)
FNDA:0,(anonymous_2)
FNDA:0,(anonymous_3)
FNDA:0,(anonymous_4)
FNDA:0,(anonymous_5)
FNDA:0,(anonymous_6)
FNDA:0,(anonymous_7)
FNDA:0,(anonymous_8)
FNDA:0,(anonymous_9)
FNDA:0,(anonymous_10)
FNDA:0,(anonymous_11)
FNDA:0,(anonymous_12)
FNDA:0,(anonymous_13)
FNDA:0,(anonymous_14)
FNDA:0,(anonymous_15)
FNDA:0,(anonymous_16)
FNDA:0,(anonymous_17)
FNDA:0,(anonymous_18)
FNDA:0,(anonymous_19)
FNDA:0,(anonymous_20)
FNDA:0,(anonymous_21)
FNDA:0,(anonymous_22)
FNDA:0,(anonymous_23)
FNDA:0,(anonymous_24)
FNDA:0,(anonymous_25)
FNDA:0,(anonymous_26)
FNDA:0,(anonymous_27)
FNDA:0,(anonymous_28)
FNDA:0,(anonymous_29)
FNDA:0,(anonymous_30)
DA:93,0
DA:94,0
DA:95,0
DA:96,0
DA:97,0
DA:105,0
DA:110,0
DA:114,0
DA:155,0
DA:156,0
DA:160,0
DA:164,0
DA:165,0
DA:166,0
DA:167,0
DA:168,0
DA:169,0
DA:171,0
DA:175,0
DA:176,0
DA:177,0
DA:178,0
DA:179,0
DA:180,0
DA:181,0
DA:182,0
DA:184,0
DA:189,0
DA:190,0
DA:191,0
DA:192,0
DA:193,0
DA:194,0
DA:195,0
DA:196,0
DA:197,0
DA:199,0
DA:204,0
DA:205,0
DA:206,0
DA:207,0
DA:208,0
DA:209,0
DA:213,0
DA:214,0
DA:216,0
DA:220,0
DA:221,0
DA:225,0
DA:226,0
DA:229,0
DA:233,0
DA:236,0
DA:237,0
DA:238,0
DA:242,0
DA:243,0
DA:245,0
DA:247,0
DA:250,0
DA:258,0
DA:259,0
DA:260,0
DA:261,0
DA:262,0
DA:266,0
DA:267,0
DA:268,0
DA:269,0
DA:271,0
DA:272,0
DA:274,0
DA:281,0
DA:283,0
DA:284,0
DA:285,0
DA:286,0
DA:308,0
DA:309,0
DA:312,0
DA:313,0
DA:314,0
LF:82
LH:0
BRDA:181,0,0,0
BRDA:181,0,1,0
BRDA:194,1,0,0
BRDA:194,1,1,0
BRDA:237,2,0,0
BRDA:237,2,1,0
BRDA:242,3,0,0
BRDA:242,3,1,0
BRDA:272,4,0,0
BRDA:272,4,1,0
BRDA:309,5,0,0
BRDA:309,5,1,0
BRF:12
BRH:0
end_of_record
TN:
SF:D:\Edward\GitHub\CardGame\CDFrontend\card_front\src\components\table\playerEntityPanel.vue
FN:168,(anonymous_1)
FN:180,(anonymous_2)
FN:225,(anonymous_3)
FN:229,(anonymous_4)
FN:231,(anonymous_5)
FN:233,(anonymous_6)
FN:237,(anonymous_7)
FN:241,(anonymous_8)
FN:248,(anonymous_9)
FN:254,(anonymous_10)
FN:262,(anonymous_11)
FN:274,(anonymous_12)
FN:278,(anonymous_13)
FN:282,(anonymous_14)
FN:293,(anonymous_15)
FN:299,(anonymous_16)
FN:304,(anonymous_17)
FN:309,(anonymous_18)
FN:313,(anonymous_19)
FN:325,(anonymous_20)
FN:331,(anonymous_21)
FN:354,(anonymous_22)
FN:363,(anonymous_23)
FN:367,(anonymous_24)
FN:368,(anonymous_25)
FNF:25
FNH:0
FNDA:0,(anonymous_1)
FNDA:0,(anonymous_2)
FNDA:0,(anonymous_3)
FNDA:0,(anonymous_4)
FNDA:0,(anonymous_5)
FNDA:0,(anonymous_6)
FNDA:0,(anonymous_7)
FNDA:0,(anonymous_8)
FNDA:0,(anonymous_9)
FNDA:0,(anonymous_10)
FNDA:0,(anonymous_11)
FNDA:0,(anonymous_12)
FNDA:0,(anonymous_13)
FNDA:0,(anonymous_14)
FNDA:0,(anonymous_15)
FNDA:0,(anonymous_16)
FNDA:0,(anonymous_17)
FNDA:0,(anonymous_18)
FNDA:0,(anonymous_19)
FNDA:0,(anonymous_20)
FNDA:0,(anonymous_21)
FNDA:0,(anonymous_22)
FNDA:0,(anonymous_23)
FNDA:0,(anonymous_24)
FNDA:0,(anonymous_25)
DA:158,0
DA:159,0
DA:161,0
DA:169,0
DA:174,0
DA:181,0
DA:226,0
DA:230,0
DA:231,0
DA:233,0
DA:234,0
DA:238,0
DA:239,0
DA:242,0
DA:246,0
DA:249,0
DA:250,0
DA:251,0
DA:255,0
DA:256,0
DA:258,0
DA:260,0
DA:263,0
DA:275,0
DA:276,0
DA:277,0
DA:278,0
DA:279,0
DA:283,0
DA:284,0
DA:285,0
DA:286,0
DA:287,0
DA:288,0
DA:289,0
DA:290,0
DA:291,0
DA:293,0
DA:294,0
DA:299,0
DA:301,0
DA:305,0
DA:306,0
DA:307,0
DA:308,0
DA:309,0
DA:310,0
DA:314,0
DA:315,0
DA:316,0
DA:317,0
DA:318,0
DA:319,0
DA:320,0
DA:321,0
DA:322,0
DA:323,0
DA:325,0
DA:326,0
DA:331,0
DA:333,0
DA:355,0
DA:361,0
DA:364,0
DA:365,0
DA:368,0
DA:369,0
DA:370,0
LF:68
LH:0
BRDA:250,0,0,0
BRDA:250,0,1,0
BRDA:255,1,0,0
BRDA:255,1,1,0
BRDA:294,2,0,0
BRDA:294,2,1,0
BRDA:326,3,0,0
BRDA:326,3,1,0
BRDA:365,4,0,0
BRDA:365,4,1,0
BRF:10
BRH:0
end_of_record
TN:
SF:D:\Edward\GitHub\CardGame\CDFrontend\card_front\src\components\table\playerItemPanel.vue
FN:103,(anonymous_1)
FN:112,(anonymous_2)
FN:154,(anonymous_3)
FN:159,(anonymous_4)
FN:163,(anonymous_5)
FN:173,(anonymous_6)
FN:179,(anonymous_7)
FN:188,(anonymous_8)
FN:193,(anonymous_9)
FN:203,(anonymous_10)
FN:208,(anonymous_11)
FN:212,(anonymous_12)
FN:214,(anonymous_13)
FN:220,(anonymous_14)
FN:224,(anonymous_15)
FN:228,(anonymous_16)
FN:235,(anonymous_17)
FN:241,(anonymous_18)
FN:249,(anonymous_19)
FN:258,(anonymous_20)
FN:262,(anonymous_21)
FN:266,(anonymous_22)
FN:273,(anonymous_23)
FN:282,(anonymous_24)
FN:287,(anonymous_25)
FN:291,(anonymous_26)
FN:306,(anonymous_27)
FN:309,(anonymous_28)
FN:313,(anonymous_29)
FN:314,(anonymous_30)
FNF:30
FNH:0
FNDA:0,(anonymous_1)
FNDA:0,(anonymous_2)
FNDA:0,(anonymous_3)
FNDA:0,(anonymous_4)
FNDA:0,(anonymous_5)
FNDA:0,(anonymous_6)
FNDA:0,(anonymous_7)
FNDA:0,(anonymous_8)
FNDA:0,(anonymous_9)
FNDA:0,(anonymous_10)
FNDA:0,(anonymous_11)
FNDA:0,(anonymous_12)
FNDA:0,(anonymous_13)
FNDA:0,(anonymous_14)
FNDA:0,(anonymous_15)
FNDA:0,(anonymous_16)
FNDA:0,(anonymous_17)
FNDA:0,(anonymous_18)
FNDA:0,(anonymous_19)
FNDA:0,(anonymous_20)
FNDA:0,(anonymous_21)
FNDA:0,(anonymous_22)
FNDA:0,(anonymous_23)
FNDA:0,(anonymous_24)
FNDA:0,(anonymous_25)
FNDA:0,(anonymous_26)
FNDA:0,(anonymous_27)
FNDA:0,(anonymous_28)
FNDA:0,(anonymous_29)
FNDA:0,(anonymous_30)
DA:92,0
DA:93,0
DA:94,0
DA:95,0
DA:96,0
DA:104,0
DA:109,0
DA:113,0
DA:155,0
DA:156,0
DA:160,0
DA:164,0
DA:165,0
DA:166,0
DA:167,0
DA:168,0
DA:169,0
DA:171,0
DA:175,0
DA:176,0
DA:177,0
DA:178,0
DA:179,0
DA:180,0
DA:181,0
DA:182,0
DA:184,0
DA:189,0
DA:190,0
DA:191,0
DA:192,0
DA:193,0
DA:194,0
DA:195,0
DA:196,0
DA:197,0
DA:199,0
DA:204,0
DA:205,0
DA:206,0
DA:207,0
DA:208,0
DA:209,0
DA:213,0
DA:214,0
DA:216,0
DA:220,0
DA:221,0
DA:225,0
DA:226,0
DA:229,0
DA:233,0
DA:236,0
DA:237,0
DA:238,0
DA:242,0
DA:243,0
DA:245,0
DA:247,0
DA:250,0
DA:259,0
DA:260,0
DA:261,0
DA:262,0
DA:263,0
DA:267,0
DA:268,0
DA:269,0
DA:270,0
DA:271,0
DA:273,0
DA:274,0
DA:276,0
DA:283,0
DA:285,0
DA:286,0
DA:287,0
DA:288,0
DA:310,0
DA:311,0
DA:314,0
DA:315,0
DA:316,0
LF:83
LH:0
BRDA:181,0,0,0
BRDA:181,0,1,0
BRDA:194,1,0,0
BRDA:194,1,1,0
BRDA:237,2,0,0
BRDA:237,2,1,0
BRDA:242,3,0,0
BRDA:242,3,1,0
BRDA:274,4,0,0
BRDA:274,4,1,0
BRDA:311,5,0,0
BRDA:311,5,1,0
BRF:12
BRH:0
end_of_record
TN:
SF:D:\Edward\GitHub\CardGame\CDFrontend\card_front\src\components\table\playerPanel.vue
FN:18,(anonymous_1)
FN:24,(anonymous_2)
FNF:2
FNH:0
FNDA:0,(anonymous_1)
FNDA:0,(anonymous_2)
DA:11,0
DA:12,0
DA:13,0
DA:19,0
DA:25,0
LF:5
LH:0
BRF:0
BRH:0
end_of_record
TN:
SF:D:\Edward\GitHub\CardGame\CDFrontend\card_front\src\utils\clipboard.js
FN:4,clipboardSuccess
FN:12,clipboardError
FN:19,handleClipboard
FN:21,(anonymous_3)
FN:23,(anonymous_4)
FN:27,(anonymous_5)
FNF:6
FNH:0
FNDA:0,clipboardSuccess
FNDA:0,clipboardError
FNDA:0,handleClipboard
FNDA:0,(anonymous_3)
FNDA:0,(anonymous_4)
FNDA:0,(anonymous_5)
DA:5,0
DA:13,0
DA:20,0
DA:21,0
DA:23,0
DA:24,0
DA:25,0
DA:27,0
DA:28,0
DA:29,0
DA:31,0
LF:11
LH:0
BRF:0
BRH:0
end_of_record
TN:
SF:D:\Edward\GitHub\CardGame\CDFrontend\card_front\src\utils\error-log.js
FN:10,checkNeed
FN:22,(anonymous_1)
FN:25,(anonymous_2)
FNF:3
FNH:0
FNDA:0,checkNeed
FNDA:0,(anonymous_1)
FNDA:0,(anonymous_2)
DA:8,0
DA:11,0
DA:12,0
DA:13,0
DA:15,0
DA:16,0
DA:18,0
DA:21,0
DA:22,0
DA:25,0
DA:26,0
DA:32,0
LF:12
LH:0
BRDA:12,0,0,0
BRDA:12,0,1,0
BRDA:15,1,0,0
BRDA:15,1,1,0
BRDA:21,2,0,0
BRDA:21,2,1,0
BRF:6
BRH:0
end_of_record
TN:
SF:D:\Edward\GitHub\CardGame\CDFrontend\card_front\src\utils\get-page-title.js
FN:5,getPageTitle
FNF:1
FNH:0
FNDA:0,getPageTitle
DA:3,0
DA:6,0
DA:7,0
DA:9,0
LF:4
LH:0
BRDA:3,0,0,0
BRDA:3,0,1,0
BRDA:6,1,0,0
BRDA:6,1,1,0
BRF:4
BRH:0
end_of_record
TN:
SF:D:\Edward\GitHub\CardGame\CDFrontend\card_front\src\utils\index.js
FN:11,parseTime
FN:45,(anonymous_1)
FN:59,formatTime
FN:101,getQueryObject
FN:106,(anonymous_4)
FN:120,byteLength
FN:136,cleanArray
FN:150,param
FN:153,(anonymous_8)
FN:164,param2Obj
FN:171,(anonymous_10)
FN:186,html2Text
FN:198,objectMerge
FN:205,(anonymous_13)
FN:220,toggleClass
FN:240,getTime
FN:254,debounce
FN:257,(anonymous_17)
FN:274,(anonymous_18)
FN:296,deepClone
FN:301,(anonymous_20)
FN:315,uniqueArr
FN:322,createUniqueString
FN:334,hasClass
FN:343,addClass
FN:352,removeClass
FNF:26
FNH:0
FNDA:0,parseTime
FNDA:0,(anonymous_1)
FNDA:0,formatTime
FNDA:0,getQueryObject
FNDA:0,(anonymous_4)
FNDA:0,byteLength
FNDA:0,cleanArray
FNDA:0,param
FNDA:0,(anonymous_8)
FNDA:0,param2Obj
FNDA:0,(anonymous_10)
FNDA:0,html2Text
FNDA:0,objectMerge
FNDA:0,(anonymous_13)
FNDA:0,toggleClass
FNDA:0,getTime
FNDA:0,debounce
FNDA:0,(anonymous_17)
FNDA:0,(anonymous_18)
FNDA:0,deepClone
FNDA:0,(anonymous_20)
FNDA:0,uniqueArr
FNDA:0,createUniqueString
FNDA:0,hasClass
FNDA:0,addClass
FNDA:0,removeClass
DA:12,0
DA:13,0
DA:15,0
DA:17,0
DA:18,0
DA:20,0
DA:21,0
DA:23,0
DA:27,0
DA:31,0
DA:32,0
DA:34,0
DA:36,0
DA:45,0
DA:46,0
DA:48,0
DA:49,0
DA:51,0
DA:60,0
DA:61,0
DA:63,0
DA:65,0
DA:66,0
DA:68,0
DA:70,0
DA:71,0
DA:72,0
DA:74,0
DA:75,0
DA:76,0
DA:77,0
DA:78,0
DA:80,0
DA:81,0
DA:83,0
DA:102,0
DA:103,0
DA:104,0
DA:105,0
DA:106,0
DA:107,0
DA:108,0
DA:109,0
DA:110,0
DA:111,0
DA:113,0
DA:122,0
DA:123,0
DA:124,0
DA:125,0
DA:126,0
DA:127,0
DA:129,0
DA:137,0
DA:138,0
DA:139,0
DA:140,0
DA:143,0
DA:151,0
DA:152,0
DA:154,0
DA:155,0
DA:165,0
DA:166,0
DA:167,0
DA:169,0
DA:170,0
DA:171,0
DA:172,0
DA:173,0
DA:174,0
DA:175,0
DA:176,0
DA:179,0
DA:187,0
DA:188,0
DA:189,0
DA:199,0
DA:200,0
DA:202,0
DA:203,0
DA:205,0
DA:206,0
DA:207,0
DA:208,0
DA:210,0
DA:213,0
DA:221,0
DA:222,0
DA:224,0
DA:225,0
DA:226,0
DA:227,0
DA:229,0
DA:233,0
DA:241,0
DA:242,0
DA:244,0
DA:257,0
DA:259,0
DA:262,0
DA:263,0
DA:265,0
DA:267,0
DA:268,0
DA:269,0
DA:274,0
DA:275,0
DA:276,0
DA:277,0
DA:279,0
DA:280,0
DA:281,0
DA:282,0
DA:285,0
DA:297,0
DA:298,0
DA:300,0
DA:301,0
DA:302,0
DA:303,0
DA:305,0
DA:308,0
DA:316,0
DA:323,0
DA:324,0
DA:325,0
DA:335,0
DA:344,0
DA:353,0
DA:354,0
DA:355,0
LF:132
LH:0
BRDA:12,0,0,0
BRDA:12,0,1,0
BRDA:12,1,0,0
BRDA:12,1,1,0
BRDA:15,2,0,0
BRDA:15,2,1,0
BRDA:17,3,0,0
BRDA:17,3,1,0
BRDA:20,4,0,0
BRDA:20,4,1,0
BRDA:21,5,0,0
BRDA:21,5,1,0
BRDA:31,6,0,0
BRDA:31,6,1,0
BRDA:31,7,0,0
BRDA:31,7,1,0
BRDA:48,8,0,0
BRDA:48,8,1,0
BRDA:60,9,0,0
BRDA:60,9,1,0
BRDA:70,10,0,0
BRDA:70,10,1,0
BRDA:72,11,0,0
BRDA:72,11,1,0
BRDA:75,12,0,0
BRDA:75,12,1,0
BRDA:77,13,0,0
BRDA:77,13,1,0
BRDA:80,14,0,0
BRDA:80,14,1,0
BRDA:102,15,0,0
BRDA:102,15,1,0
BRDA:125,16,0,0
BRDA:125,16,1,0
BRDA:125,17,0,0
BRDA:125,17,1,0
BRDA:126,18,0,0
BRDA:126,18,1,0
BRDA:126,19,0,0
BRDA:126,19,1,0
BRDA:127,20,0,0
BRDA:127,20,1,0
BRDA:127,21,0,0
BRDA:127,21,1,0
BRDA:139,22,0,0
BRDA:139,22,1,0
BRDA:151,23,0,0
BRDA:151,23,1,0
BRDA:154,24,0,0
BRDA:154,24,1,0
BRDA:166,25,0,0
BRDA:166,25,1,0
BRDA:173,26,0,0
BRDA:173,26,1,0
BRDA:189,27,0,0
BRDA:189,27,1,0
BRDA:199,28,0,0
BRDA:199,28,1,0
BRDA:202,29,0,0
BRDA:202,29,1,0
BRDA:207,30,0,0
BRDA:207,30,1,0
BRDA:221,31,0,0
BRDA:221,31,1,0
BRDA:221,32,0,0
BRDA:221,32,1,0
BRDA:226,33,0,0
BRDA:226,33,1,0
BRDA:241,34,0,0
BRDA:241,34,1,0
BRDA:262,35,0,0
BRDA:262,35,1,0
BRDA:262,36,0,0
BRDA:262,36,1,0
BRDA:267,37,0,0
BRDA:267,37,1,0
BRDA:269,38,0,0
BRDA:269,38,1,0
BRDA:277,39,0,0
BRDA:277,39,1,0
BRDA:279,40,0,0
BRDA:279,40,1,0
BRDA:280,41,0,0
BRDA:280,41,1,0
BRDA:297,42,0,0
BRDA:297,42,1,0
BRDA:297,43,0,0
BRDA:297,43,1,0
BRDA:300,44,0,0
BRDA:300,44,1,0
BRDA:302,45,0,0
BRDA:302,45,1,0
BRDA:302,46,0,0
BRDA:302,46,1,0
BRDA:344,47,0,0
BRDA:344,47,1,0
BRDA:353,48,0,0
BRDA:353,48,1,0
BRF:98
BRH:0
end_of_record
TN:
SF:D:\Edward\GitHub\CardGame\CDFrontend\card_front\src\utils\open-window.js
FN:8,openWindow
FNF:1
FNH:0
FNDA:0,openWindow
DA:10,0
DA:11,0
DA:13,0
DA:14,0
DA:16,0
DA:17,0
DA:18,0
DA:21,0
DA:22,0
LF:9
LH:0
BRDA:10,0,0,0
BRDA:10,0,1,0
BRDA:11,1,0,0
BRDA:11,1,1,0
BRDA:13,2,0,0
BRDA:13,2,1,0
BRDA:13,3,0,0
BRDA:13,3,1,0
BRDA:14,4,0,0
BRDA:14,4,1,0
BRDA:14,5,0,0
BRDA:14,5,1,0
BRDA:21,6,0,0
BRDA:21,6,1,0
BRF:14
BRH:0
end_of_record
TN:
SF:D:\Edward\GitHub\CardGame\CDFrontend\card_front\src\utils\permission.js
FN:8,checkPermission
FN:13,(anonymous_1)
FNF:2
FNH:0
FNDA:0,checkPermission
FNDA:0,(anonymous_1)
DA:9,0
DA:10,0
DA:11,0
DA:13,0
DA:14,0
DA:16,0
DA:18,0
DA:19,0
LF:8
LH:0
BRDA:9,0,0,0
BRDA:9,0,1,0
BRDA:9,1,0,0
BRDA:9,1,1,0
BRDA:9,1,2,0
BRDA:10,2,0,0
BRDA:10,2,1,0
BRF:7
BRH:0
end_of_record
TN:
SF:D:\Edward\GitHub\CardGame\CDFrontend\card_front\src\utils\scroll-to.js
FN:1,(anonymous_0)
FN:11,(anonymous_1)
FN:12,(anonymous_2)
FN:19,move
FN:25,position
FN:34,scrollTo
FN:40,(anonymous_6)
FNF:7
FNH:0
FNDA:0,(anonymous_0)
FNDA:0,(anonymous_1)
FNDA:0,(anonymous_2)
FNDA:0,move
FNDA:0,position
FNDA:0,scrollTo
FNDA:0,(anonymous_6)
DA:1,0
DA:2,0
DA:3,0
DA:4,0
DA:6,0
DA:7,0
DA:11,0
DA:12,0
DA:20,0
DA:21,0
DA:22,0
DA:26,0
DA:35,0
DA:36,0
DA:37,0
DA:38,0
DA:39,0
DA:40,0
DA:42,0
DA:44,0
DA:46,0
DA:48,0
DA:49,0
DA:51,0
DA:53,0
DA:57,0
LF:26
LH:0
BRDA:3,0,0,0
BRDA:3,0,1,0
BRDA:12,1,0,0
BRDA:12,1,1,0
BRDA:12,1,2,0
BRDA:12,1,3,0
BRDA:26,2,0,0
BRDA:26,2,1,0
BRDA:26,2,2,0
BRDA:39,3,0,0
BRDA:39,3,1,0
BRDA:48,4,0,0
BRDA:48,4,1,0
BRDA:51,5,0,0
BRDA:51,5,1,0
BRDA:51,6,0,0
BRDA:51,6,1,0
BRF:17
BRH:0
end_of_record
TN:
SF:D:\Edward\GitHub\CardGame\CDFrontend\card_front\src\utils\validate.js
FN:11,isExternal
FN:19,validUsername
FN:30,validPassword
FN:41,validURL
FN:50,validLowerCase
FN:59,validUpperCase
FN:68,validAlphabets
FN:77,validEmail
FN:86,isString
FN:97,isArray
FNF:10
FNH:0
FNDA:0,isExternal
FNDA:0,validUsername
FNDA:0,validPassword
FNDA:0,validURL
FNDA:0,validLowerCase
FNDA:0,validUpperCase
FNDA:0,validAlphabets
FNDA:0,validEmail
FNDA:0,isString
FNDA:0,isArray
DA:12,0
DA:26,0
DA:27,0
DA:34,0
DA:42,0
DA:43,0
DA:51,0
DA:52,0
DA:60,0
DA:61,0
DA:69,0
DA:70,0
DA:78,0
DA:79,0
DA:87,0
DA:88,0
DA:90,0
DA:98,0
DA:99,0
DA:101,0
LF:20
LH:0
BRDA:87,0,0,0
BRDA:87,0,1,0
BRDA:87,1,0,0
BRDA:87,1,1,0
BRDA:98,2,0,0
BRDA:98,2,1,0
BRF:6
BRH:0
end_of_record
