-------------------------------------------------------------------------------
Test set: com.example.accessingdatamysql.GeneralTests.Controller.ChapterControllerTest
-------------------------------------------------------------------------------
Tests run: 8, Failures: 2, Errors: 3, Skipped: 0, Time elapsed: 2.904 s <<< FAILURE! - in com.example.accessingdatamysql.GeneralTests.Controller.ChapterControllerTest
getChapterDetailsByChapter  Time elapsed: 0.435 s  <<< FAILURE!
java.lang.AssertionError: Status expected:<200> but was:<404>
	at com.example.accessingdatamysql.GeneralTests.Controller.ChapterControllerTest.getChapterDetailsByChapter(ChapterControllerTest.java:131)

updateChapterAwards  Time elapsed: 0.526 s  <<< ERROR!
org.springframework.web.util.NestedServletException: Request processing failed; nested exception is com.alibaba.fastjson.JSONException: syntax error, pos 23, line 1, column 24updateChapterAwardsTest
	at com.example.accessingdatamysql.GeneralTests.Controller.ChapterControllerTest.updateChapterAwards(ChapterControllerTest.java:90)
Caused by: com.alibaba.fastjson.JSONException: syntax error, pos 23, line 1, column 24updateChapterAwardsTest
	at com.example.accessingdatamysql.GeneralTests.Controller.ChapterControllerTest.updateChapterAwards(ChapterControllerTest.java:90)

updateChapterPhaseAwards  Time elapsed: 0.451 s  <<< ERROR!
org.springframework.web.util.NestedServletException: Request processing failed; nested exception is com.alibaba.fastjson.JSONException: syntax error, pos 28, line 1, column 29updateChapterPhaseAwardsTest
	at com.example.accessingdatamysql.GeneralTests.Controller.ChapterControllerTest.updateChapterPhaseAwards(ChapterControllerTest.java:77)
Caused by: com.alibaba.fastjson.JSONException: syntax error, pos 28, line 1, column 29updateChapterPhaseAwardsTest
	at com.example.accessingdatamysql.GeneralTests.Controller.ChapterControllerTest.updateChapterPhaseAwards(ChapterControllerTest.java:77)

updateChapterPhaseStrategy  Time elapsed: 0.359 s  <<< ERROR!
com.fasterxml.jackson.core.JsonParseException: 
Unrecognized token 'updateChapterPhaseStrategyTest': was expecting (JSON String, Number, Array, Object or token 'null', 'true' or 'false')
 at [Source: (String)"updateChapterPhaseStrategyTest"; line: 1, column: 31]
	at com.example.accessingdatamysql.GeneralTests.Controller.ChapterControllerTest.updateChapterPhaseStrategy(ChapterControllerTest.java:64)

getAllChapterDetails  Time elapsed: 0.416 s  <<< FAILURE!
java.lang.AssertionError: Status expected:<200> but was:<404>
	at com.example.accessingdatamysql.GeneralTests.Controller.ChapterControllerTest.getAllChapterDetails(ChapterControllerTest.java:144)

