<?xml version="1.0" encoding="UTF-8"?>
<testsuite xmlns:xsi="http://www.w3.org/2001/XMLSchema-instance" xsi:schemaLocation="https://maven.apache.org/surefire/maven-surefire-plugin/xsd/surefire-test-report.xsd" name="com.example.accessingdatamysql.GeneralTests.Controller.MailControllerTest" time="3.141" tests="8" errors="0" skipped="0" failures="0">
  <properties>
[...]
</properties>
  <testcase name="deleteMails" classname="com.example.accessingdatamysql.GeneralTests.Controller.MailControllerTest" time="0.42"/>
  <testcase name="findMailByMailId" classname="com.example.accessingdatamysql.GeneralTests.Controller.MailControllerTest" time="0.367"/>
  <testcase name="addNewMail" classname="com.example.accessingdatamysql.GeneralTests.Controller.MailControllerTest" time="0.45"/>
  <testcase name="getAllMails" classname="com.example.accessingdatamysql.GeneralTests.Controller.MailControllerTest" time="0.424"/>
  <testcase name="updateMail" classname="com.example.accessingdatamysql.GeneralTests.Controller.MailControllerTest" time="0.347"/>
  <testcase name="deleteAllMails" classname="com.example.accessingdatamysql.GeneralTests.Controller.MailControllerTest" time="0.361"/>
  <testcase name="contextLoads" classname="com.example.accessingdatamysql.GeneralTests.Controller.MailControllerTest" time="0.036"/>
  <testcase name="deleteMail" classname="com.example.accessingdatamysql.GeneralTests.Controller.MailControllerTest" time="0.457"/>
</testsuite>