<?xml version="1.0" encoding="UTF-8"?>
<testsuite xmlns:xsi="http://www.w3.org/2001/XMLSchema-instance" xsi:schemaLocation="https://maven.apache.org/surefire/maven-surefire-plugin/xsd/surefire-test-report.xsd" name="com.example.accessingdatamysql.GeneralTests.Controller.ItemControllerTest" time="5.131" tests="8" errors="0" skipped="0" failures="0">
  <properties>
[...]
</properties>
  <testcase name="deleteItems" classname="com.example.accessingdatamysql.GeneralTests.Controller.ItemControllerTest" time="0.677"/>
  <testcase name="addNewItem" classname="com.example.accessingdatamysql.GeneralTests.Controller.ItemControllerTest" time="0.619"/>
  <testcase name="getAllItems" classname="com.example.accessingdatamysql.GeneralTests.Controller.ItemControllerTest" time="0.568"/>
  <testcase name="updateItem" classname="com.example.accessingdatamysql.GeneralTests.Controller.ItemControllerTest" time="0.644"/>
  <testcase name="deleteAllItems" classname="com.example.accessingdatamysql.GeneralTests.Controller.ItemControllerTest" time="0.489"/>
  <testcase name="ListPage" classname="com.example.accessingdatamysql.GeneralTests.Controller.ItemControllerTest" time="0.549"/>
  <testcase name="deleteItem" classname="com.example.accessingdatamysql.GeneralTests.Controller.ItemControllerTest" time="0.603"/>
  <testcase name="findItemByItemId" classname="com.example.accessingdatamysql.GeneralTests.Controller.ItemControllerTest" time="0.645"/>
</testsuite>