# JRE version: Java(TM) SE Runtime Environment (8.0_211-b12) (build 1.8.0_211-b12)
# Java VM: Java HotSpot(TM) 64-Bit Server VM (25.211-b12 mixed mode windows-amd64 compressed oops)
Heap:
 PSYoungGen      total 293376K, used 39803K [0x0000000755f00000, 0x000000076d000000, 0x00000007c0000000)
  eden space 277504K, 14% used [0x0000000755f00000,0x00000007585dee60,0x0000000766e00000)
  from space 15872K, 0% used [0x0000000768280000,0x0000000768280000,0x0000000769200000)
  to   space 20992K, 0% used [0x0000000766e00000,0x0000000766e00000,0x0000000768280000)
 ParOldGen       total 1863680K, used 1429562K [0x0000000681c00000, 0x00000006f3800000, 0x0000000755f00000)
  object space 1863680K, 76% used [0x0000000681c00000,0x00000006d900e978,0x00000006f3800000)
 Metaspace       used 68677K, capacity 72282K, committed 72792K, reserved 1112064K
  class space    used 9312K, capacity 9914K, committed 10072K, reserved 1048576K
GC Heap History (10 events):
Event: 284.463 GC heap before
{Heap before GC invocations=17 (full 5):
 PSYoungGen      total 281600K, used 49918K [0x0000000755f00000, 0x0000000769200000, 0x00000007c0000000)
  eden space 262656K, 19% used [0x0000000755f00000,0x0000000758fbf8b0,0x0000000765f80000)
  from space 18944K, 0% used [0x0000000766d00000,0x0000000766d00000,0x0000000767f80000)
  to   space 15872K, 0% used [0x0000000768280000,0x0000000768280000,0x0000000769200000)
 ParOldGen       total 1669120K, used 1431743K [0x0000000681c00000, 0x00000006e7a00000, 0x0000000755f00000)
  object space 1669120K, 85% used [0x0000000681c00000,0x00000006d922feb8,0x00000006e7a00000)
 Metaspace       used 68547K, capacity 72176K, committed 72792K, reserved 1112064K
  class space    used 9290K, capacity 9899K, committed 10072K, reserved 1048576K
Event: 284.471 GC heap after
Heap after GC invocations=17 (full 5):
 PSYoungGen      total 278528K, used 519K [0x0000000755f00000, 0x0000000769200000, 0x00000007c0000000)
  eden space 262656K, 0% used [0x0000000755f00000,0x0000000755f00000,0x0000000765f80000)
  from space 15872K, 3% used [0x0000000768280000,0x0000000768301e18,0x0000000769200000)
  to   space 18944K, 0% used [0x0000000766d00000,0x0000000766d00000,0x0000000767f80000)
 ParOldGen       total 1669120K, used 1431743K [0x0000000681c00000, 0x00000006e7a00000, 0x0000000755f00000)
  object space 1669120K, 85% used [0x0000000681c00000,0x00000006d922feb8,0x00000006e7a00000)
 Metaspace       used 68547K, capacity 72176K, committed 72792K, reserved 1112064K
  class space    used 9290K, capacity 9899K, committed 10072K, reserved 1048576K
}
Event: 284.471 GC heap before
{Heap before GC invocations=18 (full 5):
 PSYoungGen      total 278528K, used 519K [0x0000000755f00000, 0x0000000769200000, 0x00000007c0000000)
  eden space 262656K, 0% used [0x0000000755f00000,0x0000000755f00000,0x0000000765f80000)
  from space 15872K, 3% used [0x0000000768280000,0x0000000768301e18,0x0000000769200000)
  to   space 18944K, 0% used [0x0000000766d00000,0x0000000766d00000,0x0000000767f80000)
 ParOldGen       total 1669120K, used 1431743K [0x0000000681c00000, 0x00000006e7a00000, 0x0000000755f00000)
  object space 1669120K, 85% used [0x0000000681c00000,0x00000006d922feb8,0x00000006e7a00000)
 Metaspace       used 68547K, capacity 72176K, committed 72792K, reserved 1112064K
  class space    used 9290K, capacity 9899K, committed 10072K, reserved 1048576K
Event: 284.477 GC heap after
Heap after GC invocations=18 (full 5):
 PSYoungGen      total 281600K, used 519K [0x0000000755f00000, 0x0000000769200000, 0x00000007c0000000)
  eden space 262656K, 0% used [0x0000000755f00000,0x0000000755f00000,0x0000000765f80000)
  from space 18944K, 2% used [0x0000000766d00000,0x0000000766d81e18,0x0000000767f80000)
  to   space 15872K, 0% used [0x0000000768280000,0x0000000768280000,0x0000000769200000)
 ParOldGen       total 1669120K, used 1431743K [0x0000000681c00000, 0x00000006e7a00000, 0x0000000755f00000)
  object space 1669120K, 85% used [0x0000000681c00000,0x00000006d922feb8,0x00000006e7a00000)
 Metaspace       used 68547K, capacity 72176K, committed 72792K, reserved 1112064K
  class space    used 9290K, capacity 9899K, committed 10072K, reserved 1048576K
}
Event: 284.477 GC heap before
{Heap before GC invocations=19 (full 6):
 PSYoungGen      total 281600K, used 519K [0x0000000755f00000, 0x0000000769200000, 0x00000007c0000000)
  eden space 262656K, 0% used [0x0000000755f00000,0x0000000755f00000,0x0000000765f80000)
  from space 18944K, 2% used [0x0000000766d00000,0x0000000766d81e18,0x0000000767f80000)
  to   space 15872K, 0% used [0x0000000768280000,0x0000000768280000,0x0000000769200000)
 ParOldGen       total 1669120K, used 1431743K [0x0000000681c00000, 0x00000006e7a00000, 0x0000000755f00000)
  object space 1669120K, 85% used [0x0000000681c00000,0x00000006d922feb8,0x00000006e7a00000)
 Metaspace       used 68547K, capacity 72176K, committed 72792K, reserved 1112064K
  class space    used 9290K, capacity 9899K, committed 10072K, reserved 1048576K
Event: 284.552 GC heap after
Heap after GC invocations=19 (full 6):
 PSYoungGen      total 281600K, used 0K [0x0000000755f00000, 0x0000000769200000, 0x00000007c0000000)
  eden space 262656K, 0% used [0x0000000755f00000,0x0000000755f00000,0x0000000765f80000)
  from space 18944K, 0% used [0x0000000766d00000,0x0000000766d00000,0x0000000767f80000)
  to   space 15872K, 0% used [0x0000000768280000,0x0000000768280000,0x0000000769200000)
 ParOldGen       total 1863680K, used 1429847K [0x0000000681c00000, 0x00000006f3800000, 0x0000000755f00000)
  object space 1863680K, 76% used [0x0000000681c00000,0x00000006d9055dd8,0x00000006f3800000)
 Metaspace       used 68547K, capacity 72176K, committed 72792K, reserved 1112064K
  class space    used 9290K, capacity 9899K, committed 10072K, reserved 1048576K
}
Event: 284.552 GC heap before
{Heap before GC invocations=20 (full 6):
 PSYoungGen      total 281600K, used 0K [0x0000000755f00000, 0x0000000769200000, 0x00000007c0000000)
  eden space 262656K, 0% used [0x0000000755f00000,0x0000000755f00000,0x0000000765f80000)
  from space 18944K, 0% used [0x0000000766d00000,0x0000000766d00000,0x0000000767f80000)
  to   space 15872K, 0% used [0x0000000768280000,0x0000000768280000,0x0000000769200000)
 ParOldGen       total 1863680K, used 1429847K [0x0000000681c00000, 0x00000006f3800000, 0x0000000755f00000)
  object space 1863680K, 76% used [0x0000000681c00000,0x00000006d9055dd8,0x00000006f3800000)
 Metaspace       used 68547K, capacity 72176K, committed 72792K, reserved 1112064K
  class space    used 9290K, capacity 9899K, committed 10072K, reserved 1048576K
Event: 284.559 GC heap after
Heap after GC invocations=20 (full 6):
 PSYoungGen      total 293376K, used 0K [0x0000000755f00000, 0x000000076d000000, 0x00000007c0000000)
  eden space 277504K, 0% used [0x0000000755f00000,0x0000000755f00000,0x0000000766e00000)
  from space 15872K, 0% used [0x0000000768280000,0x0000000768280000,0x0000000769200000)
  to   space 20992K, 0% used [0x0000000766e00000,0x0000000766e00000,0x0000000768280000)
 ParOldGen       total 1863680K, used 1429847K [0x0000000681c00000, 0x00000006f3800000, 0x0000000755f00000)
  object space 1863680K, 76% used [0x0000000681c00000,0x00000006d9055dd8,0x00000006f3800000)
 Metaspace       used 68547K, capacity 72176K, committed 72792K, reserved 1112064K
  class space    used 9290K, capacity 9899K, committed 10072K, reserved 1048576K
}
Event: 284.559 GC heap before
{Heap before GC invocations=21 (full 7):
 PSYoungGen      total 293376K, used 0K [0x0000000755f00000, 0x000000076d000000, 0x00000007c0000000)
  eden space 277504K, 0% used [0x0000000755f00000,0x0000000755f00000,0x0000000766e00000)
  from space 15872K, 0% used [0x0000000768280000,0x0000000768280000,0x0000000769200000)
  to   space 20992K, 0% used [0x0000000766e00000,0x0000000766e00000,0x0000000768280000)
 ParOldGen       total 1863680K, used 1429847K [0x0000000681c00000, 0x00000006f3800000, 0x0000000755f00000)
  object space 1863680K, 76% used [0x0000000681c00000,0x00000006d9055dd8,0x00000006f3800000)
 Metaspace       used 68547K, capacity 72176K, committed 72792K, reserved 1112064K
  class space    used 9290K, capacity 9899K, committed 10072K, reserved 1048576K
Event: 284.903 GC heap after
Heap after GC invocations=21 (full 7):
 PSYoungGen      total 293376K, used 0K [0x0000000755f00000, 0x000000076d000000, 0x00000007c0000000)
  eden space 277504K, 0% used [0x0000000755f00000,0x0000000755f00000,0x0000000766e00000)
  from space 15872K, 0% used [0x0000000768280000,0x0000000768280000,0x0000000769200000)
  to   space 20992K, 0% used [0x0000000766e00000,0x0000000766e00000,0x0000000768280000)
 ParOldGen       total 1863680K, used 1429562K [0x0000000681c00000, 0x00000006f3800000, 0x0000000755f00000)
  object space 1863680K, 76% used [0x0000000681c00000,0x00000006d900e978,0x00000006f3800000)
 Metaspace       used 68547K, capacity 72176K, committed 72792K, reserved 1112064K
  class space    used 9290K, capacity 9899K, committed 10072K, reserved 1048576K
}

