{"total": {"lines":{"total":608,"covered":212,"skipped":0,"pct":34.87},"statements":{"total":629,"covered":216,"skipped":0,"pct":34.34},"functions":{"total":204,"covered":68,"skipped":0,"pct":33.33},"branches":{"total":250,"covered":46,"skipped":0,"pct":18.4}}
,"D:\\Edward\\GitHub\\CardGame\\CDFrontend\\card_front\\src\\main.js": {"lines":{"total":6,"covered":6,"skipped":0,"pct":100},"functions":{"total":2,"covered":2,"skipped":0,"pct":100},"statements":{"total":6,"covered":6,"skipped":0,"pct":100},"branches":{"total":2,"covered":2,"skipped":0,"pct":100}}
,"D:\\Edward\\GitHub\\CardGame\\CDFrontend\\card_front\\src\\permission.js": {"lines":{"total":33,"covered":25,"skipped":0,"pct":75.76},"functions":{"total":2,"covered":2,"skipped":0,"pct":100},"statements":{"total":33,"covered":25,"skipped":0,"pct":75.76},"branches":{"total":12,"covered":8,"skipped":0,"pct":66.67}}
,"D:\\Edward\\GitHub\\CardGame\\CDFrontend\\card_front\\src\\settings.js": {"lines":{"total":1,"covered":1,"skipped":0,"pct":100},"functions":{"total":0,"covered":0,"skipped":0,"pct":100},"statements":{"total":1,"covered":1,"skipped":0,"pct":100},"branches":{"total":0,"covered":0,"skipped":0,"pct":100}}
,"D:\\Edward\\GitHub\\CardGame\\CDFrontend\\card_front\\src\\api\\user.js": {"lines":{"total":10,"covered":8,"skipped":0,"pct":80},"functions":{"total":3,"covered":2,"skipped":0,"pct":66.67},"statements":{"total":10,"covered":8,"skipped":0,"pct":80},"branches":{"total":0,"covered":0,"skipped":0,"pct":100}}
,"D:\\Edward\\GitHub\\CardGame\\CDFrontend\\card_front\\src\\directive\\waves\\index.js": {"lines":{"total":6,"covered":3,"skipped":0,"pct":50},"functions":{"total":1,"covered":0,"skipped":0,"pct":0},"statements":{"total":6,"covered":3,"skipped":0,"pct":50},"branches":{"total":2,"covered":1,"skipped":0,"pct":50}}
,"D:\\Edward\\GitHub\\CardGame\\CDFrontend\\card_front\\src\\directive\\waves\\waves.js": {"lines":{"total":34,"covered":1,"skipped":0,"pct":2.94},"functions":{"total":5,"covered":0,"skipped":0,"pct":0},"statements":{"total":34,"covered":1,"skipped":0,"pct":2.94},"branches":{"total":12,"covered":0,"skipped":0,"pct":0}}
,"D:\\Edward\\GitHub\\CardGame\\CDFrontend\\card_front\\src\\filters\\index.js": {"lines":{"total":16,"covered":0,"skipped":0,"pct":0},"functions":{"total":6,"covered":0,"skipped":0,"pct":0},"statements":{"total":18,"covered":0,"skipped":0,"pct":0},"branches":{"total":10,"covered":0,"skipped":0,"pct":0}}
,"D:\\Edward\\GitHub\\CardGame\\CDFrontend\\card_front\\src\\icons\\index.js": {"lines":{"total":4,"covered":4,"skipped":0,"pct":100},"functions":{"total":1,"covered":1,"skipped":0,"pct":100},"statements":{"total":5,"covered":5,"skipped":0,"pct":100},"branches":{"total":0,"covered":0,"skipped":0,"pct":100}}
,"D:\\Edward\\GitHub\\CardGame\\CDFrontend\\card_front\\src\\layout\\components\\index.js": {"lines":{"total":0,"covered":0,"skipped":0,"pct":0},"functions":{"total":0,"covered":0,"skipped":0,"pct":0},"statements":{"total":0,"covered":0,"skipped":0,"pct":0},"branches":{"total":0,"covered":0,"skipped":0,"pct":0}}
,"D:\\Edward\\GitHub\\CardGame\\CDFrontend\\card_front\\src\\layout\\components\\Sidebar\\FixiOSBug.js": {"lines":{"total":9,"covered":5,"skipped":0,"pct":55.56},"functions":{"total":4,"covered":2,"skipped":0,"pct":50},"statements":{"total":9,"covered":5,"skipped":0,"pct":55.56},"branches":{"total":4,"covered":2,"skipped":0,"pct":50}}
,"D:\\Edward\\GitHub\\CardGame\\CDFrontend\\card_front\\src\\layout\\mixin\\ResizeHandler.js": {"lines":{"total":17,"covered":8,"skipped":0,"pct":47.06},"functions":{"total":6,"covered":4,"skipped":0,"pct":66.67},"statements":{"total":17,"covered":8,"skipped":0,"pct":47.06},"branches":{"total":12,"covered":3,"skipped":0,"pct":25}}
,"D:\\Edward\\GitHub\\CardGame\\CDFrontend\\card_front\\src\\router\\index.js": {"lines":{"total":20,"covered":8,"skipped":0,"pct":40},"functions":{"total":15,"covered":4,"skipped":0,"pct":26.67},"statements":{"total":21,"covered":9,"skipped":0,"pct":42.86},"branches":{"total":0,"covered":0,"skipped":0,"pct":100}}
,"D:\\Edward\\GitHub\\CardGame\\CDFrontend\\card_front\\src\\router\\modules\\table.js": {"lines":{"total":5,"covered":2,"skipped":0,"pct":40},"functions":{"total":4,"covered":1,"skipped":0,"pct":25},"statements":{"total":5,"covered":2,"skipped":0,"pct":40},"branches":{"total":0,"covered":0,"skipped":0,"pct":100}}
,"D:\\Edward\\GitHub\\CardGame\\CDFrontend\\card_front\\src\\store\\getters.js": {"lines":{"total":13,"covered":9,"skipped":0,"pct":69.23},"functions":{"total":12,"covered":8,"skipped":0,"pct":66.67},"statements":{"total":13,"covered":9,"skipped":0,"pct":69.23},"branches":{"total":0,"covered":0,"skipped":0,"pct":100}}
,"D:\\Edward\\GitHub\\CardGame\\CDFrontend\\card_front\\src\\store\\index.js": {"lines":{"total":8,"covered":8,"skipped":0,"pct":100},"functions":{"total":1,"covered":1,"skipped":0,"pct":100},"statements":{"total":8,"covered":8,"skipped":0,"pct":100},"branches":{"total":0,"covered":0,"skipped":0,"pct":100}}
,"D:\\Edward\\GitHub\\CardGame\\CDFrontend\\card_front\\src\\store\\modules\\app.js": {"lines":{"total":18,"covered":3,"skipped":0,"pct":16.67},"functions":{"total":8,"covered":0,"skipped":0,"pct":0},"statements":{"total":18,"covered":3,"skipped":0,"pct":16.67},"branches":{"total":6,"covered":3,"skipped":0,"pct":50}}
,"D:\\Edward\\GitHub\\CardGame\\CDFrontend\\card_front\\src\\store\\modules\\errorLog.js": {"lines":{"total":7,"covered":3,"skipped":0,"pct":42.86},"functions":{"total":4,"covered":0,"skipped":0,"pct":0},"statements":{"total":7,"covered":3,"skipped":0,"pct":42.86},"branches":{"total":0,"covered":0,"skipped":0,"pct":100}}
,"D:\\Edward\\GitHub\\CardGame\\CDFrontend\\card_front\\src\\store\\modules\\permission.js": {"lines":{"total":23,"covered":11,"skipped":0,"pct":47.83},"functions":{"total":7,"covered":3,"skipped":0,"pct":42.86},"statements":{"total":24,"covered":11,"skipped":0,"pct":45.83},"branches":{"total":12,"covered":2,"skipped":0,"pct":16.67}}
,"D:\\Edward\\GitHub\\CardGame\\CDFrontend\\card_front\\src\\store\\modules\\settings.js": {"lines":{"total":7,"covered":4,"skipped":0,"pct":57.14},"functions":{"total":2,"covered":0,"skipped":0,"pct":0},"statements":{"total":7,"covered":4,"skipped":0,"pct":57.14},"branches":{"total":2,"covered":0,"skipped":0,"pct":0}}
,"D:\\Edward\\GitHub\\CardGame\\CDFrontend\\card_front\\src\\store\\modules\\tagsView.js": {"lines":{"total":62,"covered":12,"skipped":0,"pct":19.35},"functions":{"total":34,"covered":6,"skipped":0,"pct":17.65},"statements":{"total":66,"covered":14,"skipped":0,"pct":21.21},"branches":{"total":18,"covered":5,"skipped":0,"pct":27.78}}
,"D:\\Edward\\GitHub\\CardGame\\CDFrontend\\card_front\\src\\store\\modules\\user.js": {"lines":{"total":67,"covered":41,"skipped":0,"pct":61.19},"functions":{"total":20,"covered":11,"skipped":0,"pct":55},"statements":{"total":67,"covered":41,"skipped":0,"pct":61.19},"branches":{"total":6,"covered":4,"skipped":0,"pct":66.67}}
,"D:\\Edward\\GitHub\\CardGame\\CDFrontend\\card_front\\src\\utils\\auth.js": {"lines":{"total":7,"covered":7,"skipped":0,"pct":100},"functions":{"total":3,"covered":3,"skipped":0,"pct":100},"statements":{"total":7,"covered":7,"skipped":0,"pct":100},"branches":{"total":0,"covered":0,"skipped":0,"pct":100}}
,"D:\\Edward\\GitHub\\CardGame\\CDFrontend\\card_front\\src\\utils\\error-log.js": {"lines":{"total":12,"covered":5,"skipped":0,"pct":41.67},"functions":{"total":3,"covered":1,"skipped":0,"pct":33.33},"statements":{"total":12,"covered":5,"skipped":0,"pct":41.67},"branches":{"total":6,"covered":2,"skipped":0,"pct":33.33}}
,"D:\\Edward\\GitHub\\CardGame\\CDFrontend\\card_front\\src\\utils\\get-page-title.js": {"lines":{"total":4,"covered":4,"skipped":0,"pct":100},"functions":{"total":1,"covered":1,"skipped":0,"pct":100},"statements":{"total":4,"covered":4,"skipped":0,"pct":100},"branches":{"total":4,"covered":3,"skipped":0,"pct":75}}
,"D:\\Edward\\GitHub\\CardGame\\CDFrontend\\card_front\\src\\utils\\index.js": {"lines":{"total":132,"covered":2,"skipped":0,"pct":1.52},"functions":{"total":26,"covered":1,"skipped":0,"pct":3.85},"statements":{"total":143,"covered":2,"skipped":0,"pct":1.4},"branches":{"total":98,"covered":0,"skipped":0,"pct":0}}
,"D:\\Edward\\GitHub\\CardGame\\CDFrontend\\card_front\\src\\utils\\request.js": {"lines":{"total":22,"covered":11,"skipped":0,"pct":50},"functions":{"total":6,"covered":2,"skipped":0,"pct":33.33},"statements":{"total":22,"covered":11,"skipped":0,"pct":50},"branches":{"total":13,"covered":3,"skipped":0,"pct":23.08}}
,"D:\\Edward\\GitHub\\CardGame\\CDFrontend\\card_front\\src\\utils\\scroll-to.js": {"lines":{"total":26,"covered":3,"skipped":0,"pct":11.54},"functions":{"total":7,"covered":1,"skipped":0,"pct":14.29},"statements":{"total":27,"covered":3,"skipped":0,"pct":11.11},"branches":{"total":17,"covered":1,"skipped":0,"pct":5.88}}
,"D:\\Edward\\GitHub\\CardGame\\CDFrontend\\card_front\\src\\utils\\validate.js": {"lines":{"total":20,"covered":6,"skipped":0,"pct":30},"functions":{"total":10,"covered":4,"skipped":0,"pct":40},"statements":{"total":20,"covered":6,"skipped":0,"pct":30},"branches":{"total":6,"covered":2,"skipped":0,"pct":33.33}}
,"D:\\Edward\\GitHub\\CardGame\\CDFrontend\\card_front\\src\\views\\dashboard\\admin\\components\\mixins\\resize.js": {"lines":{"total":19,"covered":12,"skipped":0,"pct":63.16},"functions":{"total":11,"covered":8,"skipped":0,"pct":72.73},"statements":{"total":19,"covered":12,"skipped":0,"pct":63.16},"branches":{"total":8,"covered":5,"skipped":0,"pct":62.5}}
}
