{"D:\\Edward\\GitHub\\CardGame\\CDFrontend\\card_front\\src\\main.js": {"path":"D:\\Edward\\GitHub\\CardGame\\CDFrontend\\card_front\\src\\main.js","statementMap":{"0":{"start":{"line":36,"column":0},"end":{"line":39,"column":3}},"1":{"start":{"line":42,"column":0},"end":{"line":44,"column":3}},"2":{"start":{"line":43,"column":2},"end":{"line":43,"column":31}},"3":{"start":{"line":46,"column":0},"end":{"line":46,"column":33}},"4":{"start":{"line":48,"column":0},"end":{"line":53,"column":3}},"5":{"start":{"line":52,"column":15},"end":{"line":52,"column":21}}},"fnMap":{"0":{"name":"(anonymous_0)","decl":{"start":{"line":42,"column":29},"end":{"line":42,"column":30}},"loc":{"start":{"line":42,"column":36},"end":{"line":44,"column":1}},"line":42},"1":{"name":"(anonymous_1)","decl":{"start":{"line":52,"column":10},"end":{"line":52,"column":11}},"loc":{"start":{"line":52,"column":15},"end":{"line":52,"column":21}},"line":52}},"branchMap":{"0":{"loc":{"start":{"line":37,"column":8},"end":{"line":37,"column":39}},"type":"binary-expr","locations":[{"start":{"line":37,"column":8},"end":{"line":37,"column":27}},{"start":{"line":37,"column":31},"end":{"line":37,"column":39}}],"line":37}},"s":{"0":10,"1":10,"2":60,"3":10,"4":10,"5":10},"f":{"0":60,"1":10},"b":{"0":[10,10]},"_coverageSchema":"1a1c01bbd47fc00a2c39e90264f33305004495a9","hash":"9a4bdc0ac3dcc15aa12a33641af1a534e3c3a45f"}
,"D:\\Edward\\GitHub\\CardGame\\CDFrontend\\card_front\\src\\permission.js": {"path":"D:\\Edward\\GitHub\\CardGame\\CDFrontend\\card_front\\src\\permission.js","statementMap":{"0":{"start":{"line":9,"column":0},"end":{"line":9,"column":44}},"1":{"start":{"line":11,"column":18},"end":{"line":11,"column":46}},"2":{"start":{"line":13,"column":0},"end":{"line":77,"column":3}},"3":{"start":{"line":14,"column":2},"end":{"line":14,"column":56}},"4":{"start":{"line":17,"column":2},"end":{"line":17,"column":20}},"5":{"start":{"line":20,"column":2},"end":{"line":20,"column":47}},"6":{"start":{"line":23,"column":19},"end":{"line":23,"column":29}},"7":{"start":{"line":25,"column":2},"end":{"line":25,"column":24}},"8":{"start":{"line":27,"column":2},"end":{"line":76,"column":3}},"9":{"start":{"line":28,"column":4},"end":{"line":64,"column":5}},"10":{"start":{"line":30,"column":6},"end":{"line":30,"column":26}},"11":{"start":{"line":31,"column":6},"end":{"line":31,"column":22}},"12":{"start":{"line":34,"column":23},"end":{"line":34,"column":76}},"13":{"start":{"line":35,"column":6},"end":{"line":63,"column":7}},"14":{"start":{"line":36,"column":8},"end":{"line":36,"column":14}},"15":{"start":{"line":38,"column":8},"end":{"line":62,"column":9}},"16":{"start":{"line":41,"column":28},"end":{"line":41,"column":64}},"17":{"start":{"line":43,"column":10},"end":{"line":43,"column":57}},"18":{"start":{"line":44,"column":10},"end":{"line":44,"column":31}},"19":{"start":{"line":45,"column":10},"end":{"line":45,"column":29}},"20":{"start":{"line":48,"column":31},"end":{"line":48,"column":87}},"21":{"start":{"line":51,"column":10},"end":{"line":51,"column":41}},"22":{"start":{"line":55,"column":10},"end":{"line":55,"column":40}},"23":{"start":{"line":58,"column":10},"end":{"line":58,"column":50}},"24":{"start":{"line":59,"column":10},"end":{"line":59,"column":46}},"25":{"start":{"line":60,"column":10},"end":{"line":60,"column":45}},"26":{"start":{"line":61,"column":10},"end":{"line":61,"column":26}},"27":{"start":{"line":68,"column":4},"end":{"line":75,"column":5}},"28":{"start":{"line":70,"column":6},"end":{"line":70,"column":12}},"29":{"start":{"line":73,"column":6},"end":{"line":73,"column":41}},"30":{"start":{"line":74,"column":6},"end":{"line":74,"column":22}},"31":{"start":{"line":79,"column":0},"end":{"line":82,"column":3}},"32":{"start":{"line":81,"column":2},"end":{"line":81,"column":18}}},"fnMap":{"0":{"name":"(anonymous_0)","decl":{"start":{"line":13,"column":18},"end":{"line":13,"column":19}},"loc":{"start":{"line":13,"column":43},"end":{"line":77,"column":1}},"line":13},"1":{"name":"(anonymous_1)","decl":{"start":{"line":79,"column":17},"end":{"line":79,"column":18}},"loc":{"start":{"line":79,"column":23},"end":{"line":82,"column":1}},"line":79}},"branchMap":{"0":{"loc":{"start":{"line":27,"column":2},"end":{"line":76,"column":3}},"type":"if","locations":[{"start":{"line":27,"column":2},"end":{"line":76,"column":3}},{"start":{"line":27,"column":2},"end":{"line":76,"column":3}}],"line":27},"1":{"loc":{"start":{"line":28,"column":4},"end":{"line":64,"column":5}},"type":"if","locations":[{"start":{"line":28,"column":4},"end":{"line":64,"column":5}},{"start":{"line":28,"column":4},"end":{"line":64,"column":5}}],"line":28},"2":{"loc":{"start":{"line":34,"column":23},"end":{"line":34,"column":76}},"type":"binary-expr","locations":[{"start":{"line":34,"column":23},"end":{"line":34,"column":42}},{"start":{"line":34,"column":46},"end":{"line":34,"column":76}}],"line":34},"3":{"loc":{"start":{"line":35,"column":6},"end":{"line":63,"column":7}},"type":"if","locations":[{"start":{"line":35,"column":6},"end":{"line":63,"column":7}},{"start":{"line":35,"column":6},"end":{"line":63,"column":7}}],"line":35},"4":{"loc":{"start":{"line":59,"column":24},"end":{"line":59,"column":44}},"type":"binary-expr","locations":[{"start":{"line":59,"column":24},"end":{"line":59,"column":29}},{"start":{"line":59,"column":33},"end":{"line":59,"column":44}}],"line":59},"5":{"loc":{"start":{"line":68,"column":4},"end":{"line":75,"column":5}},"type":"if","locations":[{"start":{"line":68,"column":4},"end":{"line":75,"column":5}},{"start":{"line":68,"column":4},"end":{"line":75,"column":5}}],"line":68}},"s":{"0":10,"1":10,"2":10,"3":40,"4":40,"5":40,"6":40,"7":40,"8":40,"9":30,"10":0,"11":0,"12":30,"13":30,"14":20,"15":10,"16":10,"17":10,"18":10,"19":10,"20":10,"21":10,"22":10,"23":0,"24":0,"25":0,"26":0,"27":10,"28":10,"29":0,"30":0,"31":10,"32":30},"f":{"0":40,"1":30},"b":{"0":[30,10],"1":[0,30],"2":[30,30],"3":[20,10],"4":[0,0],"5":[10,0]},"_coverageSchema":"1a1c01bbd47fc00a2c39e90264f33305004495a9","hash":"a9e243bdae1ea03b5096269f8e9b8dc89f9ede2c"}
,"D:\\Edward\\GitHub\\CardGame\\CDFrontend\\card_front\\src\\settings.js": {"path":"D:\\Edward\\GitHub\\CardGame\\CDFrontend\\card_front\\src\\settings.js","statementMap":{"0":{"start":{"line":1,"column":0},"end":{"line":35,"column":2}}},"fnMap":{},"branchMap":{},"s":{"0":10},"f":{},"b":{},"_coverageSchema":"1a1c01bbd47fc00a2c39e90264f33305004495a9","hash":"07c92796cd306800617ac25133abe2121451d1cd"}
,"D:\\Edward\\GitHub\\CardGame\\CDFrontend\\card_front\\src\\api\\user.js": {"path":"D:\\Edward\\GitHub\\CardGame\\CDFrontend\\card_front\\src\\api\\user.js","statementMap":{"0":{"start":{"line":4,"column":2},"end":{"line":4,"column":30}},"1":{"start":{"line":5,"column":2},"end":{"line":5,"column":20}},"2":{"start":{"line":7,"column":2},"end":{"line":11,"column":6}},"3":{"start":{"line":12,"column":2},"end":{"line":16,"column":5}},"4":{"start":{"line":20,"column":2},"end":{"line":20,"column":32}},"5":{"start":{"line":21,"column":2},"end":{"line":21,"column":21}},"6":{"start":{"line":22,"column":2},"end":{"line":26,"column":6}},"7":{"start":{"line":27,"column":2},"end":{"line":31,"column":4}},"8":{"start":{"line":35,"column":2},"end":{"line":35,"column":31}},"9":{"start":{"line":36,"column":2},"end":{"line":39,"column":4}}},"fnMap":{"0":{"name":"login","decl":{"start":{"line":3,"column":16},"end":{"line":3,"column":21}},"loc":{"start":{"line":3,"column":28},"end":{"line":17,"column":1}},"line":3},"1":{"name":"getInfo","decl":{"start":{"line":19,"column":16},"end":{"line":19,"column":23}},"loc":{"start":{"line":19,"column":31},"end":{"line":32,"column":1}},"line":19},"2":{"name":"logout","decl":{"start":{"line":34,"column":16},"end":{"line":34,"column":22}},"loc":{"start":{"line":34,"column":25},"end":{"line":40,"column":1}},"line":34}},"branchMap":{},"s":{"0":10,"1":10,"2":10,"3":10,"4":10,"5":10,"6":10,"7":10,"8":0,"9":0},"f":{"0":10,"1":10,"2":0},"b":{},"_coverageSchema":"1a1c01bbd47fc00a2c39e90264f33305004495a9","hash":"6dd910ccc9b964d32701d9dcf242230894d4ebc3"}
,"D:\\Edward\\GitHub\\CardGame\\CDFrontend\\card_front\\src\\directive\\waves\\index.js": {"path":"D:\\Edward\\GitHub\\CardGame\\CDFrontend\\card_front\\src\\directive\\waves\\index.js","statementMap":{"0":{"start":{"line":3,"column":16},"end":{"line":5,"column":1}},"1":{"start":{"line":4,"column":2},"end":{"line":4,"column":31}},"2":{"start":{"line":7,"column":0},"end":{"line":10,"column":1}},"3":{"start":{"line":8,"column":2},"end":{"line":8,"column":23}},"4":{"start":{"line":9,"column":2},"end":{"line":9,"column":19}},"5":{"start":{"line":12,"column":0},"end":{"line":12,"column":24}}},"fnMap":{"0":{"name":"(anonymous_0)","decl":{"start":{"line":3,"column":16},"end":{"line":3,"column":17}},"loc":{"start":{"line":3,"column":30},"end":{"line":5,"column":1}},"line":3}},"branchMap":{"0":{"loc":{"start":{"line":7,"column":0},"end":{"line":10,"column":1}},"type":"if","locations":[{"start":{"line":7,"column":0},"end":{"line":10,"column":1}},{"start":{"line":7,"column":0},"end":{"line":10,"column":1}}],"line":7}},"s":{"0":10,"1":0,"2":10,"3":0,"4":0,"5":10},"f":{"0":0},"b":{"0":[0,10]},"_coverageSchema":"1a1c01bbd47fc00a2c39e90264f33305004495a9","hash":"29114915e9673dcaf9ae5105eb5118c60848bfe2"}
,"D:\\Edward\\GitHub\\CardGame\\CDFrontend\\card_front\\src\\directive\\waves\\waves.js": {"path":"D:\\Edward\\GitHub\\CardGame\\CDFrontend\\card_front\\src\\directive\\waves\\waves.js","statementMap":{"0":{"start":{"line":3,"column":16},"end":{"line":3,"column":32}},"1":{"start":{"line":7,"column":23},"end":{"line":7,"column":55}},"2":{"start":{"line":8,"column":17},"end":{"line":14,"column":5}},"3":{"start":{"line":15,"column":19},"end":{"line":15,"column":27}},"4":{"start":{"line":16,"column":4},"end":{"line":45,"column":5}},"5":{"start":{"line":17,"column":6},"end":{"line":17,"column":41}},"6":{"start":{"line":18,"column":6},"end":{"line":18,"column":39}},"7":{"start":{"line":19,"column":19},"end":{"line":19,"column":49}},"8":{"start":{"line":20,"column":19},"end":{"line":20,"column":56}},"9":{"start":{"line":21,"column":6},"end":{"line":28,"column":7}},"10":{"start":{"line":22,"column":8},"end":{"line":22,"column":48}},"11":{"start":{"line":23,"column":8},"end":{"line":23,"column":42}},"12":{"start":{"line":24,"column":8},"end":{"line":24,"column":92}},"13":{"start":{"line":25,"column":8},"end":{"line":25,"column":34}},"14":{"start":{"line":27,"column":8},"end":{"line":27,"column":41}},"15":{"start":{"line":29,"column":6},"end":{"line":41,"column":7}},"16":{"start":{"line":31,"column":10},"end":{"line":31,"column":78}},"17":{"start":{"line":32,"column":10},"end":{"line":32,"column":77}},"18":{"start":{"line":33,"column":10},"end":{"line":33,"column":16}},"19":{"start":{"line":35,"column":10},"end":{"line":37,"column":46}},"20":{"start":{"line":38,"column":10},"end":{"line":40,"column":46}},"21":{"start":{"line":42,"column":6},"end":{"line":42,"column":48}},"22":{"start":{"line":43,"column":6},"end":{"line":43,"column":49}},"23":{"start":{"line":44,"column":6},"end":{"line":44,"column":18}},"24":{"start":{"line":48,"column":2},"end":{"line":54,"column":3}},"25":{"start":{"line":49,"column":4},"end":{"line":51,"column":5}},"26":{"start":{"line":53,"column":4},"end":{"line":53,"column":37}},"27":{"start":{"line":56,"column":2},"end":{"line":56,"column":15}},"28":{"start":{"line":61,"column":4},"end":{"line":61,"column":65}},"29":{"start":{"line":64,"column":4},"end":{"line":64,"column":69}},"30":{"start":{"line":65,"column":4},"end":{"line":65,"column":65}},"31":{"start":{"line":68,"column":4},"end":{"line":68,"column":69}},"32":{"start":{"line":69,"column":4},"end":{"line":69,"column":23}},"33":{"start":{"line":70,"column":4},"end":{"line":70,"column":22}}},"fnMap":{"0":{"name":"handleClick","decl":{"start":{"line":5,"column":9},"end":{"line":5,"column":20}},"loc":{"start":{"line":5,"column":34},"end":{"line":57,"column":1}},"line":5},"1":{"name":"handle","decl":{"start":{"line":6,"column":11},"end":{"line":6,"column":17}},"loc":{"start":{"line":6,"column":21},"end":{"line":46,"column":3}},"line":6},"2":{"name":"(anonymous_2)","decl":{"start":{"line":60,"column":2},"end":{"line":60,"column":3}},"loc":{"start":{"line":60,"column":20},"end":{"line":62,"column":3}},"line":60},"3":{"name":"(anonymous_3)","decl":{"start":{"line":63,"column":2},"end":{"line":63,"column":3}},"loc":{"start":{"line":63,"column":22},"end":{"line":66,"column":3}},"line":63},"4":{"name":"(anonymous_4)","decl":{"start":{"line":67,"column":2},"end":{"line":67,"column":3}},"loc":{"start":{"line":67,"column":13},"end":{"line":71,"column":3}},"line":67}},"branchMap":{"0":{"loc":{"start":{"line":16,"column":4},"end":{"line":45,"column":5}},"type":"if","locations":[{"start":{"line":16,"column":4},"end":{"line":45,"column":5}},{"start":{"line":16,"column":4},"end":{"line":45,"column":5}}],"line":16},"1":{"loc":{"start":{"line":21,"column":6},"end":{"line":28,"column":7}},"type":"if","locations":[{"start":{"line":21,"column":6},"end":{"line":28,"column":7}},{"start":{"line":21,"column":6},"end":{"line":28,"column":7}}],"line":21},"2":{"loc":{"start":{"line":29,"column":6},"end":{"line":41,"column":7}},"type":"switch","locations":[{"start":{"line":30,"column":8},"end":{"line":33,"column":16}},{"start":{"line":34,"column":8},"end":{"line":40,"column":46}}],"line":29},"3":{"loc":{"start":{"line":36,"column":13},"end":{"line":37,"column":37}},"type":"binary-expr","locations":[{"start":{"line":36,"column":13},"end":{"line":36,"column":94}},{"start":{"line":37,"column":14},"end":{"line":37,"column":37}}],"line":36},"4":{"loc":{"start":{"line":39,"column":13},"end":{"line":40,"column":38}},"type":"binary-expr","locations":[{"start":{"line":39,"column":13},"end":{"line":39,"column":95}},{"start":{"line":40,"column":14},"end":{"line":40,"column":38}}],"line":39},"5":{"loc":{"start":{"line":48,"column":2},"end":{"line":54,"column":3}},"type":"if","locations":[{"start":{"line":48,"column":2},"end":{"line":54,"column":3}},{"start":{"line":48,"column":2},"end":{"line":54,"column":3}}],"line":48}},"s":{"0":10,"1":0,"2":0,"3":0,"4":0,"5":0,"6":0,"7":0,"8":0,"9":0,"10":0,"11":0,"12":0,"13":0,"14":0,"15":0,"16":0,"17":0,"18":0,"19":0,"20":0,"21":0,"22":0,"23":0,"24":0,"25":0,"26":0,"27":0,"28":0,"29":0,"30":0,"31":0,"32":0,"33":0},"f":{"0":0,"1":0,"2":0,"3":0,"4":0},"b":{"0":[0,0],"1":[0,0],"2":[0,0],"3":[0,0],"4":[0,0],"5":[0,0]},"_coverageSchema":"1a1c01bbd47fc00a2c39e90264f33305004495a9","hash":"834817da63cd5d7a59e54596fb794fd91ed06e55"}
,"D:\\Edward\\GitHub\\CardGame\\CDFrontend\\card_front\\src\\filters\\index.js": {"path":"D:\\Edward\\GitHub\\CardGame\\CDFrontend\\card_front\\src\\filters\\index.js","statementMap":{"0":{"start":{"line":11,"column":2},"end":{"line":13,"column":3}},"1":{"start":{"line":12,"column":4},"end":{"line":12,"column":23}},"2":{"start":{"line":14,"column":2},"end":{"line":14,"column":27}},"3":{"start":{"line":21,"column":18},"end":{"line":21,"column":50}},"4":{"start":{"line":22,"column":2},"end":{"line":28,"column":3}},"5":{"start":{"line":23,"column":4},"end":{"line":23,"column":49}},"6":{"start":{"line":24,"column":9},"end":{"line":28,"column":3}},"7":{"start":{"line":25,"column":4},"end":{"line":25,"column":49}},"8":{"start":{"line":27,"column":4},"end":{"line":27,"column":49}},"9":{"start":{"line":38,"column":13},"end":{"line":45,"column":3}},"10":{"start":{"line":46,"column":2},"end":{"line":50,"column":3}},"11":{"start":{"line":46,"column":15},"end":{"line":46,"column":16}},"12":{"start":{"line":47,"column":4},"end":{"line":49,"column":5}},"13":{"start":{"line":48,"column":6},"end":{"line":48,"column":105}},"14":{"start":{"line":51,"column":2},"end":{"line":51,"column":23}},"15":{"start":{"line":59,"column":2},"end":{"line":59,"column":95}},"16":{"start":{"line":59,"column":56},"end":{"line":59,"column":94}},"17":{"start":{"line":67,"column":2},"end":{"line":67,"column":57}}},"fnMap":{"0":{"name":"pluralize","decl":{"start":{"line":10,"column":9},"end":{"line":10,"column":18}},"loc":{"start":{"line":10,"column":32},"end":{"line":15,"column":1}},"line":10},"1":{"name":"timeAgo","decl":{"start":{"line":20,"column":16},"end":{"line":20,"column":23}},"loc":{"start":{"line":20,"column":30},"end":{"line":29,"column":1}},"line":20},"2":{"name":"numberFormatter","decl":{"start":{"line":37,"column":16},"end":{"line":37,"column":31}},"loc":{"start":{"line":37,"column":45},"end":{"line":52,"column":1}},"line":37},"3":{"name":"toThousandFilter","decl":{"start":{"line":58,"column":16},"end":{"line":58,"column":32}},"loc":{"start":{"line":58,"column":38},"end":{"line":60,"column":1}},"line":58},"4":{"name":"(anonymous_4)","decl":{"start":{"line":59,"column":51},"end":{"line":59,"column":52}},"loc":{"start":{"line":59,"column":56},"end":{"line":59,"column":94}},"line":59},"5":{"name":"uppercaseFirst","decl":{"start":{"line":66,"column":16},"end":{"line":66,"column":30}},"loc":{"start":{"line":66,"column":39},"end":{"line":68,"column":1}},"line":66}},"branchMap":{"0":{"loc":{"start":{"line":11,"column":2},"end":{"line":13,"column":3}},"type":"if","locations":[{"start":{"line":11,"column":2},"end":{"line":13,"column":3}},{"start":{"line":11,"column":2},"end":{"line":13,"column":3}}],"line":11},"1":{"loc":{"start":{"line":22,"column":2},"end":{"line":28,"column":3}},"type":"if","locations":[{"start":{"line":22,"column":2},"end":{"line":28,"column":3}},{"start":{"line":22,"column":2},"end":{"line":28,"column":3}}],"line":22},"2":{"loc":{"start":{"line":24,"column":9},"end":{"line":28,"column":3}},"type":"if","locations":[{"start":{"line":24,"column":9},"end":{"line":28,"column":3}},{"start":{"line":24,"column":9},"end":{"line":28,"column":3}}],"line":24},"3":{"loc":{"start":{"line":47,"column":4},"end":{"line":49,"column":5}},"type":"if","locations":[{"start":{"line":47,"column":4},"end":{"line":49,"column":5}},{"start":{"line":47,"column":4},"end":{"line":49,"column":5}}],"line":47},"4":{"loc":{"start":{"line":59,"column":10},"end":{"line":59,"column":19}},"type":"binary-expr","locations":[{"start":{"line":59,"column":10},"end":{"line":59,"column":14}},{"start":{"line":59,"column":18},"end":{"line":59,"column":19}}],"line":59}},"s":{"0":0,"1":0,"2":0,"3":0,"4":0,"5":0,"6":0,"7":0,"8":0,"9":0,"10":0,"11":0,"12":0,"13":0,"14":0,"15":0,"16":0,"17":0},"f":{"0":0,"1":0,"2":0,"3":0,"4":0,"5":0},"b":{"0":[0,0],"1":[0,0],"2":[0,0],"3":[0,0],"4":[0,0]},"_coverageSchema":"1a1c01bbd47fc00a2c39e90264f33305004495a9","hash":"062ab2773d45dfe05a97bf2f6d6fd42aa99a0baf"}
,"D:\\Edward\\GitHub\\CardGame\\CDFrontend\\card_front\\src\\icons\\index.js": {"path":"D:\\Edward\\GitHub\\CardGame\\CDFrontend\\card_front\\src\\icons\\index.js","statementMap":{"0":{"start":{"line":5,"column":0},"end":{"line":5,"column":35}},"1":{"start":{"line":7,"column":12},"end":{"line":7,"column":53}},"2":{"start":{"line":8,"column":19},"end":{"line":8,"column":78}},"3":{"start":{"line":8,"column":37},"end":{"line":8,"column":78}},"4":{"start":{"line":9,"column":0},"end":{"line":9,"column":16}}},"fnMap":{"0":{"name":"(anonymous_0)","decl":{"start":{"line":8,"column":19},"end":{"line":8,"column":20}},"loc":{"start":{"line":8,"column":37},"end":{"line":8,"column":78}},"line":8}},"branchMap":{},"s":{"0":10,"1":10,"2":10,"3":10,"4":10},"f":{"0":10},"b":{},"_coverageSchema":"1a1c01bbd47fc00a2c39e90264f33305004495a9","hash":"a89f37975c834bfdce5e065bda518d52c8ba19d1"}
,"D:\\Edward\\GitHub\\CardGame\\CDFrontend\\card_front\\src\\layout\\components\\index.js": {"path":"D:\\Edward\\GitHub\\CardGame\\CDFrontend\\card_front\\src\\layout\\components\\index.js","statementMap":{},"fnMap":{},"branchMap":{},"s":{},"f":{},"b":{},"_coverageSchema":"1a1c01bbd47fc00a2c39e90264f33305004495a9","hash":"859123776cc7385fe83e40f0983e822761eb35fb"}
,"D:\\Edward\\GitHub\\CardGame\\CDFrontend\\card_front\\src\\layout\\components\\Sidebar\\FixiOSBug.js": {"path":"D:\\Edward\\GitHub\\CardGame\\CDFrontend\\card_front\\src\\layout\\components\\Sidebar\\FixiOSBug.js","statementMap":{"0":{"start":{"line":4,"column":6},"end":{"line":4,"column":41}},"1":{"start":{"line":10,"column":4},"end":{"line":10,"column":22}},"2":{"start":{"line":14,"column":23},"end":{"line":14,"column":41}},"3":{"start":{"line":15,"column":6},"end":{"line":23,"column":7}},"4":{"start":{"line":16,"column":33},"end":{"line":16,"column":58}},"5":{"start":{"line":17,"column":8},"end":{"line":22,"column":9}},"6":{"start":{"line":18,"column":10},"end":{"line":20,"column":11}},"7":{"start":{"line":19,"column":12},"end":{"line":19,"column":18}},"8":{"start":{"line":21,"column":10},"end":{"line":21,"column":29}}},"fnMap":{"0":{"name":"(anonymous_0)","decl":{"start":{"line":3,"column":4},"end":{"line":3,"column":5}},"loc":{"start":{"line":3,"column":13},"end":{"line":5,"column":5}},"line":3},"1":{"name":"(anonymous_1)","decl":{"start":{"line":7,"column":2},"end":{"line":7,"column":3}},"loc":{"start":{"line":7,"column":12},"end":{"line":11,"column":3}},"line":7},"2":{"name":"(anonymous_2)","decl":{"start":{"line":13,"column":4},"end":{"line":13,"column":5}},"loc":{"start":{"line":13,"column":18},"end":{"line":24,"column":5}},"line":13},"3":{"name":"(anonymous_3)","decl":{"start":{"line":17,"column":36},"end":{"line":17,"column":37}},"loc":{"start":{"line":17,"column":43},"end":{"line":22,"column":9}},"line":17}},"branchMap":{"0":{"loc":{"start":{"line":15,"column":6},"end":{"line":23,"column":7}},"type":"if","locations":[{"start":{"line":15,"column":6},"end":{"line":23,"column":7}},{"start":{"line":15,"column":6},"end":{"line":23,"column":7}}],"line":15},"1":{"loc":{"start":{"line":18,"column":10},"end":{"line":20,"column":11}},"type":"if","locations":[{"start":{"line":18,"column":10},"end":{"line":20,"column":11}},{"start":{"line":18,"column":10},"end":{"line":20,"column":11}}],"line":18}},"s":{"0":0,"1":200,"2":200,"3":200,"4":30,"5":30,"6":0,"7":0,"8":0},"f":{"0":0,"1":200,"2":200,"3":0},"b":{"0":[30,170],"1":[0,0]},"_coverageSchema":"1a1c01bbd47fc00a2c39e90264f33305004495a9","hash":"93772d9bf4a0d2917d8e89a809539b69faadb09c"}
,"D:\\Edward\\GitHub\\CardGame\\CDFrontend\\card_front\\src\\layout\\mixin\\ResizeHandler.js": {"path":"D:\\Edward\\GitHub\\CardGame\\CDFrontend\\card_front\\src\\layout\\mixin\\ResizeHandler.js","statementMap":{"0":{"start":{"line":3,"column":17},"end":{"line":3,"column":25}},"1":{"start":{"line":4,"column":14},"end":{"line":4,"column":17}},"2":{"start":{"line":9,"column":6},"end":{"line":11,"column":7}},"3":{"start":{"line":10,"column":8},"end":{"line":10,"column":71}},"4":{"start":{"line":15,"column":4},"end":{"line":15,"column":59}},"5":{"start":{"line":18,"column":4},"end":{"line":18,"column":62}},"6":{"start":{"line":21,"column":21},"end":{"line":21,"column":38}},"7":{"start":{"line":22,"column":4},"end":{"line":25,"column":5}},"8":{"start":{"line":23,"column":6},"end":{"line":23,"column":51}},"9":{"start":{"line":24,"column":6},"end":{"line":24,"column":68}},"10":{"start":{"line":31,"column":19},"end":{"line":31,"column":47}},"11":{"start":{"line":32,"column":6},"end":{"line":32,"column":35}},"12":{"start":{"line":35,"column":6},"end":{"line":42,"column":7}},"13":{"start":{"line":36,"column":25},"end":{"line":36,"column":42}},"14":{"start":{"line":37,"column":8},"end":{"line":37,"column":76}},"15":{"start":{"line":39,"column":8},"end":{"line":41,"column":9}},"16":{"start":{"line":40,"column":10},"end":{"line":40,"column":72}}},"fnMap":{"0":{"name":"(anonymous_0)","decl":{"start":{"line":8,"column":4},"end":{"line":8,"column":5}},"loc":{"start":{"line":8,"column":18},"end":{"line":12,"column":5}},"line":8},"1":{"name":"(anonymous_1)","decl":{"start":{"line":14,"column":2},"end":{"line":14,"column":3}},"loc":{"start":{"line":14,"column":16},"end":{"line":16,"column":3}},"line":14},"2":{"name":"(anonymous_2)","decl":{"start":{"line":17,"column":2},"end":{"line":17,"column":3}},"loc":{"start":{"line":17,"column":18},"end":{"line":19,"column":3}},"line":17},"3":{"name":"(anonymous_3)","decl":{"start":{"line":20,"column":2},"end":{"line":20,"column":3}},"loc":{"start":{"line":20,"column":12},"end":{"line":26,"column":3}},"line":20},"4":{"name":"(anonymous_4)","decl":{"start":{"line":30,"column":4},"end":{"line":30,"column":5}},"loc":{"start":{"line":30,"column":17},"end":{"line":33,"column":5}},"line":30},"5":{"name":"(anonymous_5)","decl":{"start":{"line":34,"column":4},"end":{"line":34,"column":5}},"loc":{"start":{"line":34,"column":22},"end":{"line":43,"column":5}},"line":34}},"branchMap":{"0":{"loc":{"start":{"line":9,"column":6},"end":{"line":11,"column":7}},"type":"if","locations":[{"start":{"line":9,"column":6},"end":{"line":11,"column":7}},{"start":{"line":9,"column":6},"end":{"line":11,"column":7}}],"line":9},"1":{"loc":{"start":{"line":9,"column":10},"end":{"line":9,"column":57}},"type":"binary-expr","locations":[{"start":{"line":9,"column":10},"end":{"line":9,"column":34}},{"start":{"line":9,"column":38},"end":{"line":9,"column":57}}],"line":9},"2":{"loc":{"start":{"line":22,"column":4},"end":{"line":25,"column":5}},"type":"if","locations":[{"start":{"line":22,"column":4},"end":{"line":25,"column":5}},{"start":{"line":22,"column":4},"end":{"line":25,"column":5}}],"line":22},"3":{"loc":{"start":{"line":35,"column":6},"end":{"line":42,"column":7}},"type":"if","locations":[{"start":{"line":35,"column":6},"end":{"line":42,"column":7}},{"start":{"line":35,"column":6},"end":{"line":42,"column":7}}],"line":35},"4":{"loc":{"start":{"line":37,"column":43},"end":{"line":37,"column":74}},"type":"cond-expr","locations":[{"start":{"line":37,"column":54},"end":{"line":37,"column":62}},{"start":{"line":37,"column":65},"end":{"line":37,"column":74}}],"line":37},"5":{"loc":{"start":{"line":39,"column":8},"end":{"line":41,"column":9}},"type":"if","locations":[{"start":{"line":39,"column":8},"end":{"line":41,"column":9}},{"start":{"line":39,"column":8},"end":{"line":41,"column":9}}],"line":39}},"s":{"0":10,"1":10,"2":10,"3":0,"4":10,"5":0,"6":10,"7":10,"8":0,"9":0,"10":10,"11":10,"12":0,"13":0,"14":0,"15":0,"16":0},"f":{"0":10,"1":10,"2":0,"3":10,"4":10,"5":0},"b":{"0":[0,10],"1":[10,0],"2":[0,10],"3":[0,0],"4":[0,0],"5":[0,0]},"_coverageSchema":"1a1c01bbd47fc00a2c39e90264f33305004495a9","hash":"f65e08c0a7028bd8612f5aea2e1139c37f485da9"}
,"D:\\Edward\\GitHub\\CardGame\\CDFrontend\\card_front\\src\\router\\index.js": {"path":"D:\\Edward\\GitHub\\CardGame\\CDFrontend\\card_front\\src\\router\\index.js","statementMap":{"0":{"start":{"line":4,"column":0},"end":{"line":4,"column":16}},"1":{"start":{"line":41,"column":30},"end":{"line":125,"column":1}},"2":{"start":{"line":49,"column":25},"end":{"line":49,"column":57}},"3":{"start":{"line":55,"column":21},"end":{"line":55,"column":50}},"4":{"start":{"line":60,"column":21},"end":{"line":60,"column":58}},"5":{"start":{"line":65,"column":21},"end":{"line":65,"column":53}},"6":{"start":{"line":70,"column":21},"end":{"line":70,"column":53}},"7":{"start":{"line":80,"column":25},"end":{"line":80,"column":58}},"8":{"start":{"line":119,"column":25},"end":{"line":119,"column":56}},"9":{"start":{"line":131,"column":27},"end":{"line":388,"column":1}},"10":{"start":{"line":146,"column":25},"end":{"line":146,"column":58}},"11":{"start":{"line":155,"column":25},"end":{"line":155,"column":63}},"12":{"start":{"line":164,"column":25},"end":{"line":164,"column":58}},"13":{"start":{"line":205,"column":25},"end":{"line":205,"column":66}},"14":{"start":{"line":211,"column":25},"end":{"line":211,"column":62}},"15":{"start":{"line":390,"column":21},"end":{"line":394,"column":2}},"16":{"start":{"line":390,"column":27},"end":{"line":394,"column":2}},"17":{"start":{"line":392,"column":25},"end":{"line":392,"column":33}},"18":{"start":{"line":396,"column":15},"end":{"line":396,"column":29}},"19":{"start":{"line":400,"column":20},"end":{"line":400,"column":34}},"20":{"start":{"line":401,"column":2},"end":{"line":401,"column":36}}},"fnMap":{"0":{"name":"(anonymous_0)","decl":{"start":{"line":49,"column":19},"end":{"line":49,"column":20}},"loc":{"start":{"line":49,"column":25},"end":{"line":49,"column":57}},"line":49},"1":{"name":"(anonymous_1)","decl":{"start":{"line":55,"column":15},"end":{"line":55,"column":16}},"loc":{"start":{"line":55,"column":21},"end":{"line":55,"column":50}},"line":55},"2":{"name":"(anonymous_2)","decl":{"start":{"line":60,"column":15},"end":{"line":60,"column":16}},"loc":{"start":{"line":60,"column":21},"end":{"line":60,"column":58}},"line":60},"3":{"name":"(anonymous_3)","decl":{"start":{"line":65,"column":15},"end":{"line":65,"column":16}},"loc":{"start":{"line":65,"column":21},"end":{"line":65,"column":53}},"line":65},"4":{"name":"(anonymous_4)","decl":{"start":{"line":70,"column":15},"end":{"line":70,"column":16}},"loc":{"start":{"line":70,"column":21},"end":{"line":70,"column":53}},"line":70},"5":{"name":"(anonymous_5)","decl":{"start":{"line":80,"column":19},"end":{"line":80,"column":20}},"loc":{"start":{"line":80,"column":25},"end":{"line":80,"column":58}},"line":80},"6":{"name":"(anonymous_6)","decl":{"start":{"line":119,"column":19},"end":{"line":119,"column":20}},"loc":{"start":{"line":119,"column":25},"end":{"line":119,"column":56}},"line":119},"7":{"name":"(anonymous_7)","decl":{"start":{"line":146,"column":19},"end":{"line":146,"column":20}},"loc":{"start":{"line":146,"column":25},"end":{"line":146,"column":58}},"line":146},"8":{"name":"(anonymous_8)","decl":{"start":{"line":155,"column":19},"end":{"line":155,"column":20}},"loc":{"start":{"line":155,"column":25},"end":{"line":155,"column":63}},"line":155},"9":{"name":"(anonymous_9)","decl":{"start":{"line":164,"column":19},"end":{"line":164,"column":20}},"loc":{"start":{"line":164,"column":25},"end":{"line":164,"column":58}},"line":164},"10":{"name":"(anonymous_10)","decl":{"start":{"line":205,"column":19},"end":{"line":205,"column":20}},"loc":{"start":{"line":205,"column":25},"end":{"line":205,"column":66}},"line":205},"11":{"name":"(anonymous_11)","decl":{"start":{"line":211,"column":19},"end":{"line":211,"column":20}},"loc":{"start":{"line":211,"column":25},"end":{"line":211,"column":62}},"line":211},"12":{"name":"(anonymous_12)","decl":{"start":{"line":390,"column":21},"end":{"line":390,"column":22}},"loc":{"start":{"line":390,"column":27},"end":{"line":394,"column":2}},"line":390},"13":{"name":"(anonymous_13)","decl":{"start":{"line":392,"column":18},"end":{"line":392,"column":19}},"loc":{"start":{"line":392,"column":25},"end":{"line":392,"column":33}},"line":392},"14":{"name":"resetRouter","decl":{"start":{"line":399,"column":16},"end":{"line":399,"column":27}},"loc":{"start":{"line":399,"column":30},"end":{"line":402,"column":1}},"line":399}},"branchMap":{},"s":{"0":10,"1":10,"2":0,"3":10,"4":0,"5":0,"6":0,"7":10,"8":0,"9":10,"10":0,"11":0,"12":0,"13":0,"14":0,"15":10,"16":10,"17":20,"18":10,"19":0,"20":0},"f":{"0":0,"1":10,"2":0,"3":0,"4":0,"5":10,"6":0,"7":0,"8":0,"9":0,"10":0,"11":0,"12":10,"13":20,"14":0},"b":{},"_coverageSchema":"1a1c01bbd47fc00a2c39e90264f33305004495a9","hash":"9b3da49b7955b3275764f48201ca17703aa49355"}
,"D:\\Edward\\GitHub\\CardGame\\CDFrontend\\card_front\\src\\router\\modules\\table.js": {"path":"D:\\Edward\\GitHub\\CardGame\\CDFrontend\\card_front\\src\\router\\modules\\table.js","statementMap":{"0":{"start":{"line":5,"column":20},"end":{"line":40,"column":1}},"1":{"start":{"line":17,"column":23},"end":{"line":17,"column":62}},"2":{"start":{"line":23,"column":23},"end":{"line":23,"column":67}},"3":{"start":{"line":29,"column":23},"end":{"line":29,"column":67}},"4":{"start":{"line":35,"column":23},"end":{"line":35,"column":63}}},"fnMap":{"0":{"name":"(anonymous_0)","decl":{"start":{"line":17,"column":17},"end":{"line":17,"column":18}},"loc":{"start":{"line":17,"column":23},"end":{"line":17,"column":62}},"line":17},"1":{"name":"(anonymous_1)","decl":{"start":{"line":23,"column":17},"end":{"line":23,"column":18}},"loc":{"start":{"line":23,"column":23},"end":{"line":23,"column":67}},"line":23},"2":{"name":"(anonymous_2)","decl":{"start":{"line":29,"column":17},"end":{"line":29,"column":18}},"loc":{"start":{"line":29,"column":23},"end":{"line":29,"column":67}},"line":29},"3":{"name":"(anonymous_3)","decl":{"start":{"line":35,"column":17},"end":{"line":35,"column":18}},"loc":{"start":{"line":35,"column":23},"end":{"line":35,"column":63}},"line":35}},"branchMap":{},"s":{"0":10,"1":0,"2":0,"3":0,"4":10},"f":{"0":0,"1":0,"2":0,"3":10},"b":{},"_coverageSchema":"1a1c01bbd47fc00a2c39e90264f33305004495a9","hash":"649e5655248a22b00694f4f34769d811f5030952"}
,"D:\\Edward\\GitHub\\CardGame\\CDFrontend\\card_front\\src\\store\\getters.js": {"path":"D:\\Edward\\GitHub\\CardGame\\CDFrontend\\card_front\\src\\store\\getters.js","statementMap":{"0":{"start":{"line":1,"column":16},"end":{"line":14,"column":1}},"1":{"start":{"line":2,"column":20},"end":{"line":2,"column":37}},"2":{"start":{"line":3,"column":17},"end":{"line":3,"column":31}},"3":{"start":{"line":4,"column":19},"end":{"line":4,"column":35}},"4":{"start":{"line":5,"column":25},"end":{"line":5,"column":52}},"5":{"start":{"line":6,"column":24},"end":{"line":6,"column":50}},"6":{"start":{"line":7,"column":18},"end":{"line":7,"column":34}},"7":{"start":{"line":8,"column":19},"end":{"line":8,"column":36}},"8":{"start":{"line":9,"column":17},"end":{"line":9,"column":32}},"9":{"start":{"line":10,"column":25},"end":{"line":10,"column":48}},"10":{"start":{"line":11,"column":18},"end":{"line":11,"column":34}},"11":{"start":{"line":12,"column":30},"end":{"line":12,"column":53}},"12":{"start":{"line":13,"column":22},"end":{"line":13,"column":41}}},"fnMap":{"0":{"name":"(anonymous_0)","decl":{"start":{"line":2,"column":11},"end":{"line":2,"column":12}},"loc":{"start":{"line":2,"column":20},"end":{"line":2,"column":37}},"line":2},"1":{"name":"(anonymous_1)","decl":{"start":{"line":3,"column":8},"end":{"line":3,"column":9}},"loc":{"start":{"line":3,"column":17},"end":{"line":3,"column":31}},"line":3},"2":{"name":"(anonymous_2)","decl":{"start":{"line":4,"column":10},"end":{"line":4,"column":11}},"loc":{"start":{"line":4,"column":19},"end":{"line":4,"column":35}},"line":4},"3":{"name":"(anonymous_3)","decl":{"start":{"line":5,"column":16},"end":{"line":5,"column":17}},"loc":{"start":{"line":5,"column":25},"end":{"line":5,"column":52}},"line":5},"4":{"name":"(anonymous_4)","decl":{"start":{"line":6,"column":15},"end":{"line":6,"column":16}},"loc":{"start":{"line":6,"column":24},"end":{"line":6,"column":50}},"line":6},"5":{"name":"(anonymous_5)","decl":{"start":{"line":7,"column":9},"end":{"line":7,"column":10}},"loc":{"start":{"line":7,"column":18},"end":{"line":7,"column":34}},"line":7},"6":{"name":"(anonymous_6)","decl":{"start":{"line":8,"column":10},"end":{"line":8,"column":11}},"loc":{"start":{"line":8,"column":19},"end":{"line":8,"column":36}},"line":8},"7":{"name":"(anonymous_7)","decl":{"start":{"line":9,"column":8},"end":{"line":9,"column":9}},"loc":{"start":{"line":9,"column":17},"end":{"line":9,"column":32}},"line":9},"8":{"name":"(anonymous_8)","decl":{"start":{"line":10,"column":16},"end":{"line":10,"column":17}},"loc":{"start":{"line":10,"column":25},"end":{"line":10,"column":48}},"line":10},"9":{"name":"(anonymous_9)","decl":{"start":{"line":11,"column":9},"end":{"line":11,"column":10}},"loc":{"start":{"line":11,"column":18},"end":{"line":11,"column":34}},"line":11},"10":{"name":"(anonymous_10)","decl":{"start":{"line":12,"column":21},"end":{"line":12,"column":22}},"loc":{"start":{"line":12,"column":30},"end":{"line":12,"column":53}},"line":12},"11":{"name":"(anonymous_11)","decl":{"start":{"line":13,"column":13},"end":{"line":13,"column":14}},"loc":{"start":{"line":13,"column":22},"end":{"line":13,"column":41}},"line":13}},"branchMap":{},"s":{"0":10,"1":10,"2":10,"3":10,"4":0,"5":0,"6":20,"7":10,"8":0,"9":0,"10":20,"11":10,"12":10},"f":{"0":10,"1":10,"2":10,"3":0,"4":0,"5":20,"6":10,"7":0,"8":0,"9":20,"10":10,"11":10},"b":{},"_coverageSchema":"1a1c01bbd47fc00a2c39e90264f33305004495a9","hash":"3490961c1d02d7667cbe01f31a2af691c2a085ab"}
,"D:\\Edward\\GitHub\\CardGame\\CDFrontend\\card_front\\src\\store\\index.js": {"path":"D:\\Edward\\GitHub\\CardGame\\CDFrontend\\card_front\\src\\store\\index.js","statementMap":{"0":{"start":{"line":5,"column":0},"end":{"line":5,"column":14}},"1":{"start":{"line":8,"column":21},"end":{"line":8,"column":64}},"2":{"start":{"line":12,"column":16},"end":{"line":18,"column":6}},"3":{"start":{"line":14,"column":21},"end":{"line":14,"column":64}},"4":{"start":{"line":15,"column":16},"end":{"line":15,"column":40}},"5":{"start":{"line":16,"column":2},"end":{"line":16,"column":38}},"6":{"start":{"line":17,"column":2},"end":{"line":17,"column":16}},"7":{"start":{"line":20,"column":14},"end":{"line":23,"column":2}}},"fnMap":{"0":{"name":"(anonymous_0)","decl":{"start":{"line":12,"column":43},"end":{"line":12,"column":44}},"loc":{"start":{"line":12,"column":68},"end":{"line":18,"column":1}},"line":12}},"branchMap":{},"s":{"0":10,"1":10,"2":10,"3":60,"4":60,"5":60,"6":60,"7":10},"f":{"0":60},"b":{},"_coverageSchema":"1a1c01bbd47fc00a2c39e90264f33305004495a9","hash":"b00f58563d3f4d52550bbb9b2263fc5b9379d81d"}
,"D:\\Edward\\GitHub\\CardGame\\CDFrontend\\card_front\\src\\store\\modules\\app.js": {"path":"D:\\Edward\\GitHub\\CardGame\\CDFrontend\\card_front\\src\\store\\modules\\app.js","statementMap":{"0":{"start":{"line":3,"column":14},"end":{"line":10,"column":1}},"1":{"start":{"line":12,"column":18},"end":{"line":34,"column":1}},"2":{"start":{"line":14,"column":4},"end":{"line":14,"column":49}},"3":{"start":{"line":15,"column":4},"end":{"line":15,"column":43}},"4":{"start":{"line":16,"column":4},"end":{"line":20,"column":5}},"5":{"start":{"line":17,"column":6},"end":{"line":17,"column":37}},"6":{"start":{"line":19,"column":6},"end":{"line":19,"column":37}},"7":{"start":{"line":23,"column":4},"end":{"line":23,"column":36}},"8":{"start":{"line":24,"column":4},"end":{"line":24,"column":33}},"9":{"start":{"line":25,"column":4},"end":{"line":25,"column":53}},"10":{"start":{"line":28,"column":4},"end":{"line":28,"column":25}},"11":{"start":{"line":31,"column":4},"end":{"line":31,"column":22}},"12":{"start":{"line":32,"column":4},"end":{"line":32,"column":29}},"13":{"start":{"line":36,"column":16},"end":{"line":49,"column":1}},"14":{"start":{"line":38,"column":4},"end":{"line":38,"column":28}},"15":{"start":{"line":41,"column":4},"end":{"line":41,"column":45}},"16":{"start":{"line":44,"column":4},"end":{"line":44,"column":35}},"17":{"start":{"line":47,"column":4},"end":{"line":47,"column":28}}},"fnMap":{"0":{"name":"(anonymous_0)","decl":{"start":{"line":13,"column":18},"end":{"line":13,"column":19}},"loc":{"start":{"line":13,"column":27},"end":{"line":21,"column":3}},"line":13},"1":{"name":"(anonymous_1)","decl":{"start":{"line":22,"column":17},"end":{"line":22,"column":18}},"loc":{"start":{"line":22,"column":46},"end":{"line":26,"column":3}},"line":22},"2":{"name":"(anonymous_2)","decl":{"start":{"line":27,"column":17},"end":{"line":27,"column":18}},"loc":{"start":{"line":27,"column":36},"end":{"line":29,"column":3}},"line":27},"3":{"name":"(anonymous_3)","decl":{"start":{"line":30,"column":12},"end":{"line":30,"column":13}},"loc":{"start":{"line":30,"column":29},"end":{"line":33,"column":3}},"line":30},"4":{"name":"(anonymous_4)","decl":{"start":{"line":37,"column":2},"end":{"line":37,"column":3}},"loc":{"start":{"line":37,"column":28},"end":{"line":39,"column":3}},"line":37},"5":{"name":"(anonymous_5)","decl":{"start":{"line":40,"column":2},"end":{"line":40,"column":3}},"loc":{"start":{"line":40,"column":49},"end":{"line":42,"column":3}},"line":40},"6":{"name":"(anonymous_6)","decl":{"start":{"line":43,"column":2},"end":{"line":43,"column":3}},"loc":{"start":{"line":43,"column":35},"end":{"line":45,"column":3}},"line":43},"7":{"name":"(anonymous_7)","decl":{"start":{"line":46,"column":2},"end":{"line":46,"column":3}},"loc":{"start":{"line":46,"column":28},"end":{"line":48,"column":3}},"line":46}},"branchMap":{"0":{"loc":{"start":{"line":5,"column":12},"end":{"line":5,"column":81}},"type":"cond-expr","locations":[{"start":{"line":5,"column":43},"end":{"line":5,"column":74}},{"start":{"line":5,"column":77},"end":{"line":5,"column":81}}],"line":5},"1":{"loc":{"start":{"line":9,"column":8},"end":{"line":9,"column":39}},"type":"binary-expr","locations":[{"start":{"line":9,"column":8},"end":{"line":9,"column":27}},{"start":{"line":9,"column":31},"end":{"line":9,"column":39}}],"line":9},"2":{"loc":{"start":{"line":16,"column":4},"end":{"line":20,"column":5}},"type":"if","locations":[{"start":{"line":16,"column":4},"end":{"line":20,"column":5}},{"start":{"line":16,"column":4},"end":{"line":20,"column":5}}],"line":16}},"s":{"0":10,"1":10,"2":0,"3":0,"4":0,"5":0,"6":0,"7":0,"8":0,"9":0,"10":0,"11":0,"12":0,"13":10,"14":0,"15":0,"16":0,"17":0},"f":{"0":0,"1":0,"2":0,"3":0,"4":0,"5":0,"6":0,"7":0},"b":{"0":[0,10],"1":[10,10],"2":[0,0]},"_coverageSchema":"1a1c01bbd47fc00a2c39e90264f33305004495a9","hash":"71cb9d71448964a0e73492ce41b3fdf7038bac87"}
,"D:\\Edward\\GitHub\\CardGame\\CDFrontend\\card_front\\src\\store\\modules\\errorLog.js": {"path":"D:\\Edward\\GitHub\\CardGame\\CDFrontend\\card_front\\src\\store\\modules\\errorLog.js","statementMap":{"0":{"start":{"line":1,"column":14},"end":{"line":3,"column":1}},"1":{"start":{"line":5,"column":18},"end":{"line":12,"column":1}},"2":{"start":{"line":7,"column":4},"end":{"line":7,"column":24}},"3":{"start":{"line":10,"column":4},"end":{"line":10,"column":24}},"4":{"start":{"line":14,"column":16},"end":{"line":21,"column":1}},"5":{"start":{"line":16,"column":4},"end":{"line":16,"column":32}},"6":{"start":{"line":19,"column":4},"end":{"line":19,"column":29}}},"fnMap":{"0":{"name":"(anonymous_0)","decl":{"start":{"line":6,"column":17},"end":{"line":6,"column":18}},"loc":{"start":{"line":6,"column":33},"end":{"line":8,"column":3}},"line":6},"1":{"name":"(anonymous_1)","decl":{"start":{"line":9,"column":19},"end":{"line":9,"column":20}},"loc":{"start":{"line":9,"column":30},"end":{"line":11,"column":3}},"line":9},"2":{"name":"(anonymous_2)","decl":{"start":{"line":15,"column":2},"end":{"line":15,"column":3}},"loc":{"start":{"line":15,"column":31},"end":{"line":17,"column":3}},"line":15},"3":{"name":"(anonymous_3)","decl":{"start":{"line":18,"column":2},"end":{"line":18,"column":3}},"loc":{"start":{"line":18,"column":28},"end":{"line":20,"column":3}},"line":18}},"branchMap":{},"s":{"0":10,"1":10,"2":0,"3":0,"4":10,"5":0,"6":0},"f":{"0":0,"1":0,"2":0,"3":0},"b":{},"_coverageSchema":"1a1c01bbd47fc00a2c39e90264f33305004495a9","hash":"bc3f4ca0097374a247ac007cf28ba2b2cceeea2c"}
,"D:\\Edward\\GitHub\\CardGame\\CDFrontend\\card_front\\src\\store\\modules\\permission.js": {"path":"D:\\Edward\\GitHub\\CardGame\\CDFrontend\\card_front\\src\\store\\modules\\permission.js","statementMap":{"0":{"start":{"line":9,"column":2},"end":{"line":13,"column":3}},"1":{"start":{"line":10,"column":4},"end":{"line":10,"column":62}},"2":{"start":{"line":10,"column":30},"end":{"line":10,"column":61}},"3":{"start":{"line":12,"column":4},"end":{"line":12,"column":15}},"4":{"start":{"line":22,"column":14},"end":{"line":22,"column":16}},"5":{"start":{"line":24,"column":2},"end":{"line":32,"column":5}},"6":{"start":{"line":25,"column":16},"end":{"line":25,"column":28}},"7":{"start":{"line":26,"column":4},"end":{"line":31,"column":5}},"8":{"start":{"line":27,"column":6},"end":{"line":29,"column":7}},"9":{"start":{"line":28,"column":8},"end":{"line":28,"column":61}},"10":{"start":{"line":30,"column":6},"end":{"line":30,"column":19}},"11":{"start":{"line":34,"column":2},"end":{"line":34,"column":12}},"12":{"start":{"line":37,"column":14},"end":{"line":40,"column":1}},"13":{"start":{"line":42,"column":18},"end":{"line":47,"column":1}},"14":{"start":{"line":44,"column":4},"end":{"line":44,"column":29}},"15":{"start":{"line":45,"column":4},"end":{"line":45,"column":48}},"16":{"start":{"line":49,"column":16},"end":{"line":63,"column":1}},"17":{"start":{"line":51,"column":4},"end":{"line":61,"column":6}},"18":{"start":{"line":52,"column":6},"end":{"line":52,"column":68}},"19":{"start":{"line":54,"column":6},"end":{"line":58,"column":7}},"20":{"start":{"line":55,"column":8},"end":{"line":55,"column":42}},"21":{"start":{"line":57,"column":8},"end":{"line":57,"column":62}},"22":{"start":{"line":59,"column":6},"end":{"line":59,"column":43}},"23":{"start":{"line":60,"column":6},"end":{"line":60,"column":29}}},"fnMap":{"0":{"name":"hasPermission","decl":{"start":{"line":8,"column":9},"end":{"line":8,"column":22}},"loc":{"start":{"line":8,"column":37},"end":{"line":14,"column":1}},"line":8},"1":{"name":"(anonymous_1)","decl":{"start":{"line":10,"column":22},"end":{"line":10,"column":23}},"loc":{"start":{"line":10,"column":30},"end":{"line":10,"column":61}},"line":10},"2":{"name":"filterAsyncRoutes","decl":{"start":{"line":21,"column":16},"end":{"line":21,"column":33}},"loc":{"start":{"line":21,"column":49},"end":{"line":35,"column":1}},"line":21},"3":{"name":"(anonymous_3)","decl":{"start":{"line":24,"column":17},"end":{"line":24,"column":18}},"loc":{"start":{"line":24,"column":26},"end":{"line":32,"column":3}},"line":24},"4":{"name":"(anonymous_4)","decl":{"start":{"line":43,"column":14},"end":{"line":43,"column":15}},"loc":{"start":{"line":43,"column":33},"end":{"line":46,"column":3}},"line":43},"5":{"name":"(anonymous_5)","decl":{"start":{"line":50,"column":2},"end":{"line":50,"column":3}},"loc":{"start":{"line":50,"column":36},"end":{"line":62,"column":3}},"line":50},"6":{"name":"(anonymous_6)","decl":{"start":{"line":51,"column":23},"end":{"line":51,"column":24}},"loc":{"start":{"line":51,"column":34},"end":{"line":61,"column":5}},"line":51}},"branchMap":{"0":{"loc":{"start":{"line":9,"column":2},"end":{"line":13,"column":3}},"type":"if","locations":[{"start":{"line":9,"column":2},"end":{"line":13,"column":3}},{"start":{"line":9,"column":2},"end":{"line":13,"column":3}}],"line":9},"1":{"loc":{"start":{"line":9,"column":6},"end":{"line":9,"column":36}},"type":"binary-expr","locations":[{"start":{"line":9,"column":6},"end":{"line":9,"column":16}},{"start":{"line":9,"column":20},"end":{"line":9,"column":36}}],"line":9},"2":{"loc":{"start":{"line":26,"column":4},"end":{"line":31,"column":5}},"type":"if","locations":[{"start":{"line":26,"column":4},"end":{"line":31,"column":5}},{"start":{"line":26,"column":4},"end":{"line":31,"column":5}}],"line":26},"3":{"loc":{"start":{"line":27,"column":6},"end":{"line":29,"column":7}},"type":"if","locations":[{"start":{"line":27,"column":6},"end":{"line":29,"column":7}},{"start":{"line":27,"column":6},"end":{"line":29,"column":7}}],"line":27},"4":{"loc":{"start":{"line":54,"column":6},"end":{"line":58,"column":7}},"type":"if","locations":[{"start":{"line":54,"column":6},"end":{"line":58,"column":7}},{"start":{"line":54,"column":6},"end":{"line":58,"column":7}}],"line":54},"5":{"loc":{"start":{"line":55,"column":25},"end":{"line":55,"column":42}},"type":"binary-expr","locations":[{"start":{"line":55,"column":25},"end":{"line":55,"column":36}},{"start":{"line":55,"column":40},"end":{"line":55,"column":42}}],"line":55}},"s":{"0":0,"1":0,"2":0,"3":0,"4":0,"5":0,"6":0,"7":0,"8":0,"9":0,"10":0,"11":0,"12":10,"13":10,"14":10,"15":10,"16":10,"17":10,"18":10,"19":10,"20":10,"21":0,"22":10,"23":10},"f":{"0":0,"1":0,"2":0,"3":0,"4":10,"5":10,"6":10},"b":{"0":[0,0],"1":[0,0],"2":[0,0],"3":[0,0],"4":[10,0],"5":[10,0]},"_coverageSchema":"1a1c01bbd47fc00a2c39e90264f33305004495a9","hash":"3ba30981a01eb8b536d0594856c0ead74504a9aa"}
,"D:\\Edward\\GitHub\\CardGame\\CDFrontend\\card_front\\src\\store\\modules\\settings.js": {"path":"D:\\Edward\\GitHub\\CardGame\\CDFrontend\\card_front\\src\\store\\modules\\settings.js","statementMap":{"0":{"start":{"line":4,"column":61},"end":{"line":4,"column":76}},"1":{"start":{"line":6,"column":14},"end":{"line":12,"column":1}},"2":{"start":{"line":14,"column":18},"end":{"line":21,"column":1}},"3":{"start":{"line":17,"column":4},"end":{"line":19,"column":5}},"4":{"start":{"line":18,"column":6},"end":{"line":18,"column":24}},"5":{"start":{"line":23,"column":16},"end":{"line":27,"column":1}},"6":{"start":{"line":25,"column":4},"end":{"line":25,"column":34}}},"fnMap":{"0":{"name":"(anonymous_0)","decl":{"start":{"line":15,"column":18},"end":{"line":15,"column":19}},"loc":{"start":{"line":15,"column":45},"end":{"line":20,"column":3}},"line":15},"1":{"name":"(anonymous_1)","decl":{"start":{"line":24,"column":2},"end":{"line":24,"column":3}},"loc":{"start":{"line":24,"column":34},"end":{"line":26,"column":3}},"line":24}},"branchMap":{"0":{"loc":{"start":{"line":17,"column":4},"end":{"line":19,"column":5}},"type":"if","locations":[{"start":{"line":17,"column":4},"end":{"line":19,"column":5}},{"start":{"line":17,"column":4},"end":{"line":19,"column":5}}],"line":17}},"s":{"0":10,"1":10,"2":10,"3":0,"4":0,"5":10,"6":0},"f":{"0":0,"1":0},"b":{"0":[0,0]},"_coverageSchema":"1a1c01bbd47fc00a2c39e90264f33305004495a9","hash":"4bfb77eac74983ed0e5ec0c147e0230676ec08f0"}
,"D:\\Edward\\GitHub\\CardGame\\CDFrontend\\card_front\\src\\store\\modules\\tagsView.js": {"path":"D:\\Edward\\GitHub\\CardGame\\CDFrontend\\card_front\\src\\store\\modules\\tagsView.js","statementMap":{"0":{"start":{"line":1,"column":14},"end":{"line":4,"column":1}},"1":{"start":{"line":6,"column":18},"end":{"line":67,"column":1}},"2":{"start":{"line":8,"column":4},"end":{"line":8,"column":67}},"3":{"start":{"line":8,"column":37},"end":{"line":8,"column":57}},"4":{"start":{"line":8,"column":60},"end":{"line":8,"column":67}},"5":{"start":{"line":9,"column":4},"end":{"line":13,"column":5}},"6":{"start":{"line":16,"column":4},"end":{"line":16,"column":54}},"7":{"start":{"line":16,"column":47},"end":{"line":16,"column":54}},"8":{"start":{"line":17,"column":4},"end":{"line":19,"column":5}},"9":{"start":{"line":18,"column":6},"end":{"line":18,"column":39}},"10":{"start":{"line":23,"column":4},"end":{"line":28,"column":5}},"11":{"start":{"line":24,"column":6},"end":{"line":27,"column":7}},"12":{"start":{"line":25,"column":8},"end":{"line":25,"column":40}},"13":{"start":{"line":26,"column":8},"end":{"line":26,"column":13}},"14":{"start":{"line":31,"column":18},"end":{"line":31,"column":54}},"15":{"start":{"line":32,"column":4},"end":{"line":32,"column":52}},"16":{"start":{"line":36,"column":4},"end":{"line":38,"column":6}},"17":{"start":{"line":37,"column":6},"end":{"line":37,"column":49}},"18":{"start":{"line":41,"column":18},"end":{"line":41,"column":54}},"19":{"start":{"line":42,"column":4},"end":{"line":47,"column":5}},"20":{"start":{"line":43,"column":6},"end":{"line":43,"column":67}},"21":{"start":{"line":46,"column":6},"end":{"line":46,"column":28}},"22":{"start":{"line":52,"column":22},"end":{"line":52,"column":70}},"23":{"start":{"line":52,"column":55},"end":{"line":52,"column":69}},"24":{"start":{"line":53,"column":4},"end":{"line":53,"column":34}},"25":{"start":{"line":56,"column":4},"end":{"line":56,"column":26}},"26":{"start":{"line":60,"column":4},"end":{"line":65,"column":5}},"27":{"start":{"line":61,"column":6},"end":{"line":64,"column":7}},"28":{"start":{"line":62,"column":8},"end":{"line":62,"column":35}},"29":{"start":{"line":63,"column":8},"end":{"line":63,"column":13}},"30":{"start":{"line":69,"column":16},"end":{"line":153,"column":1}},"31":{"start":{"line":71,"column":4},"end":{"line":71,"column":37}},"32":{"start":{"line":72,"column":4},"end":{"line":72,"column":35}},"33":{"start":{"line":75,"column":4},"end":{"line":75,"column":36}},"34":{"start":{"line":78,"column":4},"end":{"line":78,"column":35}},"35":{"start":{"line":82,"column":4},"end":{"line":89,"column":6}},"36":{"start":{"line":83,"column":6},"end":{"line":83,"column":39}},"37":{"start":{"line":84,"column":6},"end":{"line":84,"column":38}},"38":{"start":{"line":85,"column":6},"end":{"line":88,"column":8}},"39":{"start":{"line":92,"column":4},"end":{"line":95,"column":6}},"40":{"start":{"line":93,"column":6},"end":{"line":93,"column":39}},"41":{"start":{"line":94,"column":6},"end":{"line":94,"column":38}},"42":{"start":{"line":98,"column":4},"end":{"line":101,"column":6}},"43":{"start":{"line":99,"column":6},"end":{"line":99,"column":38}},"44":{"start":{"line":100,"column":6},"end":{"line":100,"column":37}},"45":{"start":{"line":105,"column":4},"end":{"line":112,"column":6}},"46":{"start":{"line":106,"column":6},"end":{"line":106,"column":46}},"47":{"start":{"line":107,"column":6},"end":{"line":107,"column":45}},"48":{"start":{"line":108,"column":6},"end":{"line":111,"column":8}},"49":{"start":{"line":115,"column":4},"end":{"line":118,"column":6}},"50":{"start":{"line":116,"column":6},"end":{"line":116,"column":47}},"51":{"start":{"line":117,"column":6},"end":{"line":117,"column":38}},"52":{"start":{"line":121,"column":4},"end":{"line":124,"column":6}},"53":{"start":{"line":122,"column":6},"end":{"line":122,"column":46}},"54":{"start":{"line":123,"column":6},"end":{"line":123,"column":37}},"55":{"start":{"line":128,"column":4},"end":{"line":135,"column":6}},"56":{"start":{"line":129,"column":6},"end":{"line":129,"column":43}},"57":{"start":{"line":130,"column":6},"end":{"line":130,"column":42}},"58":{"start":{"line":131,"column":6},"end":{"line":134,"column":8}},"59":{"start":{"line":138,"column":4},"end":{"line":141,"column":6}},"60":{"start":{"line":139,"column":6},"end":{"line":139,"column":38}},"61":{"start":{"line":140,"column":6},"end":{"line":140,"column":38}},"62":{"start":{"line":144,"column":4},"end":{"line":147,"column":6}},"63":{"start":{"line":145,"column":6},"end":{"line":145,"column":37}},"64":{"start":{"line":146,"column":6},"end":{"line":146,"column":37}},"65":{"start":{"line":151,"column":4},"end":{"line":151,"column":39}}},"fnMap":{"0":{"name":"(anonymous_0)","decl":{"start":{"line":7,"column":20},"end":{"line":7,"column":21}},"loc":{"start":{"line":7,"column":37},"end":{"line":14,"column":3}},"line":7},"1":{"name":"(anonymous_1)","decl":{"start":{"line":8,"column":32},"end":{"line":8,"column":33}},"loc":{"start":{"line":8,"column":37},"end":{"line":8,"column":57}},"line":8},"2":{"name":"(anonymous_2)","decl":{"start":{"line":15,"column":19},"end":{"line":15,"column":20}},"loc":{"start":{"line":15,"column":36},"end":{"line":20,"column":3}},"line":15},"3":{"name":"(anonymous_3)","decl":{"start":{"line":22,"column":20},"end":{"line":22,"column":21}},"loc":{"start":{"line":22,"column":37},"end":{"line":29,"column":3}},"line":22},"4":{"name":"(anonymous_4)","decl":{"start":{"line":30,"column":19},"end":{"line":30,"column":20}},"loc":{"start":{"line":30,"column":36},"end":{"line":33,"column":3}},"line":30},"5":{"name":"(anonymous_5)","decl":{"start":{"line":35,"column":28},"end":{"line":35,"column":29}},"loc":{"start":{"line":35,"column":45},"end":{"line":39,"column":3}},"line":35},"6":{"name":"(anonymous_6)","decl":{"start":{"line":36,"column":51},"end":{"line":36,"column":52}},"loc":{"start":{"line":36,"column":56},"end":{"line":38,"column":5}},"line":36},"7":{"name":"(anonymous_7)","decl":{"start":{"line":40,"column":27},"end":{"line":40,"column":28}},"loc":{"start":{"line":40,"column":44},"end":{"line":48,"column":3}},"line":40},"8":{"name":"(anonymous_8)","decl":{"start":{"line":50,"column":25},"end":{"line":50,"column":26}},"loc":{"start":{"line":50,"column":34},"end":{"line":54,"column":3}},"line":50},"9":{"name":"(anonymous_9)","decl":{"start":{"line":52,"column":48},"end":{"line":52,"column":49}},"loc":{"start":{"line":52,"column":55},"end":{"line":52,"column":69}},"line":52},"10":{"name":"(anonymous_10)","decl":{"start":{"line":55,"column":24},"end":{"line":55,"column":25}},"loc":{"start":{"line":55,"column":33},"end":{"line":57,"column":3}},"line":55},"11":{"name":"(anonymous_11)","decl":{"start":{"line":59,"column":23},"end":{"line":59,"column":24}},"loc":{"start":{"line":59,"column":40},"end":{"line":66,"column":3}},"line":59},"12":{"name":"(anonymous_12)","decl":{"start":{"line":70,"column":2},"end":{"line":70,"column":3}},"loc":{"start":{"line":70,"column":30},"end":{"line":73,"column":3}},"line":70},"13":{"name":"(anonymous_13)","decl":{"start":{"line":74,"column":2},"end":{"line":74,"column":3}},"loc":{"start":{"line":74,"column":35},"end":{"line":76,"column":3}},"line":74},"14":{"name":"(anonymous_14)","decl":{"start":{"line":77,"column":2},"end":{"line":77,"column":3}},"loc":{"start":{"line":77,"column":34},"end":{"line":79,"column":3}},"line":77},"15":{"name":"(anonymous_15)","decl":{"start":{"line":81,"column":2},"end":{"line":81,"column":3}},"loc":{"start":{"line":81,"column":37},"end":{"line":90,"column":3}},"line":81},"16":{"name":"(anonymous_16)","decl":{"start":{"line":82,"column":23},"end":{"line":82,"column":24}},"loc":{"start":{"line":82,"column":34},"end":{"line":89,"column":5}},"line":82},"17":{"name":"(anonymous_17)","decl":{"start":{"line":91,"column":2},"end":{"line":91,"column":3}},"loc":{"start":{"line":91,"column":42},"end":{"line":96,"column":3}},"line":91},"18":{"name":"(anonymous_18)","decl":{"start":{"line":92,"column":23},"end":{"line":92,"column":24}},"loc":{"start":{"line":92,"column":34},"end":{"line":95,"column":5}},"line":92},"19":{"name":"(anonymous_19)","decl":{"start":{"line":97,"column":2},"end":{"line":97,"column":3}},"loc":{"start":{"line":97,"column":41},"end":{"line":102,"column":3}},"line":97},"20":{"name":"(anonymous_20)","decl":{"start":{"line":98,"column":23},"end":{"line":98,"column":24}},"loc":{"start":{"line":98,"column":34},"end":{"line":101,"column":5}},"line":98},"21":{"name":"(anonymous_21)","decl":{"start":{"line":104,"column":2},"end":{"line":104,"column":3}},"loc":{"start":{"line":104,"column":44},"end":{"line":113,"column":3}},"line":104},"22":{"name":"(anonymous_22)","decl":{"start":{"line":105,"column":23},"end":{"line":105,"column":24}},"loc":{"start":{"line":105,"column":34},"end":{"line":112,"column":5}},"line":105},"23":{"name":"(anonymous_23)","decl":{"start":{"line":114,"column":2},"end":{"line":114,"column":3}},"loc":{"start":{"line":114,"column":49},"end":{"line":119,"column":3}},"line":114},"24":{"name":"(anonymous_24)","decl":{"start":{"line":115,"column":23},"end":{"line":115,"column":24}},"loc":{"start":{"line":115,"column":34},"end":{"line":118,"column":5}},"line":115},"25":{"name":"(anonymous_25)","decl":{"start":{"line":120,"column":2},"end":{"line":120,"column":3}},"loc":{"start":{"line":120,"column":48},"end":{"line":125,"column":3}},"line":120},"26":{"name":"(anonymous_26)","decl":{"start":{"line":121,"column":23},"end":{"line":121,"column":24}},"loc":{"start":{"line":121,"column":34},"end":{"line":124,"column":5}},"line":121},"27":{"name":"(anonymous_27)","decl":{"start":{"line":127,"column":2},"end":{"line":127,"column":3}},"loc":{"start":{"line":127,"column":41},"end":{"line":136,"column":3}},"line":127},"28":{"name":"(anonymous_28)","decl":{"start":{"line":128,"column":23},"end":{"line":128,"column":24}},"loc":{"start":{"line":128,"column":34},"end":{"line":135,"column":5}},"line":128},"29":{"name":"(anonymous_29)","decl":{"start":{"line":137,"column":2},"end":{"line":137,"column":3}},"loc":{"start":{"line":137,"column":40},"end":{"line":142,"column":3}},"line":137},"30":{"name":"(anonymous_30)","decl":{"start":{"line":138,"column":23},"end":{"line":138,"column":24}},"loc":{"start":{"line":138,"column":34},"end":{"line":141,"column":5}},"line":138},"31":{"name":"(anonymous_31)","decl":{"start":{"line":143,"column":2},"end":{"line":143,"column":3}},"loc":{"start":{"line":143,"column":39},"end":{"line":148,"column":3}},"line":143},"32":{"name":"(anonymous_32)","decl":{"start":{"line":144,"column":23},"end":{"line":144,"column":24}},"loc":{"start":{"line":144,"column":34},"end":{"line":147,"column":5}},"line":144},"33":{"name":"(anonymous_33)","decl":{"start":{"line":150,"column":2},"end":{"line":150,"column":3}},"loc":{"start":{"line":150,"column":38},"end":{"line":152,"column":3}},"line":150}},"branchMap":{"0":{"loc":{"start":{"line":8,"column":4},"end":{"line":8,"column":67}},"type":"if","locations":[{"start":{"line":8,"column":4},"end":{"line":8,"column":67}},{"start":{"line":8,"column":4},"end":{"line":8,"column":67}}],"line":8},"1":{"loc":{"start":{"line":11,"column":15},"end":{"line":11,"column":43}},"type":"binary-expr","locations":[{"start":{"line":11,"column":15},"end":{"line":11,"column":30}},{"start":{"line":11,"column":34},"end":{"line":11,"column":43}}],"line":11},"2":{"loc":{"start":{"line":16,"column":4},"end":{"line":16,"column":54}},"type":"if","locations":[{"start":{"line":16,"column":4},"end":{"line":16,"column":54}},{"start":{"line":16,"column":4},"end":{"line":16,"column":54}}],"line":16},"3":{"loc":{"start":{"line":17,"column":4},"end":{"line":19,"column":5}},"type":"if","locations":[{"start":{"line":17,"column":4},"end":{"line":19,"column":5}},{"start":{"line":17,"column":4},"end":{"line":19,"column":5}}],"line":17},"4":{"loc":{"start":{"line":24,"column":6},"end":{"line":27,"column":7}},"type":"if","locations":[{"start":{"line":24,"column":6},"end":{"line":27,"column":7}},{"start":{"line":24,"column":6},"end":{"line":27,"column":7}}],"line":24},"5":{"loc":{"start":{"line":32,"column":4},"end":{"line":32,"column":52}},"type":"binary-expr","locations":[{"start":{"line":32,"column":4},"end":{"line":32,"column":14}},{"start":{"line":32,"column":18},"end":{"line":32,"column":52}}],"line":32},"6":{"loc":{"start":{"line":37,"column":13},"end":{"line":37,"column":49}},"type":"binary-expr","locations":[{"start":{"line":37,"column":13},"end":{"line":37,"column":25}},{"start":{"line":37,"column":29},"end":{"line":37,"column":49}}],"line":37},"7":{"loc":{"start":{"line":42,"column":4},"end":{"line":47,"column":5}},"type":"if","locations":[{"start":{"line":42,"column":4},"end":{"line":47,"column":5}},{"start":{"line":42,"column":4},"end":{"line":47,"column":5}}],"line":42},"8":{"loc":{"start":{"line":61,"column":6},"end":{"line":64,"column":7}},"type":"if","locations":[{"start":{"line":61,"column":6},"end":{"line":64,"column":7}},{"start":{"line":61,"column":6},"end":{"line":64,"column":7}}],"line":61}},"s":{"0":10,"1":10,"2":30,"3":20,"4":10,"5":20,"6":20,"7":0,"8":20,"9":20,"10":0,"11":0,"12":0,"13":0,"14":0,"15":0,"16":0,"17":0,"18":0,"19":0,"20":0,"21":0,"22":0,"23":0,"24":0,"25":0,"26":0,"27":0,"28":0,"29":0,"30":10,"31":20,"32":20,"33":30,"34":20,"35":0,"36":0,"37":0,"38":0,"39":0,"40":0,"41":0,"42":0,"43":0,"44":0,"45":0,"46":0,"47":0,"48":0,"49":0,"50":0,"51":0,"52":0,"53":0,"54":0,"55":0,"56":0,"57":0,"58":0,"59":0,"60":0,"61":0,"62":0,"63":0,"64":0,"65":0},"f":{"0":30,"1":20,"2":20,"3":0,"4":0,"5":0,"6":0,"7":0,"8":0,"9":0,"10":0,"11":0,"12":20,"13":30,"14":20,"15":0,"16":0,"17":0,"18":0,"19":0,"20":0,"21":0,"22":0,"23":0,"24":0,"25":0,"26":0,"27":0,"28":0,"29":0,"30":0,"31":0,"32":0,"33":0},"b":{"0":[10,20],"1":[20,0],"2":[0,20],"3":[20,0],"4":[0,0],"5":[0,0],"6":[0,0],"7":[0,0],"8":[0,0]},"_coverageSchema":"1a1c01bbd47fc00a2c39e90264f33305004495a9","hash":"b36eba92802ef46b02079d6386cd8865139f0548"}
,"D:\\Edward\\GitHub\\CardGame\\CDFrontend\\card_front\\src\\store\\modules\\user.js": {"path":"D:\\Edward\\GitHub\\CardGame\\CDFrontend\\card_front\\src\\store\\modules\\user.js","statementMap":{"0":{"start":{"line":5,"column":14},"end":{"line":11,"column":1}},"1":{"start":{"line":13,"column":18},"end":{"line":29,"column":1}},"2":{"start":{"line":15,"column":4},"end":{"line":15,"column":23}},"3":{"start":{"line":18,"column":4},"end":{"line":18,"column":37}},"4":{"start":{"line":21,"column":4},"end":{"line":21,"column":21}},"5":{"start":{"line":24,"column":4},"end":{"line":24,"column":25}},"6":{"start":{"line":27,"column":4},"end":{"line":27,"column":23}},"7":{"start":{"line":31,"column":16},"end":{"line":140,"column":1}},"8":{"start":{"line":34,"column":35},"end":{"line":34,"column":43}},"9":{"start":{"line":35,"column":4},"end":{"line":52,"column":6}},"10":{"start":{"line":36,"column":6},"end":{"line":36,"column":56}},"11":{"start":{"line":37,"column":6},"end":{"line":37,"column":26}},"12":{"start":{"line":38,"column":6},"end":{"line":38,"column":28}},"13":{"start":{"line":39,"column":6},"end":{"line":51,"column":8}},"14":{"start":{"line":40,"column":25},"end":{"line":40,"column":33}},"15":{"start":{"line":41,"column":8},"end":{"line":41,"column":32}},"16":{"start":{"line":42,"column":8},"end":{"line":42,"column":30}},"17":{"start":{"line":43,"column":8},"end":{"line":43,"column":28}},"18":{"start":{"line":44,"column":8},"end":{"line":44,"column":26}},"19":{"start":{"line":45,"column":8},"end":{"line":45,"column":32}},"20":{"start":{"line":46,"column":8},"end":{"line":46,"column":40}},"21":{"start":{"line":47,"column":8},"end":{"line":47,"column":29}},"22":{"start":{"line":48,"column":8},"end":{"line":48,"column":17}},"23":{"start":{"line":50,"column":8},"end":{"line":50,"column":21}},"24":{"start":{"line":57,"column":4},"end":{"line":57,"column":56}},"25":{"start":{"line":58,"column":4},"end":{"line":58,"column":24}},"26":{"start":{"line":59,"column":4},"end":{"line":59,"column":23}},"27":{"start":{"line":60,"column":4},"end":{"line":88,"column":6}},"28":{"start":{"line":61,"column":6},"end":{"line":87,"column":8}},"29":{"start":{"line":62,"column":8},"end":{"line":62,"column":38}},"30":{"start":{"line":63,"column":8},"end":{"line":63,"column":30}},"31":{"start":{"line":65,"column":25},"end":{"line":65,"column":33}},"32":{"start":{"line":67,"column":8},"end":{"line":69,"column":9}},"33":{"start":{"line":68,"column":10},"end":{"line":68,"column":60}},"34":{"start":{"line":71,"column":54},"end":{"line":71,"column":58}},"35":{"start":{"line":72,"column":8},"end":{"line":72,"column":38}},"36":{"start":{"line":73,"column":8},"end":{"line":73,"column":36}},"37":{"start":{"line":76,"column":8},"end":{"line":78,"column":9}},"38":{"start":{"line":77,"column":10},"end":{"line":77,"column":60}},"39":{"start":{"line":80,"column":8},"end":{"line":80,"column":35}},"40":{"start":{"line":81,"column":8},"end":{"line":81,"column":33}},"41":{"start":{"line":82,"column":8},"end":{"line":82,"column":37}},"42":{"start":{"line":83,"column":8},"end":{"line":83,"column":49}},"43":{"start":{"line":84,"column":8},"end":{"line":84,"column":21}},"44":{"start":{"line":86,"column":8},"end":{"line":86,"column":21}},"45":{"start":{"line":93,"column":4},"end":{"line":108,"column":6}},"46":{"start":{"line":94,"column":6},"end":{"line":107,"column":8}},"47":{"start":{"line":95,"column":8},"end":{"line":95,"column":32}},"48":{"start":{"line":96,"column":8},"end":{"line":96,"column":32}},"49":{"start":{"line":97,"column":8},"end":{"line":97,"column":22}},"50":{"start":{"line":98,"column":8},"end":{"line":98,"column":22}},"51":{"start":{"line":102,"column":8},"end":{"line":102,"column":63}},"52":{"start":{"line":104,"column":8},"end":{"line":104,"column":17}},"53":{"start":{"line":106,"column":8},"end":{"line":106,"column":21}},"54":{"start":{"line":113,"column":4},"end":{"line":118,"column":6}},"55":{"start":{"line":114,"column":6},"end":{"line":114,"column":30}},"56":{"start":{"line":115,"column":6},"end":{"line":115,"column":30}},"57":{"start":{"line":116,"column":6},"end":{"line":116,"column":20}},"58":{"start":{"line":117,"column":6},"end":{"line":117,"column":15}},"59":{"start":{"line":123,"column":18},"end":{"line":123,"column":33}},"60":{"start":{"line":125,"column":4},"end":{"line":125,"column":31}},"61":{"start":{"line":126,"column":4},"end":{"line":126,"column":20}},"62":{"start":{"line":128,"column":22},"end":{"line":128,"column":47}},"63":{"start":{"line":130,"column":4},"end":{"line":130,"column":18}},"64":{"start":{"line":133,"column":25},"end":{"line":133,"column":91}},"65":{"start":{"line":135,"column":4},"end":{"line":135,"column":35}},"66":{"start":{"line":138,"column":4},"end":{"line":138,"column":58}}},"fnMap":{"0":{"name":"(anonymous_0)","decl":{"start":{"line":14,"column":13},"end":{"line":14,"column":14}},"loc":{"start":{"line":14,"column":31},"end":{"line":16,"column":3}},"line":14},"1":{"name":"(anonymous_1)","decl":{"start":{"line":17,"column":20},"end":{"line":17,"column":21}},"loc":{"start":{"line":17,"column":45},"end":{"line":19,"column":3}},"line":17},"2":{"name":"(anonymous_2)","decl":{"start":{"line":20,"column":12},"end":{"line":20,"column":13}},"loc":{"start":{"line":20,"column":29},"end":{"line":22,"column":3}},"line":20},"3":{"name":"(anonymous_3)","decl":{"start":{"line":23,"column":14},"end":{"line":23,"column":15}},"loc":{"start":{"line":23,"column":33},"end":{"line":25,"column":3}},"line":23},"4":{"name":"(anonymous_4)","decl":{"start":{"line":26,"column":13},"end":{"line":26,"column":14}},"loc":{"start":{"line":26,"column":31},"end":{"line":28,"column":3}},"line":26},"5":{"name":"(anonymous_5)","decl":{"start":{"line":33,"column":2},"end":{"line":33,"column":3}},"loc":{"start":{"line":33,"column":30},"end":{"line":53,"column":3}},"line":33},"6":{"name":"(anonymous_6)","decl":{"start":{"line":35,"column":23},"end":{"line":35,"column":24}},"loc":{"start":{"line":35,"column":44},"end":{"line":52,"column":5}},"line":35},"7":{"name":"(anonymous_7)","decl":{"start":{"line":39,"column":68},"end":{"line":39,"column":69}},"loc":{"start":{"line":39,"column":80},"end":{"line":49,"column":7}},"line":39},"8":{"name":"(anonymous_8)","decl":{"start":{"line":49,"column":15},"end":{"line":49,"column":16}},"loc":{"start":{"line":49,"column":24},"end":{"line":51,"column":7}},"line":49},"9":{"name":"(anonymous_9)","decl":{"start":{"line":56,"column":2},"end":{"line":56,"column":3}},"loc":{"start":{"line":56,"column":29},"end":{"line":89,"column":3}},"line":56},"10":{"name":"(anonymous_10)","decl":{"start":{"line":60,"column":23},"end":{"line":60,"column":24}},"loc":{"start":{"line":60,"column":44},"end":{"line":88,"column":5}},"line":60},"11":{"name":"(anonymous_11)","decl":{"start":{"line":61,"column":32},"end":{"line":61,"column":33}},"loc":{"start":{"line":61,"column":44},"end":{"line":85,"column":7}},"line":61},"12":{"name":"(anonymous_12)","decl":{"start":{"line":85,"column":15},"end":{"line":85,"column":16}},"loc":{"start":{"line":85,"column":24},"end":{"line":87,"column":7}},"line":85},"13":{"name":"(anonymous_13)","decl":{"start":{"line":92,"column":2},"end":{"line":92,"column":3}},"loc":{"start":{"line":92,"column":38},"end":{"line":109,"column":3}},"line":92},"14":{"name":"(anonymous_14)","decl":{"start":{"line":93,"column":23},"end":{"line":93,"column":24}},"loc":{"start":{"line":93,"column":44},"end":{"line":108,"column":5}},"line":93},"15":{"name":"(anonymous_15)","decl":{"start":{"line":94,"column":31},"end":{"line":94,"column":32}},"loc":{"start":{"line":94,"column":37},"end":{"line":105,"column":7}},"line":94},"16":{"name":"(anonymous_16)","decl":{"start":{"line":105,"column":15},"end":{"line":105,"column":16}},"loc":{"start":{"line":105,"column":24},"end":{"line":107,"column":7}},"line":105},"17":{"name":"(anonymous_17)","decl":{"start":{"line":112,"column":2},"end":{"line":112,"column":3}},"loc":{"start":{"line":112,"column":25},"end":{"line":119,"column":3}},"line":112},"18":{"name":"(anonymous_18)","decl":{"start":{"line":113,"column":23},"end":{"line":113,"column":24}},"loc":{"start":{"line":113,"column":34},"end":{"line":118,"column":5}},"line":113},"19":{"name":"(anonymous_19)","decl":{"start":{"line":122,"column":2},"end":{"line":122,"column":3}},"loc":{"start":{"line":122,"column":48},"end":{"line":139,"column":3}},"line":122}},"branchMap":{"0":{"loc":{"start":{"line":67,"column":8},"end":{"line":69,"column":9}},"type":"if","locations":[{"start":{"line":67,"column":8},"end":{"line":69,"column":9}},{"start":{"line":67,"column":8},"end":{"line":69,"column":9}}],"line":67},"1":{"loc":{"start":{"line":76,"column":8},"end":{"line":78,"column":9}},"type":"if","locations":[{"start":{"line":76,"column":8},"end":{"line":78,"column":9}},{"start":{"line":76,"column":8},"end":{"line":78,"column":9}}],"line":76},"2":{"loc":{"start":{"line":76,"column":12},"end":{"line":76,"column":39}},"type":"binary-expr","locations":[{"start":{"line":76,"column":12},"end":{"line":76,"column":18}},{"start":{"line":76,"column":22},"end":{"line":76,"column":39}}],"line":76}},"s":{"0":10,"1":10,"2":10,"3":10,"4":10,"5":10,"6":10,"7":10,"8":10,"9":10,"10":10,"11":10,"12":10,"13":10,"14":10,"15":10,"16":10,"17":10,"18":10,"19":10,"20":10,"21":10,"22":10,"23":0,"24":10,"25":10,"26":10,"27":10,"28":10,"29":10,"30":10,"31":10,"32":10,"33":0,"34":10,"35":10,"36":10,"37":10,"38":0,"39":10,"40":10,"41":10,"42":10,"43":10,"44":0,"45":0,"46":0,"47":0,"48":0,"49":0,"50":0,"51":0,"52":0,"53":0,"54":0,"55":0,"56":0,"57":0,"58":0,"59":0,"60":0,"61":0,"62":0,"63":0,"64":0,"65":0,"66":0},"f":{"0":10,"1":10,"2":10,"3":10,"4":10,"5":10,"6":10,"7":10,"8":0,"9":10,"10":10,"11":10,"12":0,"13":0,"14":0,"15":0,"16":0,"17":0,"18":0,"19":0},"b":{"0":[0,10],"1":[0,10],"2":[10,10]},"_coverageSchema":"1a1c01bbd47fc00a2c39e90264f33305004495a9","hash":"1d5347dc63f6d54c48c2a20a1db315dc4c38bf62"}
,"D:\\Edward\\GitHub\\CardGame\\CDFrontend\\card_front\\src\\utils\\auth.js": {"path":"D:\\Edward\\GitHub\\CardGame\\CDFrontend\\card_front\\src\\utils\\auth.js","statementMap":{"0":{"start":{"line":3,"column":17},"end":{"line":3,"column":30}},"1":{"start":{"line":6,"column":2},"end":{"line":6,"column":31}},"2":{"start":{"line":7,"column":2},"end":{"line":7,"column":37}},"3":{"start":{"line":8,"column":2},"end":{"line":8,"column":30}},"4":{"start":{"line":12,"column":2},"end":{"line":12,"column":31}},"5":{"start":{"line":13,"column":2},"end":{"line":13,"column":37}},"6":{"start":{"line":17,"column":2},"end":{"line":17,"column":33}}},"fnMap":{"0":{"name":"getToken","decl":{"start":{"line":5,"column":16},"end":{"line":5,"column":24}},"loc":{"start":{"line":5,"column":27},"end":{"line":9,"column":1}},"line":5},"1":{"name":"setToken","decl":{"start":{"line":11,"column":16},"end":{"line":11,"column":24}},"loc":{"start":{"line":11,"column":32},"end":{"line":14,"column":1}},"line":11},"2":{"name":"removeToken","decl":{"start":{"line":16,"column":16},"end":{"line":16,"column":27}},"loc":{"start":{"line":16,"column":30},"end":{"line":18,"column":1}},"line":16}},"branchMap":{},"s":{"0":10,"1":70,"2":70,"3":70,"4":10,"5":10,"6":10},"f":{"0":70,"1":10,"2":10},"b":{},"_coverageSchema":"1a1c01bbd47fc00a2c39e90264f33305004495a9","hash":"051ff346ecb6663d1ecaca4885b21fc9d789512f"}
,"D:\\Edward\\GitHub\\CardGame\\CDFrontend\\card_front\\src\\utils\\error-log.js": {"path":"D:\\Edward\\GitHub\\CardGame\\CDFrontend\\card_front\\src\\utils\\error-log.js","statementMap":{"0":{"start":{"line":8,"column":35},"end":{"line":8,"column":43}},"1":{"start":{"line":11,"column":14},"end":{"line":11,"column":34}},"2":{"start":{"line":12,"column":2},"end":{"line":14,"column":3}},"3":{"start":{"line":13,"column":4},"end":{"line":13,"column":31}},"4":{"start":{"line":15,"column":2},"end":{"line":17,"column":3}},"5":{"start":{"line":16,"column":4},"end":{"line":16,"column":37}},"6":{"start":{"line":18,"column":2},"end":{"line":18,"column":14}},"7":{"start":{"line":21,"column":0},"end":{"line":35,"column":1}},"8":{"start":{"line":22,"column":2},"end":{"line":34,"column":3}},"9":{"start":{"line":25,"column":4},"end":{"line":33,"column":6}},"10":{"start":{"line":26,"column":6},"end":{"line":31,"column":9}},"11":{"start":{"line":32,"column":6},"end":{"line":32,"column":30}}},"fnMap":{"0":{"name":"checkNeed","decl":{"start":{"line":10,"column":9},"end":{"line":10,"column":18}},"loc":{"start":{"line":10,"column":21},"end":{"line":19,"column":1}},"line":10},"1":{"name":"(anonymous_1)","decl":{"start":{"line":22,"column":28},"end":{"line":22,"column":29}},"loc":{"start":{"line":22,"column":55},"end":{"line":34,"column":3}},"line":22},"2":{"name":"(anonymous_2)","decl":{"start":{"line":25,"column":17},"end":{"line":25,"column":18}},"loc":{"start":{"line":25,"column":23},"end":{"line":33,"column":5}},"line":25}},"branchMap":{"0":{"loc":{"start":{"line":12,"column":2},"end":{"line":14,"column":3}},"type":"if","locations":[{"start":{"line":12,"column":2},"end":{"line":14,"column":3}},{"start":{"line":12,"column":2},"end":{"line":14,"column":3}}],"line":12},"1":{"loc":{"start":{"line":15,"column":2},"end":{"line":17,"column":3}},"type":"if","locations":[{"start":{"line":15,"column":2},"end":{"line":17,"column":3}},{"start":{"line":15,"column":2},"end":{"line":17,"column":3}}],"line":15},"2":{"loc":{"start":{"line":21,"column":0},"end":{"line":35,"column":1}},"type":"if","locations":[{"start":{"line":21,"column":0},"end":{"line":35,"column":1}},{"start":{"line":21,"column":0},"end":{"line":35,"column":1}}],"line":21}},"s":{"0":10,"1":10,"2":10,"3":10,"4":0,"5":0,"6":0,"7":10,"8":0,"9":0,"10":0,"11":0},"f":{"0":10,"1":0,"2":0},"b":{"0":[10,0],"1":[0,0],"2":[0,10]},"_coverageSchema":"1a1c01bbd47fc00a2c39e90264f33305004495a9","hash":"9e8c96133415485451bbe8be14378b758858beeb"}
,"D:\\Edward\\GitHub\\CardGame\\CDFrontend\\card_front\\src\\utils\\get-page-title.js": {"path":"D:\\Edward\\GitHub\\CardGame\\CDFrontend\\card_front\\src\\utils\\get-page-title.js","statementMap":{"0":{"start":{"line":3,"column":14},"end":{"line":3,"column":58}},"1":{"start":{"line":6,"column":2},"end":{"line":8,"column":3}},"2":{"start":{"line":7,"column":4},"end":{"line":7,"column":36}},"3":{"start":{"line":9,"column":2},"end":{"line":9,"column":19}}},"fnMap":{"0":{"name":"getPageTitle","decl":{"start":{"line":5,"column":24},"end":{"line":5,"column":36}},"loc":{"start":{"line":5,"column":48},"end":{"line":10,"column":1}},"line":5}},"branchMap":{"0":{"loc":{"start":{"line":3,"column":14},"end":{"line":3,"column":58}},"type":"binary-expr","locations":[{"start":{"line":3,"column":14},"end":{"line":3,"column":35}},{"start":{"line":3,"column":39},"end":{"line":3,"column":58}}],"line":3},"1":{"loc":{"start":{"line":6,"column":2},"end":{"line":8,"column":3}},"type":"if","locations":[{"start":{"line":6,"column":2},"end":{"line":8,"column":3}},{"start":{"line":6,"column":2},"end":{"line":8,"column":3}}],"line":6}},"s":{"0":10,"1":40,"2":30,"3":10},"f":{"0":40},"b":{"0":[10,0],"1":[30,10]},"_coverageSchema":"1a1c01bbd47fc00a2c39e90264f33305004495a9","hash":"5b607724a533a7e9a9f3cc17f86d16521423e641"}
[...]
,"D:\\Edward\\GitHub\\CardGame\\CDFrontend\\card_front\\src\\utils\\request.js": {"path":"D:\\Edward\\GitHub\\CardGame\\CDFrontend\\card_front\\src\\utils\\request.js","statementMap":{"0":{"start":{"line":7,"column":16},"end":{"line":11,"column":2}},"1":{"start":{"line":14,"column":0},"end":{"line":33,"column":2}},"2":{"start":{"line":18,"column":4},"end":{"line":23,"column":5}},"3":{"start":{"line":22,"column":6},"end":{"line":22,"column":44}},"4":{"start":{"line":24,"column":4},"end":{"line":24,"column":42}},"5":{"start":{"line":25,"column":4},"end":{"line":25,"column":24}},"6":{"start":{"line":26,"column":4},"end":{"line":26,"column":17}},"7":{"start":{"line":30,"column":4},"end":{"line":30,"column":23}},"8":{"start":{"line":31,"column":4},"end":{"line":31,"column":32}},"9":{"start":{"line":36,"column":0},"end":{"line":85,"column":2}},"10":{"start":{"line":48,"column":16},"end":{"line":48,"column":29}},"11":{"start":{"line":51,"column":4},"end":{"line":74,"column":5}},"12":{"start":{"line":52,"column":6},"end":{"line":56,"column":9}},"13":{"start":{"line":59,"column":6},"end":{"line":70,"column":7}},"14":{"start":{"line":61,"column":8},"end":{"line":69,"column":10}},"15":{"start":{"line":66,"column":10},"end":{"line":68,"column":12}},"16":{"start":{"line":67,"column":12},"end":{"line":67,"column":29}},"17":{"start":{"line":71,"column":6},"end":{"line":71,"column":62}},"18":{"start":{"line":73,"column":6},"end":{"line":73,"column":16}},"19":{"start":{"line":77,"column":4},"end":{"line":77,"column":31}},"20":{"start":{"line":78,"column":4},"end":{"line":82,"column":7}},"21":{"start":{"line":83,"column":4},"end":{"line":83,"column":32}}},"fnMap":{"0":{"name":"(anonymous_0)","decl":{"start":{"line":15,"column":2},"end":{"line":15,"column":3}},"loc":{"start":{"line":15,"column":12},"end":{"line":27,"column":3}},"line":15},"1":{"name":"(anonymous_1)","decl":{"start":{"line":28,"column":2},"end":{"line":28,"column":3}},"loc":{"start":{"line":28,"column":11},"end":{"line":32,"column":3}},"line":28},"2":{"name":"(anonymous_2)","decl":{"start":{"line":47,"column":2},"end":{"line":47,"column":3}},"loc":{"start":{"line":47,"column":14},"end":{"line":75,"column":3}},"line":47},"3":{"name":"(anonymous_3)","decl":{"start":{"line":65,"column":16},"end":{"line":65,"column":17}},"loc":{"start":{"line":65,"column":22},"end":{"line":69,"column":9}},"line":65},"4":{"name":"(anonymous_4)","decl":{"start":{"line":66,"column":49},"end":{"line":66,"column":50}},"loc":{"start":{"line":66,"column":55},"end":{"line":68,"column":11}},"line":66},"5":{"name":"(anonymous_5)","decl":{"start":{"line":76,"column":2},"end":{"line":76,"column":3}},"loc":{"start":{"line":76,"column":11},"end":{"line":84,"column":3}},"line":76}},"branchMap":{"0":{"loc":{"start":{"line":18,"column":4},"end":{"line":23,"column":5}},"type":"if","locations":[{"start":{"line":18,"column":4},"end":{"line":23,"column":5}},{"start":{"line":18,"column":4},"end":{"line":23,"column":5}}],"line":18},"1":{"loc":{"start":{"line":51,"column":4},"end":{"line":74,"column":5}},"type":"if","locations":[{"start":{"line":51,"column":4},"end":{"line":74,"column":5}},{"start":{"line":51,"column":4},"end":{"line":74,"column":5}}],"line":51},"2":{"loc":{"start":{"line":53,"column":17},"end":{"line":53,"column":39}},"type":"binary-expr","locations":[{"start":{"line":53,"column":17},"end":{"line":53,"column":28}},{"start":{"line":53,"column":32},"end":{"line":53,"column":39}}],"line":53},"3":{"loc":{"start":{"line":59,"column":6},"end":{"line":70,"column":7}},"type":"if","locations":[{"start":{"line":59,"column":6},"end":{"line":70,"column":7}},{"start":{"line":59,"column":6},"end":{"line":70,"column":7}}],"line":59},"4":{"loc":{"start":{"line":59,"column":10},"end":{"line":59,"column":72}},"type":"binary-expr","locations":[{"start":{"line":59,"column":10},"end":{"line":59,"column":28}},{"start":{"line":59,"column":32},"end":{"line":59,"column":50}},{"start":{"line":59,"column":54},"end":{"line":59,"column":72}}],"line":59},"5":{"loc":{"start":{"line":71,"column":38},"end":{"line":71,"column":60}},"type":"binary-expr","locations":[{"start":{"line":71,"column":38},"end":{"line":71,"column":49}},{"start":{"line":71,"column":53},"end":{"line":71,"column":60}}],"line":71}},"s":{"0":10,"1":10,"2":40,"3":20,"4":40,"5":40,"6":40,"7":0,"8":0,"9":10,"10":40,"11":40,"12":0,"13":0,"14":0,"15":0,"16":0,"17":0,"18":40,"19":0,"20":0,"21":0},"f":{"0":40,"1":0,"2":40,"3":0,"4":0,"5":0},"b":{"0":[20,20],"1":[0,40],"2":[0,0],"3":[0,0],"4":[0,0,0],"5":[0,0]},"_coverageSchema":"1a1c01bbd47fc00a2c39e90264f33305004495a9","hash":"b59393d6bd740dab5d8b13d5f76c1b05da5ba8db"}
,"D:\\Edward\\GitHub\\CardGame\\CDFrontend\\card_front\\src\\utils\\scroll-to.js": {"path":"D:\\Edward\\GitHub\\CardGame\\CDFrontend\\card_front\\src\\utils\\scroll-to.js","statementMap":{"0":{"start":{"line":1,"column":0},"end":{"line":8,"column":2}},"1":{"start":{"line":2,"column":2},"end":{"line":2,"column":13}},"2":{"start":{"line":3,"column":2},"end":{"line":5,"column":3}},"3":{"start":{"line":4,"column":4},"end":{"line":4,"column":28}},"4":{"start":{"line":6,"column":2},"end":{"line":6,"column":6}},"5":{"start":{"line":7,"column":2},"end":{"line":7,"column":39}},"6":{"start":{"line":11,"column":23},"end":{"line":13,"column":4}},"7":{"start":{"line":12,"column":2},"end":{"line":12,"column":175}},"8":{"start":{"line":12,"column":135},"end":{"line":12,"column":173}},"9":{"start":{"line":20,"column":2},"end":{"line":20,"column":46}},"10":{"start":{"line":21,"column":2},"end":{"line":21,"column":46}},"11":{"start":{"line":22,"column":2},"end":{"line":22,"column":34}},"12":{"start":{"line":26,"column":2},"end":{"line":26,"column":108}},"13":{"start":{"line":35,"column":16},"end":{"line":35,"column":26}},"14":{"start":{"line":36,"column":17},"end":{"line":36,"column":27}},"15":{"start":{"line":37,"column":20},"end":{"line":37,"column":22}},"16":{"start":{"line":38,"column":20},"end":{"line":38,"column":21}},"17":{"start":{"line":39,"column":2},"end":{"line":39,"column":66}},"18":{"start":{"line":40,"column":22},"end":{"line":56,"column":3}},"19":{"start":{"line":42,"column":4},"end":{"line":42,"column":29}},"20":{"start":{"line":44,"column":14},"end":{"line":44,"column":70}},"21":{"start":{"line":46,"column":4},"end":{"line":46,"column":14}},"22":{"start":{"line":48,"column":4},"end":{"line":55,"column":5}},"23":{"start":{"line":49,"column":6},"end":{"line":49,"column":37}},"24":{"start":{"line":51,"column":6},"end":{"line":54,"column":7}},"25":{"start":{"line":53,"column":8},"end":{"line":53,"column":18}},"26":{"start":{"line":57,"column":2},"end":{"line":57,"column":17}}},"fnMap":{"0":{"name":"(anonymous_0)","decl":{"start":{"line":1,"column":21},"end":{"line":1,"column":22}},"loc":{"start":{"line":1,"column":42},"end":{"line":8,"column":1}},"line":1},"1":{"name":"(anonymous_1)","decl":{"start":{"line":11,"column":24},"end":{"line":11,"column":25}},"loc":{"start":{"line":11,"column":35},"end":{"line":13,"column":1}},"line":11},"2":{"name":"(anonymous_2)","decl":{"start":{"line":12,"column":114},"end":{"line":12,"column":115}},"loc":{"start":{"line":12,"column":133},"end":{"line":12,"column":175}},"line":12},"3":{"name":"move","decl":{"start":{"line":19,"column":9},"end":{"line":19,"column":13}},"loc":{"start":{"line":19,"column":22},"end":{"line":23,"column":1}},"line":19},"4":{"name":"position","decl":{"start":{"line":25,"column":9},"end":{"line":25,"column":17}},"loc":{"start":{"line":25,"column":20},"end":{"line":27,"column":1}},"line":25},"5":{"name":"scrollTo","decl":{"start":{"line":34,"column":16},"end":{"line":34,"column":24}},"loc":{"start":{"line":34,"column":49},"end":{"line":58,"column":1}},"line":34},"6":{"name":"(anonymous_6)","decl":{"start":{"line":40,"column":22},"end":{"line":40,"column":23}},"loc":{"start":{"line":40,"column":33},"end":{"line":56,"column":3}},"line":40}},"branchMap":{"0":{"loc":{"start":{"line":3,"column":2},"end":{"line":5,"column":3}},"type":"if","locations":[{"start":{"line":3,"column":2},"end":{"line":5,"column":3}},{"start":{"line":3,"column":2},"end":{"line":5,"column":3}}],"line":3},"1":{"loc":{"start":{"line":12,"column":9},"end":{"line":12,"column":175}},"type":"binary-expr","locations":[{"start":{"line":12,"column":9},"end":{"line":12,"column":37}},{"start":{"line":12,"column":41},"end":{"line":12,"column":75}},{"start":{"line":12,"column":79},"end":{"line":12,"column":110}},{"start":{"line":12,"column":114},"end":{"line":12,"column":175}}],"line":12},"2":{"loc":{"start":{"line":26,"column":9},"end":{"line":26,"column":108}},"type":"binary-expr","locations":[{"start":{"line":26,"column":9},"end":{"line":26,"column":43}},{"start":{"line":26,"column":47},"end":{"line":26,"column":81}},{"start":{"line":26,"column":85},"end":{"line":26,"column":108}}],"line":26},"3":{"loc":{"start":{"line":39,"column":13},"end":{"line":39,"column":65}},"type":"cond-expr","locations":[{"start":{"line":39,"column":51},"end":{"line":39,"column":54}},{"start":{"line":39,"column":57},"end":{"line":39,"column":65}}],"line":39},"4":{"loc":{"start":{"line":48,"column":4},"end":{"line":55,"column":5}},"type":"if","locations":[{"start":{"line":48,"column":4},"end":{"line":55,"column":5}},{"start":{"line":48,"column":4},"end":{"line":55,"column":5}}],"line":48},"5":{"loc":{"start":{"line":51,"column":6},"end":{"line":54,"column":7}},"type":"if","locations":[{"start":{"line":51,"column":6},"end":{"line":54,"column":7}},{"start":{"line":51,"column":6},"end":{"line":54,"column":7}}],"line":51},"6":{"loc":{"start":{"line":51,"column":10},"end":{"line":51,"column":54}},"type":"binary-expr","locations":[{"start":{"line":51,"column":10},"end":{"line":51,"column":18}},{"start":{"line":51,"column":22},"end":{"line":51,"column":54}}],"line":51}},"s":{"0":10,"1":0,"2":0,"3":0,"4":0,"5":0,"6":10,"7":10,"8":0,"9":0,"10":0,"11":0,"12":0,"13":0,"14":0,"15":0,"16":0,"17":0,"18":0,"19":0,"20":0,"21":0,"22":0,"23":0,"24":0,"25":0,"26":0},"f":{"0":0,"1":10,"2":0,"3":0,"4":0,"5":0,"6":0},"b":{"0":[0,0],"1":[10,0,0,0],"2":[0,0,0],"3":[0,0],"4":[0,0],"5":[0,0],"6":[0,0]},"_coverageSchema":"1a1c01bbd47fc00a2c39e90264f33305004495a9","hash":"9d228ff09b3e121ecac533ea55060d24213039c1"}
,"D:\\Edward\\GitHub\\CardGame\\CDFrontend\\card_front\\src\\utils\\validate.js": {"path":"D:\\Edward\\GitHub\\CardGame\\CDFrontend\\card_front\\src\\utils\\validate.js","statementMap":{"0":{"start":{"line":12,"column":2},"end":{"line":12,"column":45}},"1":{"start":{"line":26,"column":21},"end":{"line":26,"column":67}},"2":{"start":{"line":27,"column":2},"end":{"line":27,"column":44}},"3":{"start":{"line":34,"column":2},"end":{"line":34,"column":24}},"4":{"start":{"line":42,"column":14},"end":{"line":42,"column":330}},"5":{"start":{"line":43,"column":2},"end":{"line":43,"column":22}},"6":{"start":{"line":51,"column":14},"end":{"line":51,"column":24}},"7":{"start":{"line":52,"column":2},"end":{"line":52,"column":22}},"8":{"start":{"line":60,"column":14},"end":{"line":60,"column":24}},"9":{"start":{"line":61,"column":2},"end":{"line":61,"column":22}},"10":{"start":{"line":69,"column":14},"end":{"line":69,"column":27}},"11":{"start":{"line":70,"column":2},"end":{"line":70,"column":22}},"12":{"start":{"line":78,"column":14},"end":{"line":78,"column":167}},"13":{"start":{"line":79,"column":2},"end":{"line":79,"column":24}},"14":{"start":{"line":87,"column":2},"end":{"line":89,"column":3}},"15":{"start":{"line":88,"column":4},"end":{"line":88,"column":15}},"16":{"start":{"line":90,"column":2},"end":{"line":90,"column":14}},"17":{"start":{"line":98,"column":2},"end":{"line":100,"column":3}},"18":{"start":{"line":99,"column":4},"end":{"line":99,"column":67}},"19":{"start":{"line":101,"column":2},"end":{"line":101,"column":27}}},"fnMap":{"0":{"name":"isExternal","decl":{"start":{"line":11,"column":16},"end":{"line":11,"column":26}},"loc":{"start":{"line":11,"column":33},"end":{"line":13,"column":1}},"line":11},"1":{"name":"validUsername","decl":{"start":{"line":19,"column":16},"end":{"line":19,"column":29}},"loc":{"start":{"line":19,"column":35},"end":{"line":28,"column":1}},"line":19},"2":{"name":"validPassword","decl":{"start":{"line":30,"column":16},"end":{"line":30,"column":29}},"loc":{"start":{"line":30,"column":35},"end":{"line":35,"column":1}},"line":30},"3":{"name":"validURL","decl":{"start":{"line":41,"column":16},"end":{"line":41,"column":24}},"loc":{"start":{"line":41,"column":30},"end":{"line":44,"column":1}},"line":41},"4":{"name":"validLowerCase","decl":{"start":{"line":50,"column":16},"end":{"line":50,"column":30}},"loc":{"start":{"line":50,"column":36},"end":{"line":53,"column":1}},"line":50},"5":{"name":"validUpperCase","decl":{"start":{"line":59,"column":16},"end":{"line":59,"column":30}},"loc":{"start":{"line":59,"column":36},"end":{"line":62,"column":1}},"line":59},"6":{"name":"validAlphabets","decl":{"start":{"line":68,"column":16},"end":{"line":68,"column":30}},"loc":{"start":{"line":68,"column":36},"end":{"line":71,"column":1}},"line":68},"7":{"name":"validEmail","decl":{"start":{"line":77,"column":16},"end":{"line":77,"column":26}},"loc":{"start":{"line":77,"column":34},"end":{"line":80,"column":1}},"line":77},"8":{"name":"isString","decl":{"start":{"line":86,"column":16},"end":{"line":86,"column":24}},"loc":{"start":{"line":86,"column":30},"end":{"line":91,"column":1}},"line":86},"9":{"name":"isArray","decl":{"start":{"line":97,"column":16},"end":{"line":97,"column":23}},"loc":{"start":{"line":97,"column":29},"end":{"line":102,"column":1}},"line":97}},"branchMap":{"0":{"loc":{"start":{"line":87,"column":2},"end":{"line":89,"column":3}},"type":"if","locations":[{"start":{"line":87,"column":2},"end":{"line":89,"column":3}},{"start":{"line":87,"column":2},"end":{"line":89,"column":3}}],"line":87},"1":{"loc":{"start":{"line":87,"column":6},"end":{"line":87,"column":54}},"type":"binary-expr","locations":[{"start":{"line":87,"column":6},"end":{"line":87,"column":29}},{"start":{"line":87,"column":33},"end":{"line":87,"column":54}}],"line":87},"2":{"loc":{"start":{"line":98,"column":2},"end":{"line":100,"column":3}},"type":"if","locations":[{"start":{"line":98,"column":2},"end":{"line":100,"column":3}},{"start":{"line":98,"column":2},"end":{"line":100,"column":3}}],"line":98}},"s":{"0":930,"1":20,"2":20,"3":20,"4":0,"5":0,"6":0,"7":0,"8":0,"9":0,"10":0,"11":0,"12":0,"13":0,"14":10,"15":10,"16":0,"17":0,"18":0,"19":0},"f":{"0":930,"1":20,"2":20,"3":0,"4":0,"5":0,"6":0,"7":0,"8":10,"9":0},"b":{"0":[10,0],"1":[10,0],"2":[0,0]},"_coverageSchema":"1a1c01bbd47fc00a2c39e90264f33305004495a9","hash":"7b381d5a9e15460dd283b5d6a77e3a0764a51c64"}
,"D:\\Edward\\GitHub\\CardGame\\CDFrontend\\card_front\\src\\views\\dashboard\\admin\\components\\mixins\\resize.js": {"path":"D:\\Edward\\GitHub\\CardGame\\CDFrontend\\card_front\\src\\views\\dashboard\\admin\\components\\mixins\\resize.js","statementMap":{"0":{"start":{"line":5,"column":4},"end":{"line":8,"column":5}},"1":{"start":{"line":11,"column":4},"end":{"line":15,"column":12}},"2":{"start":{"line":12,"column":6},"end":{"line":14,"column":7}},"3":{"start":{"line":13,"column":8},"end":{"line":13,"column":27}},"4":{"start":{"line":16,"column":4},"end":{"line":16,"column":29}},"5":{"start":{"line":17,"column":4},"end":{"line":17,"column":35}},"6":{"start":{"line":20,"column":4},"end":{"line":20,"column":32}},"7":{"start":{"line":21,"column":4},"end":{"line":21,"column":38}},"8":{"start":{"line":26,"column":4},"end":{"line":26,"column":29}},"9":{"start":{"line":27,"column":4},"end":{"line":27,"column":35}},"10":{"start":{"line":30,"column":4},"end":{"line":30,"column":32}},"11":{"start":{"line":31,"column":4},"end":{"line":31,"column":38}},"12":{"start":{"line":37,"column":6},"end":{"line":37,"column":61}},"13":{"start":{"line":40,"column":6},"end":{"line":40,"column":64}},"14":{"start":{"line":43,"column":6},"end":{"line":45,"column":7}},"15":{"start":{"line":44,"column":8},"end":{"line":44,"column":30}},"16":{"start":{"line":48,"column":6},"end":{"line":48,"column":82}},"17":{"start":{"line":49,"column":6},"end":{"line":49,"column":107}},"18":{"start":{"line":52,"column":6},"end":{"line":52,"column":110}}},"fnMap":{"0":{"name":"(anonymous_0)","decl":{"start":{"line":4,"column":2},"end":{"line":4,"column":3}},"loc":{"start":{"line":4,"column":9},"end":{"line":9,"column":3}},"line":4},"1":{"name":"(anonymous_1)","decl":{"start":{"line":10,"column":2},"end":{"line":10,"column":3}},"loc":{"start":{"line":10,"column":12},"end":{"line":18,"column":3}},"line":10},"2":{"name":"(anonymous_2)","decl":{"start":{"line":11,"column":36},"end":{"line":11,"column":37}},"loc":{"start":{"line":11,"column":42},"end":{"line":15,"column":5}},"line":11},"3":{"name":"(anonymous_3)","decl":{"start":{"line":19,"column":2},"end":{"line":19,"column":3}},"loc":{"start":{"line":19,"column":18},"end":{"line":22,"column":3}},"line":19},"4":{"name":"(anonymous_4)","decl":{"start":{"line":25,"column":2},"end":{"line":25,"column":3}},"loc":{"start":{"line":25,"column":14},"end":{"line":28,"column":3}},"line":25},"5":{"name":"(anonymous_5)","decl":{"start":{"line":29,"column":2},"end":{"line":29,"column":3}},"loc":{"start":{"line":29,"column":16},"end":{"line":32,"column":3}},"line":29},"6":{"name":"(anonymous_6)","decl":{"start":{"line":36,"column":4},"end":{"line":36,"column":5}},"loc":{"start":{"line":36,"column":24},"end":{"line":38,"column":5}},"line":36},"7":{"name":"(anonymous_7)","decl":{"start":{"line":39,"column":4},"end":{"line":39,"column":5}},"loc":{"start":{"line":39,"column":27},"end":{"line":41,"column":5}},"line":39},"8":{"name":"(anonymous_8)","decl":{"start":{"line":42,"column":4},"end":{"line":42,"column":5}},"loc":{"start":{"line":42,"column":30},"end":{"line":46,"column":5}},"line":42},"9":{"name":"(anonymous_9)","decl":{"start":{"line":47,"column":4},"end":{"line":47,"column":5}},"loc":{"start":{"line":47,"column":31},"end":{"line":50,"column":5}},"line":47},"10":{"name":"(anonymous_10)","decl":{"start":{"line":51,"column":4},"end":{"line":51,"column":5}},"loc":{"start":{"line":51,"column":34},"end":{"line":53,"column":5}},"line":51}},"branchMap":{"0":{"loc":{"start":{"line":12,"column":6},"end":{"line":14,"column":7}},"type":"if","locations":[{"start":{"line":12,"column":6},"end":{"line":14,"column":7}},{"start":{"line":12,"column":6},"end":{"line":14,"column":7}}],"line":12},"1":{"loc":{"start":{"line":43,"column":6},"end":{"line":45,"column":7}},"type":"if","locations":[{"start":{"line":43,"column":6},"end":{"line":45,"column":7}},{"start":{"line":43,"column":6},"end":{"line":45,"column":7}}],"line":43},"2":{"loc":{"start":{"line":49,"column":6},"end":{"line":49,"column":107}},"type":"binary-expr","locations":[{"start":{"line":49,"column":6},"end":{"line":49,"column":23}},{"start":{"line":49,"column":27},"end":{"line":49,"column":107}}],"line":49},"3":{"loc":{"start":{"line":52,"column":6},"end":{"line":52,"column":110}},"type":"binary-expr","locations":[{"start":{"line":52,"column":6},"end":{"line":52,"column":23}},{"start":{"line":52,"column":27},"end":{"line":52,"column":110}}],"line":52}},"s":{"0":30,"1":30,"2":0,"3":0,"4":30,"5":30,"6":0,"7":0,"8":0,"9":0,"10":30,"11":30,"12":30,"13":30,"14":60,"15":0,"16":30,"17":30,"18":30},"f":{"0":30,"1":30,"2":0,"3":0,"4":0,"5":30,"6":30,"7":30,"8":60,"9":30,"10":30},"b":{"0":[0,0],"1":[0,60],"2":[30,30],"3":[30,30]},"_coverageSchema":"1a1c01bbd47fc00a2c39e90264f33305004495a9","hash":"9bebd0d6831c934be02bca50cc04c8552aff5c4d"}
}
