TN:
SF:src\main.js
FN:42,(anonymous_0)
FN:52,(anonymous_1)
FNF:2
FNH:2
FNDA:60,(anonymous_0)
FNDA:10,(anonymous_1)
DA:36,10
DA:42,10
DA:43,60
DA:46,10
DA:48,10
DA:52,10
LF:6
LH:6
BRDA:37,0,0,10
BRDA:37,0,1,10
BRF:2
BRH:2
end_of_record
TN:
SF:src\permission.js
FN:13,(anonymous_0)
FN:79,(anonymous_1)
FNF:2
FNH:2
FNDA:40,(anonymous_0)
FNDA:30,(anonymous_1)
DA:9,10
DA:11,10
DA:13,10
DA:14,40
DA:17,40
DA:20,40
DA:23,40
DA:25,40
DA:27,40
DA:28,30
DA:30,0
DA:31,0
DA:34,30
DA:35,30
DA:36,20
DA:38,10
DA:41,10
DA:43,10
DA:44,10
DA:45,10
DA:48,10
DA:51,10
DA:55,10
DA:58,0
DA:59,0
DA:60,0
DA:61,0
DA:68,10
DA:70,10
DA:73,0
DA:74,0
DA:79,10
DA:81,30
LF:33
LH:25
BRDA:27,0,0,30
BRDA:27,0,1,10
BRDA:28,1,0,0
BRDA:28,1,1,30
BRDA:34,2,0,30
BRDA:34,2,1,30
BRDA:35,3,0,20
BRDA:35,3,1,10
BRDA:59,4,0,0
BRDA:59,4,1,0
BRDA:68,5,0,10
BRDA:68,5,1,0
BRF:12
BRH:8
end_of_record
TN:
SF:src\settings.js
FNF:0
FNH:0
DA:1,10
LF:1
LH:1
BRF:0
BRH:0
end_of_record
TN:
SF:src\api\user.js
FN:3,login
FN:19,getInfo
FN:34,logout
FNF:3
FNH:2
FNDA:10,login
FNDA:10,getInfo
FNDA:0,logout
DA:4,10
DA:5,10
DA:7,10
DA:12,10
DA:20,10
DA:21,10
DA:22,10
DA:27,10
DA:35,0
DA:36,0
LF:10
LH:8
BRF:0
BRH:0
end_of_record
TN:
SF:src\directive\waves\index.js
FN:3,(anonymous_0)
FNF:1
FNH:0
FNDA:0,(anonymous_0)
DA:3,10
DA:4,0
DA:7,10
DA:8,0
DA:9,0
DA:12,10
LF:6
LH:3
BRDA:7,0,0,0
BRDA:7,0,1,10
BRF:2
BRH:1
end_of_record
TN:
SF:src\directive\waves\waves.js
FN:5,handleClick
FN:6,handle
FN:60,(anonymous_2)
FN:63,(anonymous_3)
FN:67,(anonymous_4)
FNF:5
FNH:0
FNDA:0,handleClick
FNDA:0,handle
FNDA:0,(anonymous_2)
FNDA:0,(anonymous_3)
FNDA:0,(anonymous_4)
DA:3,10
DA:7,0
DA:8,0
DA:15,0
DA:16,0
DA:17,0
DA:18,0
DA:19,0
DA:20,0
DA:21,0
DA:22,0
DA:23,0
DA:24,0
DA:25,0
DA:27,0
DA:29,0
DA:31,0
DA:32,0
DA:33,0
DA:35,0
DA:38,0
DA:42,0
DA:43,0
DA:44,0
DA:48,0
DA:49,0
DA:53,0
DA:56,0
DA:61,0
DA:64,0
DA:65,0
DA:68,0
DA:69,0
DA:70,0
LF:34
LH:1
BRDA:16,0,0,0
BRDA:16,0,1,0
BRDA:21,1,0,0
BRDA:21,1,1,0
BRDA:29,2,0,0
BRDA:29,2,1,0
BRDA:36,3,0,0
BRDA:36,3,1,0
BRDA:39,4,0,0
BRDA:39,4,1,0
BRDA:48,5,0,0
BRDA:48,5,1,0
BRF:12
BRH:0
end_of_record
TN:
SF:src\filters\index.js
FN:10,pluralize
FN:20,timeAgo
FN:37,numberFormatter
FN:58,toThousandFilter
FN:59,(anonymous_4)
FN:66,uppercaseFirst
FNF:6
FNH:0
FNDA:0,pluralize
FNDA:0,timeAgo
FNDA:0,numberFormatter
FNDA:0,toThousandFilter
FNDA:0,(anonymous_4)
FNDA:0,uppercaseFirst
DA:11,0
DA:12,0
DA:14,0
DA:21,0
DA:22,0
DA:23,0
DA:24,0
DA:25,0
DA:27,0
DA:38,0
DA:46,0
DA:47,0
DA:48,0
DA:51,0
DA:59,0
DA:67,0
LF:16
LH:0
BRDA:11,0,0,0
BRDA:11,0,1,0
BRDA:22,1,0,0
BRDA:22,1,1,0
BRDA:24,2,0,0
BRDA:24,2,1,0
BRDA:47,3,0,0
BRDA:47,3,1,0
BRDA:59,4,0,0
BRDA:59,4,1,0
BRF:10
BRH:0
end_of_record
TN:
SF:src\icons\index.js
FN:8,(anonymous_0)
FNF:1
FNH:1
FNDA:10,(anonymous_0)
DA:5,10
DA:7,10
DA:8,10
DA:9,10
LF:4
LH:4
BRF:0
BRH:0
end_of_record
TN:
SF:src\layout\components\index.js
FNF:0
FNH:0
LF:0
LH:0
BRF:0
BRH:0
end_of_record
TN:
SF:src\layout\components\Sidebar\FixiOSBug.js
FN:3,(anonymous_0)
FN:7,(anonymous_1)
FN:13,(anonymous_2)
FN:17,(anonymous_3)
FNF:4
FNH:2
FNDA:0,(anonymous_0)
FNDA:200,(anonymous_1)
FNDA:200,(anonymous_2)
FNDA:0,(anonymous_3)
DA:4,0
DA:10,200
DA:14,200
DA:15,200
DA:16,30
DA:17,30
DA:18,0
DA:19,0
DA:21,0
LF:9
LH:5
BRDA:15,0,0,30
BRDA:15,0,1,170
BRDA:18,1,0,0
BRDA:18,1,1,0
BRF:4
BRH:2
end_of_record
TN:
SF:src\layout\mixin\ResizeHandler.js
FN:8,(anonymous_0)
FN:14,(anonymous_1)
FN:17,(anonymous_2)
FN:20,(anonymous_3)
FN:30,(anonymous_4)
FN:34,(anonymous_5)
FNF:6
FNH:4
FNDA:10,(anonymous_0)
FNDA:10,(anonymous_1)
FNDA:0,(anonymous_2)
FNDA:10,(anonymous_3)
FNDA:10,(anonymous_4)
FNDA:0,(anonymous_5)
DA:3,10
DA:4,10
DA:9,10
DA:10,0
DA:15,10
DA:18,0
DA:21,10
DA:22,10
DA:23,0
DA:24,0
DA:31,10
DA:32,10
DA:35,0
DA:36,0
DA:37,0
DA:39,0
DA:40,0
LF:17
LH:8
BRDA:9,0,0,0
BRDA:9,0,1,10
BRDA:9,1,0,10
BRDA:9,1,1,0
BRDA:22,2,0,0
BRDA:22,2,1,10
BRDA:35,3,0,0
BRDA:35,3,1,0
BRDA:37,4,0,0
BRDA:37,4,1,0
BRDA:39,5,0,0
BRDA:39,5,1,0
BRF:12
BRH:3
end_of_record
TN:
SF:src\router\index.js
FN:49,(anonymous_0)
FN:55,(anonymous_1)
FN:60,(anonymous_2)
FN:65,(anonymous_3)
FN:70,(anonymous_4)
FN:80,(anonymous_5)
FN:119,(anonymous_6)
FN:146,(anonymous_7)
FN:155,(anonymous_8)
FN:164,(anonymous_9)
FN:205,(anonymous_10)
FN:211,(anonymous_11)
FN:390,(anonymous_12)
FN:392,(anonymous_13)
FN:399,resetRouter
FNF:15
FNH:4
FNDA:0,(anonymous_0)
FNDA:10,(anonymous_1)
FNDA:0,(anonymous_2)
FNDA:0,(anonymous_3)
FNDA:0,(anonymous_4)
FNDA:10,(anonymous_5)
FNDA:0,(anonymous_6)
FNDA:0,(anonymous_7)
FNDA:0,(anonymous_8)
FNDA:0,(anonymous_9)
FNDA:0,(anonymous_10)
FNDA:0,(anonymous_11)
FNDA:10,(anonymous_12)
FNDA:20,(anonymous_13)
FNDA:0,resetRouter
DA:4,10
DA:41,10
DA:49,0
DA:55,10
DA:60,0
DA:65,0
DA:70,0
DA:80,10
DA:119,0
DA:131,10
DA:146,0
DA:155,0
DA:164,0
DA:205,0
DA:211,0
DA:390,10
DA:392,20
DA:396,10
DA:400,0
DA:401,0
LF:20
LH:8
BRF:0
BRH:0
end_of_record
TN:
SF:src\router\modules\table.js
FN:17,(anonymous_0)
FN:23,(anonymous_1)
FN:29,(anonymous_2)
FN:35,(anonymous_3)
FNF:4
FNH:1
FNDA:0,(anonymous_0)
FNDA:0,(anonymous_1)
FNDA:0,(anonymous_2)
FNDA:10,(anonymous_3)
DA:5,10
DA:17,0
DA:23,0
DA:29,0
DA:35,10
LF:5
LH:2
BRF:0
BRH:0
end_of_record
TN:
SF:src\store\getters.js
FN:2,(anonymous_0)
FN:3,(anonymous_1)
FN:4,(anonymous_2)
FN:5,(anonymous_3)
FN:6,(anonymous_4)
FN:7,(anonymous_5)
FN:8,(anonymous_6)
FN:9,(anonymous_7)
FN:10,(anonymous_8)
FN:11,(anonymous_9)
FN:12,(anonymous_10)
FN:13,(anonymous_11)
FNF:12
FNH:8
FNDA:10,(anonymous_0)
FNDA:10,(anonymous_1)
FNDA:10,(anonymous_2)
FNDA:0,(anonymous_3)
FNDA:0,(anonymous_4)
FNDA:20,(anonymous_5)
FNDA:10,(anonymous_6)
FNDA:0,(anonymous_7)
FNDA:0,(anonymous_8)
FNDA:20,(anonymous_9)
FNDA:10,(anonymous_10)
FNDA:10,(anonymous_11)
DA:1,10
DA:2,10
DA:3,10
DA:4,10
DA:5,0
DA:6,0
DA:7,20
DA:8,10
DA:9,0
DA:10,0
DA:11,20
DA:12,10
DA:13,10
LF:13
LH:9
BRF:0
BRH:0
end_of_record
TN:
SF:src\store\index.js
FN:12,(anonymous_0)
FNF:1
FNH:1
FNDA:60,(anonymous_0)
DA:5,10
DA:8,10
DA:12,10
DA:14,60
DA:15,60
DA:16,60
DA:17,60
DA:20,10
LF:8
LH:8
BRF:0
BRH:0
end_of_record
TN:
SF:src\store\modules\app.js
FN:13,(anonymous_0)
FN:22,(anonymous_1)
FN:27,(anonymous_2)
FN:30,(anonymous_3)
FN:37,(anonymous_4)
FN:40,(anonymous_5)
FN:43,(anonymous_6)
FN:46,(anonymous_7)
FNF:8
FNH:0
FNDA:0,(anonymous_0)
FNDA:0,(anonymous_1)
FNDA:0,(anonymous_2)
FNDA:0,(anonymous_3)
FNDA:0,(anonymous_4)
FNDA:0,(anonymous_5)
FNDA:0,(anonymous_6)
FNDA:0,(anonymous_7)
DA:3,10
DA:12,10
DA:14,0
DA:15,0
DA:16,0
DA:17,0
DA:19,0
DA:23,0
DA:24,0
DA:25,0
DA:28,0
DA:31,0
DA:32,0
DA:36,10
DA:38,0
DA:41,0
DA:44,0
DA:47,0
LF:18
LH:3
BRDA:5,0,0,0
BRDA:5,0,1,10
BRDA:9,1,0,10
BRDA:9,1,1,10
BRDA:16,2,0,0
BRDA:16,2,1,0
BRF:6
BRH:3
end_of_record
TN:
SF:src\store\modules\errorLog.js
FN:6,(anonymous_0)
FN:9,(anonymous_1)
FN:15,(anonymous_2)
FN:18,(anonymous_3)
FNF:4
FNH:0
FNDA:0,(anonymous_0)
FNDA:0,(anonymous_1)
FNDA:0,(anonymous_2)
FNDA:0,(anonymous_3)
DA:1,10
DA:5,10
DA:7,0
DA:10,0
DA:14,10
DA:16,0
DA:19,0
LF:7
LH:3
BRF:0
BRH:0
end_of_record
TN:
SF:src\store\modules\permission.js
FN:8,hasPermission
FN:10,(anonymous_1)
FN:21,filterAsyncRoutes
FN:24,(anonymous_3)
FN:43,(anonymous_4)
FN:50,(anonymous_5)
FN:51,(anonymous_6)
FNF:7
FNH:3
FNDA:0,hasPermission
FNDA:0,(anonymous_1)
FNDA:0,filterAsyncRoutes
FNDA:0,(anonymous_3)
FNDA:10,(anonymous_4)
FNDA:10,(anonymous_5)
FNDA:10,(anonymous_6)
DA:9,0
DA:10,0
DA:12,0
DA:22,0
DA:24,0
DA:25,0
DA:26,0
DA:27,0
DA:28,0
DA:30,0
DA:34,0
DA:37,10
DA:42,10
DA:44,10
DA:45,10
DA:49,10
DA:51,10
DA:52,10
DA:54,10
DA:55,10
DA:57,0
DA:59,10
DA:60,10
LF:23
LH:11
BRDA:9,0,0,0
BRDA:9,0,1,0
BRDA:9,1,0,0
BRDA:9,1,1,0
BRDA:26,2,0,0
BRDA:26,2,1,0
BRDA:27,3,0,0
BRDA:27,3,1,0
BRDA:54,4,0,10
BRDA:54,4,1,0
BRDA:55,5,0,10
BRDA:55,5,1,0
BRF:12
BRH:2
end_of_record
TN:
SF:src\store\modules\settings.js
FN:15,(anonymous_0)
FN:24,(anonymous_1)
FNF:2
FNH:0
FNDA:0,(anonymous_0)
FNDA:0,(anonymous_1)
DA:4,10
DA:6,10
DA:14,10
DA:17,0
DA:18,0
DA:23,10
DA:25,0
LF:7
LH:4
BRDA:17,0,0,0
BRDA:17,0,1,0
BRF:2
BRH:0
end_of_record
TN:
SF:src\store\modules\tagsView.js
FN:7,(anonymous_0)
FN:8,(anonymous_1)
FN:15,(anonymous_2)
FN:22,(anonymous_3)
FN:30,(anonymous_4)
FN:35,(anonymous_5)
FN:36,(anonymous_6)
FN:40,(anonymous_7)
FN:50,(anonymous_8)
FN:52,(anonymous_9)
FN:55,(anonymous_10)
FN:59,(anonymous_11)
FN:70,(anonymous_12)
FN:74,(anonymous_13)
FN:77,(anonymous_14)
FN:81,(anonymous_15)
FN:82,(anonymous_16)
FN:91,(anonymous_17)
FN:92,(anonymous_18)
FN:97,(anonymous_19)
FN:98,(anonymous_20)
FN:104,(anonymous_21)
FN:105,(anonymous_22)
FN:114,(anonymous_23)
FN:115,(anonymous_24)
FN:120,(anonymous_25)
FN:121,(anonymous_26)
FN:127,(anonymous_27)
FN:128,(anonymous_28)
FN:137,(anonymous_29)
FN:138,(anonymous_30)
FN:143,(anonymous_31)
FN:144,(anonymous_32)
FN:150,(anonymous_33)
FNF:34
FNH:6
FNDA:30,(anonymous_0)
FNDA:20,(anonymous_1)
FNDA:20,(anonymous_2)
FNDA:0,(anonymous_3)
FNDA:0,(anonymous_4)
FNDA:0,(anonymous_5)
FNDA:0,(anonymous_6)
FNDA:0,(anonymous_7)
FNDA:0,(anonymous_8)
FNDA:0,(anonymous_9)
FNDA:0,(anonymous_10)
FNDA:0,(anonymous_11)
FNDA:20,(anonymous_12)
FNDA:30,(anonymous_13)
FNDA:20,(anonymous_14)
FNDA:0,(anonymous_15)
FNDA:0,(anonymous_16)
FNDA:0,(anonymous_17)
FNDA:0,(anonymous_18)
FNDA:0,(anonymous_19)
FNDA:0,(anonymous_20)
FNDA:0,(anonymous_21)
FNDA:0,(anonymous_22)
FNDA:0,(anonymous_23)
FNDA:0,(anonymous_24)
FNDA:0,(anonymous_25)
FNDA:0,(anonymous_26)
FNDA:0,(anonymous_27)
FNDA:0,(anonymous_28)
FNDA:0,(anonymous_29)
FNDA:0,(anonymous_30)
FNDA:0,(anonymous_31)
FNDA:0,(anonymous_32)
FNDA:0,(anonymous_33)
DA:1,10
DA:6,10
DA:8,30
DA:9,20
DA:16,20
DA:17,20
DA:18,20
DA:23,0
DA:24,0
DA:25,0
DA:26,0
DA:31,0
DA:32,0
DA:36,0
DA:37,0
DA:41,0
DA:42,0
DA:43,0
DA:46,0
DA:52,0
DA:53,0
DA:56,0
DA:60,0
DA:61,0
DA:62,0
DA:63,0
DA:69,10
DA:71,20
DA:72,20
DA:75,30
DA:78,20
DA:82,0
DA:83,0
DA:84,0
DA:85,0
DA:92,0
DA:93,0
DA:94,0
DA:98,0
DA:99,0
DA:100,0
DA:105,0
DA:106,0
DA:107,0
DA:108,0
DA:115,0
DA:116,0
DA:117,0
DA:121,0
DA:122,0
DA:123,0
DA:128,0
DA:129,0
DA:130,0
DA:131,0
DA:138,0
DA:139,0
DA:140,0
DA:144,0
DA:145,0
DA:146,0
DA:151,0
LF:62
LH:12
BRDA:8,0,0,10
BRDA:8,0,1,20
BRDA:11,1,0,20
BRDA:11,1,1,0
BRDA:16,2,0,0
BRDA:16,2,1,20
BRDA:17,3,0,20
BRDA:17,3,1,0
BRDA:24,4,0,0
BRDA:24,4,1,0
BRDA:32,5,0,0
BRDA:32,5,1,0
BRDA:37,6,0,0
BRDA:37,6,1,0
BRDA:42,7,0,0
BRDA:42,7,1,0
BRDA:61,8,0,0
BRDA:61,8,1,0
BRF:18
BRH:5
end_of_record
TN:
SF:src\store\modules\user.js
FN:14,(anonymous_0)
FN:17,(anonymous_1)
FN:20,(anonymous_2)
FN:23,(anonymous_3)
FN:26,(anonymous_4)
FN:33,(anonymous_5)
FN:35,(anonymous_6)
FN:39,(anonymous_7)
FN:49,(anonymous_8)
FN:56,(anonymous_9)
FN:60,(anonymous_10)
FN:61,(anonymous_11)
FN:85,(anonymous_12)
FN:92,(anonymous_13)
FN:93,(anonymous_14)
FN:94,(anonymous_15)
FN:105,(anonymous_16)
FN:112,(anonymous_17)
FN:113,(anonymous_18)
FN:122,(anonymous_19)
FNF:20
FNH:11
FNDA:10,(anonymous_0)
FNDA:10,(anonymous_1)
FNDA:10,(anonymous_2)
FNDA:10,(anonymous_3)
FNDA:10,(anonymous_4)
FNDA:10,(anonymous_5)
FNDA:10,(anonymous_6)
FNDA:10,(anonymous_7)
FNDA:0,(anonymous_8)
FNDA:10,(anonymous_9)
FNDA:10,(anonymous_10)
FNDA:10,(anonymous_11)
FNDA:0,(anonymous_12)
FNDA:0,(anonymous_13)
FNDA:0,(anonymous_14)
FNDA:0,(anonymous_15)
FNDA:0,(anonymous_16)
FNDA:0,(anonymous_17)
FNDA:0,(anonymous_18)
FNDA:0,(anonymous_19)
DA:5,10
DA:13,10
DA:15,10
DA:18,10
DA:21,10
DA:24,10
DA:27,10
DA:31,10
DA:34,10
DA:35,10
DA:36,10
DA:37,10
DA:38,10
DA:39,10
DA:40,10
DA:41,10
DA:42,10
DA:43,10
DA:44,10
DA:45,10
DA:46,10
DA:47,10
DA:48,10
DA:50,0
DA:57,10
DA:58,10
DA:59,10
DA:60,10
DA:61,10
DA:62,10
DA:63,10
DA:65,10
DA:67,10
DA:68,0
DA:71,10
DA:72,10
DA:73,10
DA:76,10
DA:77,0
DA:80,10
DA:81,10
DA:82,10
DA:83,10
DA:84,10
DA:86,0
DA:93,0
DA:94,0
DA:95,0
DA:96,0
DA:97,0
DA:98,0
DA:102,0
DA:104,0
DA:106,0
DA:113,0
DA:114,0
DA:115,0
DA:116,0
DA:117,0
DA:123,0
DA:125,0
DA:126,0
DA:128,0
DA:130,0
DA:133,0
DA:135,0
DA:138,0
LF:67
LH:41
BRDA:67,0,0,0
BRDA:67,0,1,10
BRDA:76,1,0,0
BRDA:76,1,1,10
BRDA:76,2,0,10
BRDA:76,2,1,10
BRF:6
BRH:4
end_of_record
TN:
SF:src\utils\auth.js
FN:5,getToken
FN:11,setToken
FN:16,removeToken
FNF:3
FNH:3
FNDA:70,getToken
FNDA:10,setToken
FNDA:10,removeToken
DA:3,10
DA:6,70
DA:7,70
DA:8,70
DA:12,10
DA:13,10
DA:17,10
LF:7
LH:7
BRF:0
BRH:0
end_of_record
TN:
SF:src\utils\error-log.js
FN:10,checkNeed
FN:22,(anonymous_1)
FN:25,(anonymous_2)
FNF:3
FNH:1
FNDA:10,checkNeed
FNDA:0,(anonymous_1)
FNDA:0,(anonymous_2)
DA:8,10
DA:11,10
DA:12,10
DA:13,10
DA:15,0
DA:16,0
DA:18,0
DA:21,10
DA:22,0
DA:25,0
DA:26,0
DA:32,0
LF:12
LH:5
BRDA:12,0,0,10
BRDA:12,0,1,0
BRDA:15,1,0,0
BRDA:15,1,1,0
BRDA:21,2,0,0
BRDA:21,2,1,10
BRF:6
BRH:2
end_of_record
TN:
SF:src\utils\get-page-title.js
FN:5,getPageTitle
FNF:1
FNH:1
FNDA:40,getPageTitle
DA:3,10
DA:6,40
DA:7,30
DA:9,10
LF:4
LH:4
BRDA:3,0,0,10
BRDA:3,0,1,0
BRDA:6,1,0,30
BRDA:6,1,1,10
BRF:4
BRH:3
end_of_record
TN:
SF:src\utils\index.js
FN:11,parseTime
FN:45,(anonymous_1)
FN:59,formatTime
FN:101,getQueryObject
FN:106,(anonymous_4)
FN:120,byteLength
FN:136,cleanArray
FN:150,param
FN:153,(anonymous_8)
FN:164,param2Obj
FN:171,(anonymous_10)
FN:186,html2Text
FN:198,objectMerge
FN:205,(anonymous_13)
FN:220,toggleClass
FN:240,getTime
FN:254,debounce
FN:257,(anonymous_17)
FN:274,(anonymous_18)
FN:296,deepClone
FN:301,(anonymous_20)
FN:315,uniqueArr
FN:322,createUniqueString
FN:334,hasClass
FN:343,addClass
FN:352,removeClass
FNF:26
FNH:1
FNDA:0,parseTime
FNDA:0,(anonymous_1)
FNDA:0,formatTime
FNDA:0,getQueryObject
FNDA:0,(anonymous_4)
FNDA:0,byteLength
FNDA:0,cleanArray
FNDA:0,param
FNDA:0,(anonymous_8)
FNDA:0,param2Obj
FNDA:0,(anonymous_10)
FNDA:0,html2Text
FNDA:0,objectMerge
FNDA:0,(anonymous_13)
FNDA:0,toggleClass
FNDA:0,getTime
FNDA:30,debounce
FNDA:0,(anonymous_17)
FNDA:0,(anonymous_18)
FNDA:0,deepClone
FNDA:0,(anonymous_20)
FNDA:0,uniqueArr
FNDA:0,createUniqueString
FNDA:0,hasClass
FNDA:0,addClass
FNDA:0,removeClass
DA:12,0
DA:13,0
DA:15,0
DA:17,0
DA:18,0
DA:20,0
DA:21,0
DA:23,0
DA:27,0
DA:31,0
DA:32,0
DA:34,0
DA:36,0
DA:45,0
DA:46,0
DA:48,0
DA:49,0
DA:51,0
DA:60,0
DA:61,0
DA:63,0
DA:65,0
DA:66,0
DA:68,0
DA:70,0
DA:71,0
DA:72,0
DA:74,0
DA:75,0
DA:76,0
DA:77,0
DA:78,0
DA:80,0
DA:81,0
DA:83,0
DA:102,0
DA:103,0
DA:104,0
DA:105,0
DA:106,0
DA:107,0
DA:108,0
DA:109,0
DA:110,0
DA:111,0
DA:113,0
DA:122,0
DA:123,0
DA:124,0
DA:125,0
DA:126,0
DA:127,0
DA:129,0
DA:137,0
DA:138,0
DA:139,0
DA:140,0
DA:143,0
DA:151,0
DA:152,0
DA:154,0
DA:155,0
DA:165,0
DA:166,0
DA:167,0
DA:169,0
DA:170,0
DA:171,0
DA:172,0
DA:173,0
DA:174,0
DA:175,0
DA:176,0
DA:179,0
DA:187,0
DA:188,0
DA:189,0
DA:199,0
DA:200,0
DA:202,0
DA:203,0
DA:205,0
DA:206,0
DA:207,0
DA:208,0
DA:210,0
DA:213,0
DA:221,0
DA:222,0
DA:224,0
DA:225,0
DA:226,0
DA:227,0
DA:229,0
DA:233,0
DA:241,0
DA:242,0
DA:244,0
DA:257,30
DA:259,0
DA:262,0
DA:263,0
DA:265,0
DA:267,0
DA:268,0
DA:269,0
DA:274,30
DA:275,0
DA:276,0
DA:277,0
DA:279,0
DA:280,0
DA:281,0
DA:282,0
DA:285,0
DA:297,0
DA:298,0
DA:300,0
DA:301,0
DA:302,0
DA:303,0
DA:305,0
DA:308,0
DA:316,0
DA:323,0
DA:324,0
DA:325,0
DA:335,0
DA:344,0
DA:353,0
DA:354,0
DA:355,0
LF:132
LH:2
BRDA:12,0,0,0
BRDA:12,0,1,0
BRDA:12,1,0,0
BRDA:12,1,1,0
BRDA:15,2,0,0
BRDA:15,2,1,0
BRDA:17,3,0,0
BRDA:17,3,1,0
BRDA:20,4,0,0
BRDA:20,4,1,0
BRDA:21,5,0,0
BRDA:21,5,1,0
BRDA:31,6,0,0
BRDA:31,6,1,0
BRDA:31,7,0,0
BRDA:31,7,1,0
BRDA:48,8,0,0
BRDA:48,8,1,0
BRDA:60,9,0,0
BRDA:60,9,1,0
BRDA:70,10,0,0
BRDA:70,10,1,0
BRDA:72,11,0,0
BRDA:72,11,1,0
BRDA:75,12,0,0
BRDA:75,12,1,0
BRDA:77,13,0,0
BRDA:77,13,1,0
BRDA:80,14,0,0
BRDA:80,14,1,0
BRDA:102,15,0,0
BRDA:102,15,1,0
BRDA:125,16,0,0
BRDA:125,16,1,0
BRDA:125,17,0,0
BRDA:125,17,1,0
BRDA:126,18,0,0
BRDA:126,18,1,0
BRDA:126,19,0,0
BRDA:126,19,1,0
BRDA:127,20,0,0
BRDA:127,20,1,0
BRDA:127,21,0,0
BRDA:127,21,1,0
BRDA:139,22,0,0
BRDA:139,22,1,0
BRDA:151,23,0,0
BRDA:151,23,1,0
BRDA:154,24,0,0
BRDA:154,24,1,0
BRDA:166,25,0,0
BRDA:166,25,1,0
BRDA:173,26,0,0
BRDA:173,26,1,0
BRDA:189,27,0,0
BRDA:189,27,1,0
BRDA:199,28,0,0
BRDA:199,28,1,0
BRDA:202,29,0,0
BRDA:202,29,1,0
BRDA:207,30,0,0
BRDA:207,30,1,0
BRDA:221,31,0,0
BRDA:221,31,1,0
BRDA:221,32,0,0
BRDA:221,32,1,0
BRDA:226,33,0,0
BRDA:226,33,1,0
BRDA:241,34,0,0
BRDA:241,34,1,0
BRDA:262,35,0,0
BRDA:262,35,1,0
BRDA:262,36,0,0
BRDA:262,36,1,0
BRDA:267,37,0,0
BRDA:267,37,1,0
BRDA:269,38,0,0
BRDA:269,38,1,0
BRDA:277,39,0,0
BRDA:277,39,1,0
BRDA:279,40,0,0
BRDA:279,40,1,0
BRDA:280,41,0,0
BRDA:280,41,1,0
BRDA:297,42,0,0
BRDA:297,42,1,0
BRDA:297,43,0,0
BRDA:297,43,1,0
BRDA:300,44,0,0
BRDA:300,44,1,0
BRDA:302,45,0,0
BRDA:302,45,1,0
BRDA:302,46,0,0
BRDA:302,46,1,0
BRDA:344,47,0,0
BRDA:344,47,1,0
BRDA:353,48,0,0
BRDA:353,48,1,0
BRF:98
BRH:0
end_of_record
TN:
SF:src\utils\request.js
FN:15,(anonymous_0)
FN:28,(anonymous_1)
FN:47,(anonymous_2)
FN:65,(anonymous_3)
FN:66,(anonymous_4)
FN:76,(anonymous_5)
FNF:6
FNH:2
FNDA:40,(anonymous_0)
FNDA:0,(anonymous_1)
FNDA:40,(anonymous_2)
FNDA:0,(anonymous_3)
FNDA:0,(anonymous_4)
FNDA:0,(anonymous_5)
DA:7,10
DA:14,10
DA:18,40
DA:22,20
DA:24,40
DA:25,40
DA:26,40
DA:30,0
DA:31,0
DA:36,10
DA:48,40
DA:51,40
DA:52,0
DA:59,0
DA:61,0
DA:66,0
DA:67,0
DA:71,0
DA:73,40
DA:77,0
DA:78,0
DA:83,0
LF:22
LH:11
BRDA:18,0,0,20
BRDA:18,0,1,20
BRDA:51,1,0,0
BRDA:51,1,1,40
BRDA:53,2,0,0
BRDA:53,2,1,0
BRDA:59,3,0,0
BRDA:59,3,1,0
BRDA:59,4,0,0
BRDA:59,4,1,0
BRDA:59,4,2,0
BRDA:71,5,0,0
BRDA:71,5,1,0
BRF:13
BRH:3
end_of_record
TN:
SF:src\utils\scroll-to.js
FN:1,(anonymous_0)
FN:11,(anonymous_1)
FN:12,(anonymous_2)
FN:19,move
FN:25,position
FN:34,scrollTo
FN:40,(anonymous_6)
FNF:7
FNH:1
FNDA:0,(anonymous_0)
FNDA:10,(anonymous_1)
FNDA:0,(anonymous_2)
FNDA:0,move
FNDA:0,position
FNDA:0,scrollTo
FNDA:0,(anonymous_6)
DA:1,10
DA:2,0
DA:3,0
DA:4,0
DA:6,0
DA:7,0
DA:11,10
DA:12,10
DA:20,0
DA:21,0
DA:22,0
DA:26,0
DA:35,0
DA:36,0
DA:37,0
DA:38,0
DA:39,0
DA:40,0
DA:42,0
DA:44,0
DA:46,0
DA:48,0
DA:49,0
DA:51,0
DA:53,0
DA:57,0
LF:26
LH:3
BRDA:3,0,0,0
BRDA:3,0,1,0
BRDA:12,1,0,10
BRDA:12,1,1,0
BRDA:12,1,2,0
BRDA:12,1,3,0
BRDA:26,2,0,0
BRDA:26,2,1,0
BRDA:26,2,2,0
BRDA:39,3,0,0
BRDA:39,3,1,0
BRDA:48,4,0,0
BRDA:48,4,1,0
BRDA:51,5,0,0
BRDA:51,5,1,0
BRDA:51,6,0,0
BRDA:51,6,1,0
BRF:17
BRH:1
end_of_record
TN:
SF:src\utils\validate.js
FN:11,isExternal
FN:19,validUsername
FN:30,validPassword
FN:41,validURL
FN:50,validLowerCase
FN:59,validUpperCase
FN:68,validAlphabets
FN:77,validEmail
FN:86,isString
FN:97,isArray
FNF:10
FNH:4
FNDA:930,isExternal
FNDA:20,validUsername
FNDA:20,validPassword
FNDA:0,validURL
FNDA:0,validLowerCase
FNDA:0,validUpperCase
FNDA:0,validAlphabets
FNDA:0,validEmail
FNDA:10,isString
FNDA:0,isArray
DA:12,930
DA:26,20
DA:27,20
DA:34,20
DA:42,0
DA:43,0
DA:51,0
DA:52,0
DA:60,0
DA:61,0
DA:69,0
DA:70,0
DA:78,0
DA:79,0
DA:87,10
DA:88,10
DA:90,0
DA:98,0
DA:99,0
DA:101,0
LF:20
LH:6
BRDA:87,0,0,10
BRDA:87,0,1,0
BRDA:87,1,0,10
BRDA:87,1,1,0
BRDA:98,2,0,0
BRDA:98,2,1,0
BRF:6
BRH:2
end_of_record
TN:
SF:src\views\dashboard\admin\components\mixins\resize.js
FN:4,(anonymous_0)
FN:10,(anonymous_1)
FN:11,(anonymous_2)
FN:19,(anonymous_3)
FN:25,(anonymous_4)
FN:29,(anonymous_5)
FN:36,(anonymous_6)
FN:39,(anonymous_7)
FN:42,(anonymous_8)
FN:47,(anonymous_9)
FN:51,(anonymous_10)
FNF:11
FNH:8
FNDA:30,(anonymous_0)
FNDA:30,(anonymous_1)
FNDA:0,(anonymous_2)
FNDA:0,(anonymous_3)
FNDA:0,(anonymous_4)
FNDA:30,(anonymous_5)
FNDA:30,(anonymous_6)
FNDA:30,(anonymous_7)
FNDA:60,(anonymous_8)
FNDA:30,(anonymous_9)
FNDA:30,(anonymous_10)
DA:5,30
DA:11,30
DA:12,0
DA:13,0
DA:16,30
DA:17,30
DA:20,0
DA:21,0
DA:26,0
DA:27,0
DA:30,30
DA:31,30
DA:37,30
DA:40,30
DA:43,60
DA:44,0
DA:48,30
DA:49,30
DA:52,30
LF:19
LH:12
BRDA:12,0,0,0
BRDA:12,0,1,0
BRDA:43,1,0,0
BRDA:43,1,1,60
BRDA:49,2,0,30
BRDA:49,2,1,30
BRDA:52,3,0,30
BRDA:52,3,1,30
BRF:8
BRH:5
end_of_record
